[ 2014-12-26T08:40:53+08:00 ] 127.0.0.1 /index.php
SQL: SHOW COLUMNS FROM `wg_course_lunbo` [ RunTime:0.0569s ]
SQL: SELECT `id`,`title`,`subheading`,`url`,`seq`,`create_time`,`uid`,`update_time`,`status` FROM `wg_course_lunbo` WHERE `status` = 1 ORDER BY seq DESC  [ RunTime:0.0179s ]
SQL: SHOW COLUMNS FROM `wg_course` [ RunTime:0.0497s ]
SQL: SELECT `id`,`title`,`status`,`category_id`,`price`,`expiry_day`,`show_student_num_type`,`income`,`lesson_num`,`rating`,`rating_num`,`tags`,`small_picture`,`middle_picture`,`large_picture`,`about`,`student_num`,`uid`,`create_time`,`start_time`,`picture`,`end_time`,`seq`,`publish_status`,`update_time` FROM `wg_course` WHERE `status` IN (1) ORDER BY seq DESC  [ RunTime:0.0007s ]
SQL: SHOW COLUMNS FROM `wg_member` [ RunTime:0.0536s ]
SQL: SELECT `nickname`,`middle_photo` FROM `wg_member` WHERE ( 1=1 AND uid='2' ) LIMIT 1   [ RunTime:0.0276s ]
SQL: SHOW COLUMNS FROM `wg_course_category` [ RunTime:0.0640s ]
SQL: SELECT `title` FROM `wg_course_category` WHERE ( 1=1 AND id='2' ) LIMIT 1   [ RunTime:0.0003s ]
SQL: SHOW COLUMNS FROM `wg_course_lesson` [ RunTime:0.0552s ]
SQL: SELECT `id`,`title` FROM `wg_course_lesson` WHERE ( 1=1 AND cid='41' )  [ RunTime:0.0003s ]
SQL: SELECT `nickname`,`middle_photo` FROM `wg_member` WHERE ( 1=1 AND uid='2' ) LIMIT 1   [ RunTime:0.0003s ]
SQL: SELECT `title` FROM `wg_course_category` WHERE ( 1=1 AND id='2' ) LIMIT 1   [ RunTime:0.0002s ]
SQL: SELECT `id`,`title` FROM `wg_course_lesson` WHERE ( 1=1 AND cid='43' )  [ RunTime:0.0002s ]
SQL: SELECT `nickname`,`middle_photo` FROM `wg_member` WHERE ( 1=1 AND uid='2' ) LIMIT 1   [ RunTime:0.0002s ]
SQL: SELECT `title` FROM `wg_course_category` WHERE ( 1=1 AND id='2' ) LIMIT 1   [ RunTime:0.0002s ]
SQL: SELECT `id`,`title` FROM `wg_course_lesson` WHERE ( 1=1 AND cid='44' )  [ RunTime:0.0002s ]
SQL: SELECT `nickname`,`middle_photo` FROM `wg_member` WHERE ( 1=1 AND uid='2' ) LIMIT 1   [ RunTime:0.0002s ]
SQL: SELECT `title` FROM `wg_course_category` WHERE ( 1=1 AND id='2' ) LIMIT 1   [ RunTime:0.0002s ]
SQL: SELECT `id`,`title` FROM `wg_course_lesson` WHERE ( 1=1 AND cid='45' )  [ RunTime:0.0003s ]
SQL: SELECT `nickname`,`middle_photo` FROM `wg_member` WHERE ( 1=1 AND uid='0' ) LIMIT 1   [ RunTime:0.0002s ]
SQL: SELECT `title` FROM `wg_course_category` WHERE ( 1=1 AND id='2' ) LIMIT 1   [ RunTime:0.0002s ]
SQL: SELECT `id`,`title` FROM `wg_course_lesson` WHERE ( 1=1 AND cid='46' )  [ RunTime:0.0002s ]
INFO: [ view_parse ] --START--
INFO: [ template_filter ] --START--
INFO: Run Behavior\ContentReplaceBehavior [ RunTime:0.000214s ]
INFO: [ template_filter ] --END-- [ RunTime:0.000296s ]
INFO: Run Behavior\ParseTemplateBehavior [ RunTime:0.359679s ]
INFO: [ view_parse ] --END-- [ RunTime:0.359772s ]
INFO: [ view_filter ] --START--
INFO: Run Behavior\WriteHtmlCacheBehavior [ RunTime:0.014709s ]
INFO: [ view_filter ] --END-- [ RunTime:0.014774s ]
INFO: [ app_end ] --START--
INFO: Run Behavior\ShowPageTraceBehavior [ RunTime:0.026218s ]
INFO: [ app_end ] --END-- [ RunTime:0.026387s ]

