[ 2014-12-27T15:35:19+08:00 ] 127.0.0.1 /
SQL: SHOW COLUMNS FROM `wg_course_lunbo` [ RunTime:0.0661s ]
SQL: SELECT `id`,`title`,`subheading`,`url`,`seq`,`create_time`,`uid`,`update_time`,`status` FROM `wg_course_lunbo` WHERE `status` = 1 ORDER BY seq DESC  [ RunTime:0.0005s ]
SQL: SHOW COLUMNS FROM `wg_course` [ RunTime:0.0499s ]
SQL: SELECT `id`,`title`,`status`,`category_id`,`price`,`expiry_day`,`show_student_num_type`,`income`,`lesson_num`,`rating`,`rating_num`,`tags`,`small_picture`,`middle_picture`,`large_picture`,`about`,`student_num`,`uid`,`create_time`,`start_time`,`picture`,`end_time`,`seq`,`publish_status`,`update_time` FROM `wg_course` WHERE `status` IN (1) ORDER BY seq DESC  [ RunTime:0.0007s ]
SQL: SHOW COLUMNS FROM `wg_member` [ RunTime:0.0530s ]
SQL: SELECT `nickname`,`middle_photo` FROM `wg_member` WHERE ( 1=1 AND uid='2' ) LIMIT 1   [ RunTime:0.0004s ]
SQL: SHOW COLUMNS FROM `wg_course_category` [ RunTime:0.0604s ]
SQL: SELECT `title` FROM `wg_course_category` WHERE ( 1=1 AND id='2' ) LIMIT 1   [ RunTime:0.0004s ]
SQL: SHOW COLUMNS FROM `wg_course_lesson` [ RunTime:0.0549s ]
SQL: SELECT `id`,`title` FROM `wg_course_lesson` WHERE ( 1=1 AND cid='41' )  [ RunTime:0.0004s ]
SQL: SELECT `nickname`,`middle_photo` FROM `wg_member` WHERE ( 1=1 AND uid='2' ) LIMIT 1   [ RunTime:0.0003s ]
SQL: SELECT `title` FROM `wg_course_category` WHERE ( 1=1 AND id='2' ) LIMIT 1   [ RunTime:0.0003s ]
SQL: SELECT `id`,`title` FROM `wg_course_lesson` WHERE ( 1=1 AND cid='43' )  [ RunTime:0.0003s ]
SQL: SELECT `nickname`,`middle_photo` FROM `wg_member` WHERE ( 1=1 AND uid='2' ) LIMIT 1   [ RunTime:0.0003s ]
SQL: SELECT `title` FROM `wg_course_category` WHERE ( 1=1 AND id='2' ) LIMIT 1   [ RunTime:0.0002s ]
SQL: SELECT `id`,`title` FROM `wg_course_lesson` WHERE ( 1=1 AND cid='44' )  [ RunTime:0.0003s ]
SQL: SELECT `nickname`,`middle_photo` FROM `wg_member` WHERE ( 1=1 AND uid='2' ) LIMIT 1   [ RunTime:0.0003s ]
SQL: SELECT `title` FROM `wg_course_category` WHERE ( 1=1 AND id='2' ) LIMIT 1   [ RunTime:0.0003s ]
SQL: SELECT `id`,`title` FROM `wg_course_lesson` WHERE ( 1=1 AND cid='45' )  [ RunTime:0.0003s ]
SQL: SELECT `nickname`,`middle_photo` FROM `wg_member` WHERE ( 1=1 AND uid='0' ) LIMIT 1   [ RunTime:0.0002s ]
SQL: SELECT `title` FROM `wg_course_category` WHERE ( 1=1 AND id='2' ) LIMIT 1   [ RunTime:0.0003s ]
SQL: SELECT `id`,`title` FROM `wg_course_lesson` WHERE ( 1=1 AND cid='46' )  [ RunTime:0.0003s ]
INFO: [ view_parse ] --START--
INFO: [ template_filter ] --START--
INFO: Run Behavior\ContentReplaceBehavior [ RunTime:0.000225s ]
INFO: [ template_filter ] --END-- [ RunTime:0.000307s ]
INFO: Run Behavior\ParseTemplateBehavior [ RunTime:0.128192s ]
INFO: [ view_parse ] --END-- [ RunTime:0.128276s ]
INFO: [ view_filter ] --START--
INFO: Run Behavior\WriteHtmlCacheBehavior [ RunTime:0.029641s ]
INFO: [ view_filter ] --END-- [ RunTime:0.029719s ]
INFO: [ app_end ] --START--
INFO: Run Behavior\ShowPageTraceBehavior [ RunTime:0.015156s ]
INFO: [ app_end ] --END-- [ RunTime:0.015287s ]

