[ 2015-01-22T09:03:33+08:00 ] ::1 /
SQL: SHOW COLUMNS FROM `wg_course_lunbo` [ RunTime:0.0035s ]
SQL: SELECT `id`,`title`,`subheading`,`url`,`seq`,`create_time`,`uid`,`update_time`,`status` FROM `wg_course_lunbo` WHERE `status` = 1 ORDER BY seq DESC  [ RunTime:0.0004s ]
SQL: SHOW COLUMNS FROM `wg_course` [ RunTime:0.0048s ]
SQL: SELECT `id`,`title`,`status`,`category_id`,`price`,`expiry_day`,`show_student_num_type`,`income`,`lesson_num`,`rating`,`rating_num`,`tags`,`small_picture`,`middle_picture`,`large_picture`,`about`,`student_num`,`uid`,`create_time`,`start_time`,`picture`,`end_time`,`seq`,`publish_status`,`update_time` FROM `wg_course` WHERE `status` IN (1) ORDER BY seq DESC  [ RunTime:0.0005s ]
SQL: SHOW COLUMNS FROM `wg_member` [ RunTime:0.0046s ]
SQL: SELECT `nickname`,`middle_photo` FROM `wg_member` WHERE ( 1=1 AND uid='1' ) LIMIT 1   [ RunTime:0.0015s ]
SQL: SHOW COLUMNS FROM `wg_course_category` [ RunTime:0.0045s ]
SQL: SELECT `title` FROM `wg_course_category` WHERE ( 1=1 AND id='2' ) LIMIT 1   [ RunTime:0.0008s ]
SQL: SHOW COLUMNS FROM `wg_course_lesson` [ RunTime:0.0037s ]
SQL: SELECT `id`,`title` FROM `wg_course_lesson` WHERE ( 1=1 AND cid='41' )  [ RunTime:0.0005s ]
SQL: SELECT `nickname`,`middle_photo` FROM `wg_member` WHERE ( 1=1 AND uid='1' ) LIMIT 1   [ RunTime:0.0003s ]
SQL: SELECT `title` FROM `wg_course_category` WHERE ( 1=1 AND id='2' ) LIMIT 1   [ RunTime:0.0003s ]
SQL: SELECT `id`,`title` FROM `wg_course_lesson` WHERE ( 1=1 AND cid='43' )  [ RunTime:0.0003s ]
SQL: SELECT `nickname`,`middle_photo` FROM `wg_member` WHERE ( 1=1 AND uid='1' ) LIMIT 1   [ RunTime:0.0004s ]
SQL: SELECT `title` FROM `wg_course_category` WHERE ( 1=1 AND id='2' ) LIMIT 1   [ RunTime:0.0004s ]
SQL: SELECT `id`,`title` FROM `wg_course_lesson` WHERE ( 1=1 AND cid='44' )  [ RunTime:0.0003s ]
SQL: SELECT `nickname`,`middle_photo` FROM `wg_member` WHERE ( 1=1 AND uid='1' ) LIMIT 1   [ RunTime:0.0003s ]
SQL: SELECT `title` FROM `wg_course_category` WHERE ( 1=1 AND id='2' ) LIMIT 1   [ RunTime:0.0003s ]
SQL: SELECT `id`,`title` FROM `wg_course_lesson` WHERE ( 1=1 AND cid='45' )  [ RunTime:0.0003s ]
SQL: SELECT `nickname`,`middle_photo` FROM `wg_member` WHERE ( 1=1 AND uid='1' ) LIMIT 1   [ RunTime:0.0003s ]
SQL: SELECT `title` FROM `wg_course_category` WHERE ( 1=1 AND id='2' ) LIMIT 1   [ RunTime:0.0003s ]
SQL: SELECT `id`,`title` FROM `wg_course_lesson` WHERE ( 1=1 AND cid='46' )  [ RunTime:0.0005s ]
INFO: [ view_parse ] --START--
INFO: [ template_filter ] --START--
INFO: Run Behavior\ContentReplaceBehavior [ RunTime:0.000115s ]
INFO: [ template_filter ] --END-- [ RunTime:0.000203s ]
INFO: Run Behavior\ParseTemplateBehavior [ RunTime:0.046622s ]
INFO: [ view_parse ] --END-- [ RunTime:0.046742s ]
INFO: [ view_filter ] --START--
INFO: Run Behavior\WriteHtmlCacheBehavior [ RunTime:0.000762s ]
INFO: [ view_filter ] --END-- [ RunTime:0.000884s ]
INFO: [ app_end ] --START--
INFO: Run Behavior\ShowPageTraceBehavior [ RunTime:0.001864s ]
INFO: [ app_end ] --END-- [ RunTime:0.002043s ]

[ 2015-01-22T09:03:38+08:00 ] ::1 /index.php?s=/Home/User/login.html
INFO: [ view_parse ] --START--
INFO: [ template_filter ] --START--
INFO: Run Behavior\ContentReplaceBehavior [ RunTime:0.000143s ]
INFO: [ template_filter ] --END-- [ RunTime:0.000263s ]
INFO: Run Behavior\ParseTemplateBehavior [ RunTime:0.022205s ]
INFO: [ view_parse ] --END-- [ RunTime:0.022746s ]
INFO: [ view_filter ] --START--
INFO: Run Behavior\WriteHtmlCacheBehavior [ RunTime:0.000206s ]
INFO: [ view_filter ] --END-- [ RunTime:0.000279s ]
INFO: [ app_end ] --START--
INFO: Run Behavior\ShowPageTraceBehavior [ RunTime:0.001577s ]
INFO: [ app_end ] --END-- [ RunTime:0.001771s ]

[ 2015-01-22T09:03:43+08:00 ] ::1 /index.php?s=/Home/User/login.html
INFO: [ view_parse ] --START--
INFO: [ template_filter ] --START--
INFO: Run Behavior\ContentReplaceBehavior [ RunTime:0.000078s ]
INFO: [ template_filter ] --END-- [ RunTime:0.000151s ]
INFO: Run Behavior\ParseTemplateBehavior [ RunTime:0.020761s ]
INFO: [ view_parse ] --END-- [ RunTime:0.021499s ]
INFO: [ view_filter ] --START--
INFO: Run Behavior\WriteHtmlCacheBehavior [ RunTime:0.000277s ]
INFO: [ view_filter ] --END-- [ RunTime:0.000377s ]
INFO: [ app_end ] --START--
INFO: Run Behavior\ShowPageTraceBehavior [ RunTime:0.001435s ]
INFO: [ app_end ] --END-- [ RunTime:0.001634s ]

[ 2015-01-22T09:03:51+08:00 ] ::1 /index.php?s=/Home/User/login.html
INFO: [ app_begin ] --START--
INFO: Run Behavior\ReadHtmlCacheBehavior [ RunTime:0.000682s ]
INFO: [ app_begin ] --END-- [ RunTime:0.001177s ]
SQL: SHOW COLUMNS FROM `wg_config` [ RunTime:0.0101s ]
SQL: SELECT `type`,`name`,`value` FROM `wg_config` WHERE `status` = 1  [ RunTime:0.0006s ]
SQL: SHOW COLUMNS FROM `wg_ucenter_member` [ RunTime:0.0036s ]
SQL: SELECT * FROM `wg_ucenter_member` WHERE `username` = 'wuwenfu' LIMIT 1   [ RunTime:0.0004s ]

[ 2015-01-22T09:03:58+08:00 ] ::1 /index.php?s=/Home/User/login.html
INFO: [ app_begin ] --START--
INFO: Run Behavior\ReadHtmlCacheBehavior [ RunTime:0.000967s ]
INFO: [ app_begin ] --END-- [ RunTime:0.001669s ]
SQL: SHOW COLUMNS FROM `wg_config` [ RunTime:0.0095s ]
SQL: SELECT `type`,`name`,`value` FROM `wg_config` WHERE `status` = 1  [ RunTime:0.0005s ]
SQL: SHOW COLUMNS FROM `wg_ucenter_member` [ RunTime:0.0018s ]
SQL: SELECT * FROM `wg_ucenter_member` WHERE `username` = 'admin' LIMIT 1   [ RunTime:0.0007s ]
NOTIC: [8] Undefined index: lite /Applications/MAMP/htdocs/trainingsys/ThinkPHP/Library/Think/Db.class.php 第 37 行.
SQL: SHOW COLUMNS FROM `wg_member` [ RunTime:0.0022s ]
SQL: SELECT `uid`,`nickname`,`sex`,`birthday`,`qq`,`score`,`login`,`reg_ip`,`reg_time`,`last_login_ip`,`last_login_time`,`status`,`photo`,`small_photo`,`middle_photo`,`large_photo`,`birth_province`,`birth_city`,`mobile`,`telephone`,`about`,`real_name`,`card`,`univs`,`department`,`profession`,`isTeacher` FROM `wg_member` WHERE `uid` = 1 LIMIT 1   [ RunTime:0.0004s ]
SQL: UPDATE `wg_member` SET `login`=`login`+1,`last_login_time`='1421888638',`last_login_ip`='0' WHERE `uid` = 1 [ RunTime:0.0011s ]
SQL: SHOW COLUMNS FROM `wg_action` [ RunTime:0.0030s ]
SQL: SELECT * FROM `wg_action` WHERE `name` = 'user_login' LIMIT 1   [ RunTime:0.0007s ]
SQL: SHOW COLUMNS FROM `wg_action_log` [ RunTime:0.0033s ]
SQL: INSERT INTO `wg_action_log` (`action_id`,`user_id`,`action_ip`,`model`,`record_id`,`create_time`,`remark`) VALUES ('1','1','0','member','1','1421888638','admin在2015-01-22 09:03登录了后台') [ RunTime:0.0012s ]
SQL: SELECT * FROM `wg_action` WHERE `name` = 'user_login' LIMIT 1   [ RunTime:0.0004s ]
NOTIC: [8] Undefined offset: 1 /Applications/MAMP/htdocs/trainingsys/Application/Common/Common/function.php 第 725 行.
NOTIC: [2] array_key_exists() expects parameter 2 to be array, null given /Applications/MAMP/htdocs/trainingsys/Application/Common/Common/function.php 第 725 行.
SQL: SELECT COUNT(*) AS tp_count FROM `wg_action_log` WHERE `action_id` = 1 AND `user_id` = 1 AND `create_time` > 1421802238 LIMIT 1   [ RunTime:0.0055s ]

[ 2015-01-22T09:03:59+08:00 ] ::1 /index.php?s=/Home/Index/index.html
SQL: SHOW COLUMNS FROM `wg_course_lunbo` [ RunTime:0.0013s ]
SQL: SELECT `id`,`title`,`subheading`,`url`,`seq`,`create_time`,`uid`,`update_time`,`status` FROM `wg_course_lunbo` WHERE `status` = 1 ORDER BY seq DESC  [ RunTime:0.0003s ]
SQL: SHOW COLUMNS FROM `wg_course` [ RunTime:0.0017s ]
SQL: SELECT `id`,`title`,`status`,`category_id`,`price`,`expiry_day`,`show_student_num_type`,`income`,`lesson_num`,`rating`,`rating_num`,`tags`,`small_picture`,`middle_picture`,`large_picture`,`about`,`student_num`,`uid`,`create_time`,`start_time`,`picture`,`end_time`,`seq`,`publish_status`,`update_time` FROM `wg_course` WHERE `status` IN (1) ORDER BY seq DESC  [ RunTime:0.0005s ]
SQL: SHOW COLUMNS FROM `wg_member` [ RunTime:0.0019s ]
SQL: SELECT `nickname`,`middle_photo` FROM `wg_member` WHERE ( 1=1 AND uid='1' ) LIMIT 1   [ RunTime:0.0003s ]
SQL: SHOW COLUMNS FROM `wg_course_category` [ RunTime:0.0023s ]
SQL: SELECT `title` FROM `wg_course_category` WHERE ( 1=1 AND id='2' ) LIMIT 1   [ RunTime:0.0004s ]
SQL: SHOW COLUMNS FROM `wg_course_lesson` [ RunTime:0.0013s ]
SQL: SELECT `id`,`title` FROM `wg_course_lesson` WHERE ( 1=1 AND cid='41' )  [ RunTime:0.0003s ]
SQL: SELECT `nickname`,`middle_photo` FROM `wg_member` WHERE ( 1=1 AND uid='1' ) LIMIT 1   [ RunTime:0.0003s ]
SQL: SELECT `title` FROM `wg_course_category` WHERE ( 1=1 AND id='2' ) LIMIT 1   [ RunTime:0.0003s ]
SQL: SELECT `id`,`title` FROM `wg_course_lesson` WHERE ( 1=1 AND cid='43' )  [ RunTime:0.0003s ]
SQL: SELECT `nickname`,`middle_photo` FROM `wg_member` WHERE ( 1=1 AND uid='1' ) LIMIT 1   [ RunTime:0.0002s ]
SQL: SELECT `title` FROM `wg_course_category` WHERE ( 1=1 AND id='2' ) LIMIT 1   [ RunTime:0.0003s ]
SQL: SELECT `id`,`title` FROM `wg_course_lesson` WHERE ( 1=1 AND cid='44' )  [ RunTime:0.0003s ]
SQL: SELECT `nickname`,`middle_photo` FROM `wg_member` WHERE ( 1=1 AND uid='1' ) LIMIT 1   [ RunTime:0.0003s ]
SQL: SELECT `title` FROM `wg_course_category` WHERE ( 1=1 AND id='2' ) LIMIT 1   [ RunTime:0.0003s ]
SQL: SELECT `id`,`title` FROM `wg_course_lesson` WHERE ( 1=1 AND cid='45' )  [ RunTime:0.0003s ]
SQL: SELECT `nickname`,`middle_photo` FROM `wg_member` WHERE ( 1=1 AND uid='1' ) LIMIT 1   [ RunTime:0.0003s ]
SQL: SELECT `title` FROM `wg_course_category` WHERE ( 1=1 AND id='2' ) LIMIT 1   [ RunTime:0.0002s ]
SQL: SELECT `id`,`title` FROM `wg_course_lesson` WHERE ( 1=1 AND cid='46' )  [ RunTime:0.0002s ]
INFO: [ view_parse ] --START--
INFO: [ template_filter ] --START--
INFO: Run Behavior\ContentReplaceBehavior [ RunTime:0.000099s ]
INFO: [ template_filter ] --END-- [ RunTime:0.000184s ]
INFO: Run Behavior\ParseTemplateBehavior [ RunTime:0.026205s ]
INFO: [ view_parse ] --END-- [ RunTime:0.026278s ]
INFO: [ view_filter ] --START--
INFO: Run Behavior\WriteHtmlCacheBehavior [ RunTime:0.000165s ]
INFO: [ view_filter ] --END-- [ RunTime:0.000216s ]
INFO: [ app_end ] --START--
INFO: Run Behavior\ShowPageTraceBehavior [ RunTime:0.000920s ]
INFO: [ app_end ] --END-- [ RunTime:0.001035s ]

[ 2015-01-22T09:15:25+08:00 ] ::1 /
SQL: SHOW COLUMNS FROM `wg_course_lunbo` [ RunTime:0.0014s ]
SQL: SELECT `id`,`title`,`subheading`,`url`,`seq`,`create_time`,`uid`,`update_time`,`status` FROM `wg_course_lunbo` WHERE `status` = 1 ORDER BY seq DESC  [ RunTime:0.0004s ]
SQL: SHOW COLUMNS FROM `wg_course` [ RunTime:0.0016s ]
SQL: SELECT `id`,`title`,`status`,`category_id`,`price`,`expiry_day`,`show_student_num_type`,`income`,`lesson_num`,`rating`,`rating_num`,`tags`,`small_picture`,`middle_picture`,`large_picture`,`about`,`student_num`,`uid`,`create_time`,`start_time`,`picture`,`end_time`,`seq`,`publish_status`,`update_time` FROM `wg_course` WHERE `status` IN (1) ORDER BY seq DESC  [ RunTime:0.0005s ]
SQL: SHOW COLUMNS FROM `wg_member` [ RunTime:0.0017s ]
SQL: SELECT `nickname`,`middle_photo` FROM `wg_member` WHERE ( 1=1 AND uid='1' ) LIMIT 1   [ RunTime:0.0003s ]
SQL: SHOW COLUMNS FROM `wg_course_category` [ RunTime:0.0020s ]
SQL: SELECT `title` FROM `wg_course_category` WHERE ( 1=1 AND id='2' ) LIMIT 1   [ RunTime:0.0003s ]
SQL: SHOW COLUMNS FROM `wg_course_lesson` [ RunTime:0.0016s ]
SQL: SELECT `id`,`title` FROM `wg_course_lesson` WHERE ( 1=1 AND cid='41' )  [ RunTime:0.0004s ]
SQL: SELECT `nickname`,`middle_photo` FROM `wg_member` WHERE ( 1=1 AND uid='1' ) LIMIT 1   [ RunTime:0.0003s ]
SQL: SELECT `title` FROM `wg_course_category` WHERE ( 1=1 AND id='2' ) LIMIT 1   [ RunTime:0.0004s ]
SQL: SELECT `id`,`title` FROM `wg_course_lesson` WHERE ( 1=1 AND cid='43' )  [ RunTime:0.0003s ]
SQL: SELECT `nickname`,`middle_photo` FROM `wg_member` WHERE ( 1=1 AND uid='1' ) LIMIT 1   [ RunTime:0.0003s ]
SQL: SELECT `title` FROM `wg_course_category` WHERE ( 1=1 AND id='2' ) LIMIT 1   [ RunTime:0.0002s ]
SQL: SELECT `id`,`title` FROM `wg_course_lesson` WHERE ( 1=1 AND cid='44' )  [ RunTime:0.0002s ]
SQL: SELECT `nickname`,`middle_photo` FROM `wg_member` WHERE ( 1=1 AND uid='1' ) LIMIT 1   [ RunTime:0.0003s ]
SQL: SELECT `title` FROM `wg_course_category` WHERE ( 1=1 AND id='2' ) LIMIT 1   [ RunTime:0.0003s ]
SQL: SELECT `id`,`title` FROM `wg_course_lesson` WHERE ( 1=1 AND cid='45' )  [ RunTime:0.0003s ]
SQL: SELECT `nickname`,`middle_photo` FROM `wg_member` WHERE ( 1=1 AND uid='1' ) LIMIT 1   [ RunTime:0.0003s ]
SQL: SELECT `title` FROM `wg_course_category` WHERE ( 1=1 AND id='2' ) LIMIT 1   [ RunTime:0.0003s ]
SQL: SELECT `id`,`title` FROM `wg_course_lesson` WHERE ( 1=1 AND cid='46' )  [ RunTime:0.0003s ]
INFO: [ view_parse ] --START--
INFO: [ template_filter ] --START--
INFO: Run Behavior\ContentReplaceBehavior [ RunTime:0.000093s ]
INFO: [ template_filter ] --END-- [ RunTime:0.000166s ]
INFO: Run Behavior\ParseTemplateBehavior [ RunTime:0.024010s ]
INFO: [ view_parse ] --END-- [ RunTime:0.024121s ]
INFO: [ view_filter ] --START--
INFO: Run Behavior\WriteHtmlCacheBehavior [ RunTime:0.000234s ]
INFO: [ view_filter ] --END-- [ RunTime:0.000293s ]
INFO: [ app_end ] --START--
INFO: Run Behavior\ShowPageTraceBehavior [ RunTime:0.001015s ]
INFO: [ app_end ] --END-- [ RunTime:0.001311s ]

[ 2015-01-22T09:34:24+08:00 ] 127.0.0.1 /
SQL: SHOW COLUMNS FROM `wg_course_lunbo` [ RunTime:0.0023s ]
SQL: SELECT `id`,`title`,`subheading`,`url`,`seq`,`create_time`,`uid`,`update_time`,`status` FROM `wg_course_lunbo` WHERE `status` = 1 ORDER BY seq DESC  [ RunTime:0.0006s ]
SQL: SHOW COLUMNS FROM `wg_course` [ RunTime:0.0022s ]
SQL: SELECT `id`,`title`,`status`,`category_id`,`price`,`expiry_day`,`show_student_num_type`,`income`,`lesson_num`,`rating`,`rating_num`,`tags`,`small_picture`,`middle_picture`,`large_picture`,`about`,`student_num`,`uid`,`create_time`,`start_time`,`picture`,`end_time`,`seq`,`publish_status`,`update_time` FROM `wg_course` WHERE `status` IN (1) ORDER BY seq DESC  [ RunTime:0.0013s ]
SQL: SHOW COLUMNS FROM `wg_member` [ RunTime:0.0019s ]
SQL: SELECT `nickname`,`middle_photo` FROM `wg_member` WHERE ( 1=1 AND uid='1' ) LIMIT 1   [ RunTime:0.0004s ]
SQL: SHOW COLUMNS FROM `wg_course_category` [ RunTime:0.0021s ]
SQL: SELECT `title` FROM `wg_course_category` WHERE ( 1=1 AND id='2' ) LIMIT 1   [ RunTime:0.0005s ]
SQL: SHOW COLUMNS FROM `wg_course_lesson` [ RunTime:0.0016s ]
SQL: SELECT `id`,`title` FROM `wg_course_lesson` WHERE ( 1=1 AND cid='41' )  [ RunTime:0.0003s ]
SQL: SELECT `nickname`,`middle_photo` FROM `wg_member` WHERE ( 1=1 AND uid='1' ) LIMIT 1   [ RunTime:0.0002s ]
SQL: SELECT `title` FROM `wg_course_category` WHERE ( 1=1 AND id='2' ) LIMIT 1   [ RunTime:0.0002s ]
SQL: SELECT `id`,`title` FROM `wg_course_lesson` WHERE ( 1=1 AND cid='43' )  [ RunTime:0.0002s ]
SQL: SELECT `nickname`,`middle_photo` FROM `wg_member` WHERE ( 1=1 AND uid='1' ) LIMIT 1   [ RunTime:0.0002s ]
SQL: SELECT `title` FROM `wg_course_category` WHERE ( 1=1 AND id='2' ) LIMIT 1   [ RunTime:0.0003s ]
SQL: SELECT `id`,`title` FROM `wg_course_lesson` WHERE ( 1=1 AND cid='44' )  [ RunTime:0.0003s ]
SQL: SELECT `nickname`,`middle_photo` FROM `wg_member` WHERE ( 1=1 AND uid='1' ) LIMIT 1   [ RunTime:0.0002s ]
SQL: SELECT `title` FROM `wg_course_category` WHERE ( 1=1 AND id='2' ) LIMIT 1   [ RunTime:0.0002s ]
SQL: SELECT `id`,`title` FROM `wg_course_lesson` WHERE ( 1=1 AND cid='45' )  [ RunTime:0.0002s ]
SQL: SELECT `nickname`,`middle_photo` FROM `wg_member` WHERE ( 1=1 AND uid='1' ) LIMIT 1   [ RunTime:0.0003s ]
SQL: SELECT `title` FROM `wg_course_category` WHERE ( 1=1 AND id='2' ) LIMIT 1   [ RunTime:0.0002s ]
SQL: SELECT `id`,`title` FROM `wg_course_lesson` WHERE ( 1=1 AND cid='46' )  [ RunTime:0.0002s ]
INFO: [ view_parse ] --START--
INFO: [ template_filter ] --START--
INFO: Run Behavior\ContentReplaceBehavior [ RunTime:0.000134s ]
INFO: [ template_filter ] --END-- [ RunTime:0.000239s ]
INFO: Run Behavior\ParseTemplateBehavior [ RunTime:0.027512s ]
INFO: [ view_parse ] --END-- [ RunTime:0.027586s ]
INFO: [ view_filter ] --START--
INFO: Run Behavior\WriteHtmlCacheBehavior [ RunTime:0.000150s ]
INFO: [ view_filter ] --END-- [ RunTime:0.000203s ]
INFO: [ app_end ] --START--
INFO: Run Behavior\ShowPageTraceBehavior [ RunTime:0.000641s ]
INFO: [ app_end ] --END-- [ RunTime:0.000745s ]

[ 2015-01-22T09:34:32+08:00 ] 127.0.0.1 /index.php?s=/Home/Wenti/index.html
SQL: SHOW COLUMNS FROM `wg_document` [ RunTime:0.0036s ]
SQL: SELECT `id`,`uid`,`name`,`title`,`category_id`,`group_id`,`description`,`root`,`pid`,`model_id`,`type`,`position`,`link_id`,`cover_id`,`display`,`deadline`,`attach`,`view`,`comment`,`extend`,`level`,`create_time`,`update_time`,`status` FROM `wg_document` WHERE `status` = 1 AND `pid` = 0 AND `category_id` = 41 AND `create_time` < 1421890471 AND ( deadline = 0 OR deadline > 1421890471 ) ORDER BY `level` DESC  [ RunTime:0.0011s ]
SQL: SHOW COLUMNS FROM `wg_document_article` [ RunTime:0.0029s ]
SQL: SELECT * FROM `wg_document_article` WHERE ( 1=1 AND id='5' ) LIMIT 1   [ RunTime:0.0006s ]
SQL: SHOW COLUMNS FROM `wg_picture` [ RunTime:0.0030s ]
SQL: SELECT * FROM `wg_picture` WHERE ( 1=1 AND id='0' ) LIMIT 1   [ RunTime:0.0003s ]
SQL: SELECT * FROM `wg_document_article` WHERE ( 1=1 AND id='6' ) LIMIT 1   [ RunTime:0.0002s ]
SQL: SELECT * FROM `wg_picture` WHERE ( 1=1 AND id='0' ) LIMIT 1   [ RunTime:0.0002s ]
INFO: [ view_parse ] --START--
INFO: [ template_filter ] --START--
INFO: Run Behavior\ContentReplaceBehavior [ RunTime:0.000159s ]
INFO: [ template_filter ] --END-- [ RunTime:0.000297s ]
INFO: Run Behavior\ParseTemplateBehavior [ RunTime:0.022860s ]
INFO: [ view_parse ] --END-- [ RunTime:0.022949s ]
INFO: [ view_filter ] --START--
INFO: Run Behavior\WriteHtmlCacheBehavior [ RunTime:0.000183s ]
INFO: [ view_filter ] --END-- [ RunTime:0.000253s ]
INFO: [ app_end ] --START--
INFO: Run Behavior\ShowPageTraceBehavior [ RunTime:0.000819s ]
INFO: [ app_end ] --END-- [ RunTime:0.000907s ]

[ 2015-01-22T09:34:38+08:00 ] 127.0.0.1 /index.php?s=/Home/User/login.html
INFO: [ view_parse ] --START--
INFO: [ template_filter ] --START--
INFO: Run Behavior\ContentReplaceBehavior [ RunTime:0.000103s ]
INFO: [ template_filter ] --END-- [ RunTime:0.000196s ]
INFO: Run Behavior\ParseTemplateBehavior [ RunTime:0.019810s ]
INFO: [ view_parse ] --END-- [ RunTime:0.020641s ]
INFO: [ view_filter ] --START--
INFO: Run Behavior\WriteHtmlCacheBehavior [ RunTime:0.000148s ]
INFO: [ view_filter ] --END-- [ RunTime:0.000200s ]
INFO: [ app_end ] --START--
INFO: Run Behavior\ShowPageTraceBehavior [ RunTime:0.000738s ]
INFO: [ app_end ] --END-- [ RunTime:0.000807s ]

[ 2015-01-22T15:34:09+08:00 ] ::1 /
SQL: SHOW COLUMNS FROM `wg_course_lunbo` [ RunTime:0.0025s ]
SQL: SELECT `id`,`title`,`subheading`,`url`,`seq`,`create_time`,`uid`,`update_time`,`status` FROM `wg_course_lunbo` WHERE `status` = 1 ORDER BY seq DESC  [ RunTime:0.0060s ]
SQL: SHOW COLUMNS FROM `wg_course` [ RunTime:0.0027s ]
SQL: SELECT `id`,`title`,`status`,`category_id`,`price`,`expiry_day`,`show_student_num_type`,`income`,`lesson_num`,`rating`,`rating_num`,`tags`,`small_picture`,`middle_picture`,`large_picture`,`about`,`student_num`,`uid`,`create_time`,`start_time`,`picture`,`end_time`,`seq`,`publish_status`,`update_time` FROM `wg_course` WHERE `status` IN (1) ORDER BY seq DESC  [ RunTime:0.0015s ]
SQL: SHOW COLUMNS FROM `wg_member` [ RunTime:0.0023s ]
SQL: SELECT `nickname`,`middle_photo` FROM `wg_member` WHERE ( 1=1 AND uid='1' ) LIMIT 1   [ RunTime:0.0012s ]
SQL: SHOW COLUMNS FROM `wg_course_category` [ RunTime:0.0025s ]
SQL: SELECT `title` FROM `wg_course_category` WHERE ( 1=1 AND id='2' ) LIMIT 1   [ RunTime:0.0018s ]
SQL: SHOW COLUMNS FROM `wg_course_lesson` [ RunTime:0.0018s ]
SQL: SELECT `id`,`title` FROM `wg_course_lesson` WHERE ( 1=1 AND cid='41' )  [ RunTime:0.0003s ]
SQL: SELECT `nickname`,`middle_photo` FROM `wg_member` WHERE ( 1=1 AND uid='1' ) LIMIT 1   [ RunTime:0.0002s ]
SQL: SELECT `title` FROM `wg_course_category` WHERE ( 1=1 AND id='2' ) LIMIT 1   [ RunTime:0.0002s ]
SQL: SELECT `id`,`title` FROM `wg_course_lesson` WHERE ( 1=1 AND cid='43' )  [ RunTime:0.0002s ]
SQL: SELECT `nickname`,`middle_photo` FROM `wg_member` WHERE ( 1=1 AND uid='1' ) LIMIT 1   [ RunTime:0.0002s ]
SQL: SELECT `title` FROM `wg_course_category` WHERE ( 1=1 AND id='2' ) LIMIT 1   [ RunTime:0.0005s ]
SQL: SELECT `id`,`title` FROM `wg_course_lesson` WHERE ( 1=1 AND cid='44' )  [ RunTime:0.0004s ]
SQL: SELECT `nickname`,`middle_photo` FROM `wg_member` WHERE ( 1=1 AND uid='1' ) LIMIT 1   [ RunTime:0.0003s ]
SQL: SELECT `title` FROM `wg_course_category` WHERE ( 1=1 AND id='2' ) LIMIT 1   [ RunTime:0.0005s ]
SQL: SELECT `id`,`title` FROM `wg_course_lesson` WHERE ( 1=1 AND cid='45' )  [ RunTime:0.0002s ]
SQL: SELECT `nickname`,`middle_photo` FROM `wg_member` WHERE ( 1=1 AND uid='1' ) LIMIT 1   [ RunTime:0.0003s ]
SQL: SELECT `title` FROM `wg_course_category` WHERE ( 1=1 AND id='2' ) LIMIT 1   [ RunTime:0.0003s ]
SQL: SELECT `id`,`title` FROM `wg_course_lesson` WHERE ( 1=1 AND cid='46' )  [ RunTime:0.0002s ]
INFO: [ view_parse ] --START--
INFO: [ template_filter ] --START--
INFO: Run Behavior\ContentReplaceBehavior [ RunTime:0.000153s ]
INFO: [ template_filter ] --END-- [ RunTime:0.000284s ]
INFO: Run Behavior\ParseTemplateBehavior [ RunTime:0.041142s ]
INFO: [ view_parse ] --END-- [ RunTime:0.041280s ]
INFO: [ view_filter ] --START--
INFO: Run Behavior\WriteHtmlCacheBehavior [ RunTime:0.000645s ]
INFO: [ view_filter ] --END-- [ RunTime:0.000758s ]
INFO: [ app_end ] --START--
INFO: Run Behavior\ShowPageTraceBehavior [ RunTime:0.001544s ]
INFO: [ app_end ] --END-- [ RunTime:0.001755s ]

[ 2015-01-22T15:35:20+08:00 ] ::1 /
SQL: SHOW COLUMNS FROM `wg_course_lunbo` [ RunTime:0.0018s ]
SQL: SELECT `id`,`title`,`subheading`,`url`,`seq`,`create_time`,`uid`,`update_time`,`status` FROM `wg_course_lunbo` WHERE `status` = 1 ORDER BY seq DESC  [ RunTime:0.0004s ]
SQL: SHOW COLUMNS FROM `wg_course` [ RunTime:0.0017s ]
SQL: SELECT `id`,`title`,`status`,`category_id`,`price`,`expiry_day`,`show_student_num_type`,`income`,`lesson_num`,`rating`,`rating_num`,`tags`,`small_picture`,`middle_picture`,`large_picture`,`about`,`student_num`,`uid`,`create_time`,`start_time`,`picture`,`end_time`,`seq`,`publish_status`,`update_time` FROM `wg_course` WHERE `status` IN (1) ORDER BY seq DESC  [ RunTime:0.0004s ]
SQL: SHOW COLUMNS FROM `wg_member` [ RunTime:0.0020s ]
SQL: SELECT `nickname`,`middle_photo` FROM `wg_member` WHERE ( 1=1 AND uid='1' ) LIMIT 1   [ RunTime:0.0006s ]
SQL: SHOW COLUMNS FROM `wg_course_category` [ RunTime:0.0023s ]
SQL: SELECT `title` FROM `wg_course_category` WHERE ( 1=1 AND id='2' ) LIMIT 1   [ RunTime:0.0003s ]
SQL: SHOW COLUMNS FROM `wg_course_lesson` [ RunTime:0.0013s ]
SQL: SELECT `id`,`title` FROM `wg_course_lesson` WHERE ( 1=1 AND cid='41' )  [ RunTime:0.0003s ]
SQL: SELECT `nickname`,`middle_photo` FROM `wg_member` WHERE ( 1=1 AND uid='1' ) LIMIT 1   [ RunTime:0.0003s ]
SQL: SELECT `title` FROM `wg_course_category` WHERE ( 1=1 AND id='2' ) LIMIT 1   [ RunTime:0.0003s ]
SQL: SELECT `id`,`title` FROM `wg_course_lesson` WHERE ( 1=1 AND cid='43' )  [ RunTime:0.0002s ]
SQL: SELECT `nickname`,`middle_photo` FROM `wg_member` WHERE ( 1=1 AND uid='1' ) LIMIT 1   [ RunTime:0.0002s ]
SQL: SELECT `title` FROM `wg_course_category` WHERE ( 1=1 AND id='2' ) LIMIT 1   [ RunTime:0.0003s ]
SQL: SELECT `id`,`title` FROM `wg_course_lesson` WHERE ( 1=1 AND cid='44' )  [ RunTime:0.0003s ]
SQL: SELECT `nickname`,`middle_photo` FROM `wg_member` WHERE ( 1=1 AND uid='1' ) LIMIT 1   [ RunTime:0.0002s ]
SQL: SELECT `title` FROM `wg_course_category` WHERE ( 1=1 AND id='2' ) LIMIT 1   [ RunTime:0.0002s ]
SQL: SELECT `id`,`title` FROM `wg_course_lesson` WHERE ( 1=1 AND cid='45' )  [ RunTime:0.0002s ]
SQL: SELECT `nickname`,`middle_photo` FROM `wg_member` WHERE ( 1=1 AND uid='1' ) LIMIT 1   [ RunTime:0.0002s ]
SQL: SELECT `title` FROM `wg_course_category` WHERE ( 1=1 AND id='2' ) LIMIT 1   [ RunTime:0.0002s ]
SQL: SELECT `id`,`title` FROM `wg_course_lesson` WHERE ( 1=1 AND cid='46' )  [ RunTime:0.0002s ]
INFO: [ view_parse ] --START--
INFO: [ template_filter ] --START--
INFO: Run Behavior\ContentReplaceBehavior [ RunTime:0.000105s ]
INFO: [ template_filter ] --END-- [ RunTime:0.000185s ]
INFO: Run Behavior\ParseTemplateBehavior [ RunTime:0.030774s ]
INFO: [ view_parse ] --END-- [ RunTime:0.030860s ]
INFO: [ view_filter ] --START--
INFO: Run Behavior\WriteHtmlCacheBehavior [ RunTime:0.000168s ]
INFO: [ view_filter ] --END-- [ RunTime:0.000220s ]
INFO: [ app_end ] --START--
INFO: Run Behavior\ShowPageTraceBehavior [ RunTime:0.000809s ]
INFO: [ app_end ] --END-- [ RunTime:0.001027s ]

[ 2015-01-22T15:48:40+08:00 ] 127.0.0.1 /
SQL: SHOW COLUMNS FROM `wg_course_lunbo` [ RunTime:0.0034s ]
SQL: SELECT `id`,`title`,`subheading`,`url`,`seq`,`create_time`,`uid`,`update_time`,`status` FROM `wg_course_lunbo` WHERE `status` = 1 ORDER BY seq DESC  [ RunTime:0.0010s ]
SQL: SHOW COLUMNS FROM `wg_course` [ RunTime:0.0035s ]
SQL: SELECT `id`,`title`,`status`,`category_id`,`price`,`expiry_day`,`show_student_num_type`,`income`,`lesson_num`,`rating`,`rating_num`,`tags`,`small_picture`,`middle_picture`,`large_picture`,`about`,`student_num`,`uid`,`create_time`,`start_time`,`picture`,`end_time`,`seq`,`publish_status`,`update_time` FROM `wg_course` WHERE `status` IN (1) ORDER BY seq DESC  [ RunTime:0.0012s ]
SQL: SHOW COLUMNS FROM `wg_member` [ RunTime:0.0041s ]
SQL: SELECT `nickname`,`middle_photo` FROM `wg_member` WHERE ( 1=1 AND uid='1' ) LIMIT 1   [ RunTime:0.0006s ]
SQL: SHOW COLUMNS FROM `wg_course_category` [ RunTime:0.0034s ]
SQL: SELECT `title` FROM `wg_course_category` WHERE ( 1=1 AND id='2' ) LIMIT 1   [ RunTime:0.0006s ]
SQL: SHOW COLUMNS FROM `wg_course_lesson` [ RunTime:0.0026s ]
SQL: SELECT `id`,`title` FROM `wg_course_lesson` WHERE ( 1=1 AND cid='41' )  [ RunTime:0.0007s ]
SQL: SELECT `nickname`,`middle_photo` FROM `wg_member` WHERE ( 1=1 AND uid='1' ) LIMIT 1   [ RunTime:0.0006s ]
SQL: SELECT `title` FROM `wg_course_category` WHERE ( 1=1 AND id='2' ) LIMIT 1   [ RunTime:0.0005s ]
SQL: SELECT `id`,`title` FROM `wg_course_lesson` WHERE ( 1=1 AND cid='43' )  [ RunTime:0.0006s ]
SQL: SELECT `nickname`,`middle_photo` FROM `wg_member` WHERE ( 1=1 AND uid='1' ) LIMIT 1   [ RunTime:0.0005s ]
SQL: SELECT `title` FROM `wg_course_category` WHERE ( 1=1 AND id='2' ) LIMIT 1   [ RunTime:0.0005s ]
SQL: SELECT `id`,`title` FROM `wg_course_lesson` WHERE ( 1=1 AND cid='44' )  [ RunTime:0.0007s ]
SQL: SELECT `nickname`,`middle_photo` FROM `wg_member` WHERE ( 1=1 AND uid='1' ) LIMIT 1   [ RunTime:0.0005s ]
SQL: SELECT `title` FROM `wg_course_category` WHERE ( 1=1 AND id='2' ) LIMIT 1   [ RunTime:0.0007s ]
SQL: SELECT `id`,`title` FROM `wg_course_lesson` WHERE ( 1=1 AND cid='45' )  [ RunTime:0.0007s ]
SQL: SELECT `nickname`,`middle_photo` FROM `wg_member` WHERE ( 1=1 AND uid='1' ) LIMIT 1   [ RunTime:0.0006s ]
SQL: SELECT `title` FROM `wg_course_category` WHERE ( 1=1 AND id='2' ) LIMIT 1   [ RunTime:0.0006s ]
SQL: SELECT `id`,`title` FROM `wg_course_lesson` WHERE ( 1=1 AND cid='46' )  [ RunTime:0.0006s ]
INFO: [ view_parse ] --START--
INFO: [ template_filter ] --START--
INFO: Run Behavior\ContentReplaceBehavior [ RunTime:0.000310s ]
INFO: [ template_filter ] --END-- [ RunTime:0.000534s ]
INFO: Run Behavior\ParseTemplateBehavior [ RunTime:0.073503s ]
INFO: [ view_parse ] --END-- [ RunTime:0.073723s ]
INFO: [ view_filter ] --START--
INFO: Run Behavior\WriteHtmlCacheBehavior [ RunTime:0.000477s ]
INFO: [ view_filter ] --END-- [ RunTime:0.000651s ]
INFO: [ app_end ] --START--
INFO: Run Behavior\ShowPageTraceBehavior [ RunTime:0.002088s ]
INFO: [ app_end ] --END-- [ RunTime:0.002327s ]

[ 2015-01-22T15:48:41+08:00 ] 127.0.0.1 /
SQL: SHOW COLUMNS FROM `wg_course_lunbo` [ RunTime:0.0034s ]
SQL: SELECT `id`,`title`,`subheading`,`url`,`seq`,`create_time`,`uid`,`update_time`,`status` FROM `wg_course_lunbo` WHERE `status` = 1 ORDER BY seq DESC  [ RunTime:0.0012s ]
SQL: SHOW COLUMNS FROM `wg_course` [ RunTime:0.0036s ]
SQL: SELECT `id`,`title`,`status`,`category_id`,`price`,`expiry_day`,`show_student_num_type`,`income`,`lesson_num`,`rating`,`rating_num`,`tags`,`small_picture`,`middle_picture`,`large_picture`,`about`,`student_num`,`uid`,`create_time`,`start_time`,`picture`,`end_time`,`seq`,`publish_status`,`update_time` FROM `wg_course` WHERE `status` IN (1) ORDER BY seq DESC  [ RunTime:0.0020s ]
SQL: SHOW COLUMNS FROM `wg_member` [ RunTime:0.0063s ]
SQL: SELECT `nickname`,`middle_photo` FROM `wg_member` WHERE ( 1=1 AND uid='1' ) LIMIT 1   [ RunTime:0.0011s ]
SQL: SHOW COLUMNS FROM `wg_course_category` [ RunTime:0.0058s ]
SQL: SELECT `title` FROM `wg_course_category` WHERE ( 1=1 AND id='2' ) LIMIT 1   [ RunTime:0.0009s ]
SQL: SHOW COLUMNS FROM `wg_course_lesson` [ RunTime:0.0041s ]
SQL: SELECT `id`,`title` FROM `wg_course_lesson` WHERE ( 1=1 AND cid='41' )  [ RunTime:0.0007s ]
SQL: SELECT `nickname`,`middle_photo` FROM `wg_member` WHERE ( 1=1 AND uid='1' ) LIMIT 1   [ RunTime:0.0006s ]
SQL: SELECT `title` FROM `wg_course_category` WHERE ( 1=1 AND id='2' ) LIMIT 1   [ RunTime:0.0008s ]
SQL: SELECT `id`,`title` FROM `wg_course_lesson` WHERE ( 1=1 AND cid='43' )  [ RunTime:0.0011s ]
SQL: SELECT `nickname`,`middle_photo` FROM `wg_member` WHERE ( 1=1 AND uid='1' ) LIMIT 1   [ RunTime:0.0009s ]
SQL: SELECT `title` FROM `wg_course_category` WHERE ( 1=1 AND id='2' ) LIMIT 1   [ RunTime:0.0013s ]
SQL: SELECT `id`,`title` FROM `wg_course_lesson` WHERE ( 1=1 AND cid='44' )  [ RunTime:0.0011s ]
SQL: SELECT `nickname`,`middle_photo` FROM `wg_member` WHERE ( 1=1 AND uid='1' ) LIMIT 1   [ RunTime:0.0006s ]
SQL: SELECT `title` FROM `wg_course_category` WHERE ( 1=1 AND id='2' ) LIMIT 1   [ RunTime:0.0005s ]
SQL: SELECT `id`,`title` FROM `wg_course_lesson` WHERE ( 1=1 AND cid='45' )  [ RunTime:0.0007s ]
SQL: SELECT `nickname`,`middle_photo` FROM `wg_member` WHERE ( 1=1 AND uid='1' ) LIMIT 1   [ RunTime:0.0007s ]
SQL: SELECT `title` FROM `wg_course_category` WHERE ( 1=1 AND id='2' ) LIMIT 1   [ RunTime:0.0007s ]
SQL: SELECT `id`,`title` FROM `wg_course_lesson` WHERE ( 1=1 AND cid='46' )  [ RunTime:0.0014s ]
INFO: [ view_parse ] --START--
INFO: [ template_filter ] --START--
INFO: Run Behavior\ContentReplaceBehavior [ RunTime:0.000504s ]
INFO: [ template_filter ] --END-- [ RunTime:0.001002s ]
INFO: Run Behavior\ParseTemplateBehavior [ RunTime:0.109799s ]
INFO: [ view_parse ] --END-- [ RunTime:0.110146s ]
INFO: [ view_filter ] --START--
INFO: Run Behavior\WriteHtmlCacheBehavior [ RunTime:0.000705s ]
INFO: [ view_filter ] --END-- [ RunTime:0.000922s ]
INFO: [ app_end ] --START--
INFO: Run Behavior\ShowPageTraceBehavior [ RunTime:0.003294s ]
INFO: [ app_end ] --END-- [ RunTime:0.003649s ]

[ 2015-01-22T15:49:12+08:00 ] 127.0.0.1 /
SQL: SHOW COLUMNS FROM `wg_course_lunbo` [ RunTime:0.0027s ]
SQL: SELECT `id`,`title`,`subheading`,`url`,`seq`,`create_time`,`uid`,`update_time`,`status` FROM `wg_course_lunbo` WHERE `status` = 1 ORDER BY seq DESC  [ RunTime:0.0008s ]
SQL: SHOW COLUMNS FROM `wg_course` [ RunTime:0.0033s ]
SQL: SELECT `id`,`title`,`status`,`category_id`,`price`,`expiry_day`,`show_student_num_type`,`income`,`lesson_num`,`rating`,`rating_num`,`tags`,`small_picture`,`middle_picture`,`large_picture`,`about`,`student_num`,`uid`,`create_time`,`start_time`,`picture`,`end_time`,`seq`,`publish_status`,`update_time` FROM `wg_course` WHERE `status` IN (1) ORDER BY seq DESC  [ RunTime:0.0010s ]
SQL: SHOW COLUMNS FROM `wg_member` [ RunTime:0.0035s ]
SQL: SELECT `nickname`,`middle_photo` FROM `wg_member` WHERE ( 1=1 AND uid='1' ) LIMIT 1   [ RunTime:0.0007s ]
SQL: SHOW COLUMNS FROM `wg_course_category` [ RunTime:0.0034s ]
SQL: SELECT `title` FROM `wg_course_category` WHERE ( 1=1 AND id='2' ) LIMIT 1   [ RunTime:0.0006s ]
SQL: SHOW COLUMNS FROM `wg_course_lesson` [ RunTime:0.0026s ]
SQL: SELECT `id`,`title` FROM `wg_course_lesson` WHERE ( 1=1 AND cid='41' )  [ RunTime:0.0006s ]
SQL: SELECT `nickname`,`middle_photo` FROM `wg_member` WHERE ( 1=1 AND uid='1' ) LIMIT 1   [ RunTime:0.0006s ]
SQL: SELECT `title` FROM `wg_course_category` WHERE ( 1=1 AND id='2' ) LIMIT 1   [ RunTime:0.0006s ]
SQL: SELECT `id`,`title` FROM `wg_course_lesson` WHERE ( 1=1 AND cid='43' )  [ RunTime:0.0006s ]
SQL: SELECT `nickname`,`middle_photo` FROM `wg_member` WHERE ( 1=1 AND uid='1' ) LIMIT 1   [ RunTime:0.0005s ]
SQL: SELECT `title` FROM `wg_course_category` WHERE ( 1=1 AND id='2' ) LIMIT 1   [ RunTime:0.0006s ]
SQL: SELECT `id`,`title` FROM `wg_course_lesson` WHERE ( 1=1 AND cid='44' )  [ RunTime:0.0007s ]
SQL: SELECT `nickname`,`middle_photo` FROM `wg_member` WHERE ( 1=1 AND uid='1' ) LIMIT 1   [ RunTime:0.0006s ]
SQL: SELECT `title` FROM `wg_course_category` WHERE ( 1=1 AND id='2' ) LIMIT 1   [ RunTime:0.0005s ]
SQL: SELECT `id`,`title` FROM `wg_course_lesson` WHERE ( 1=1 AND cid='45' )  [ RunTime:0.0006s ]
SQL: SELECT `nickname`,`middle_photo` FROM `wg_member` WHERE ( 1=1 AND uid='1' ) LIMIT 1   [ RunTime:0.0005s ]
SQL: SELECT `title` FROM `wg_course_category` WHERE ( 1=1 AND id='2' ) LIMIT 1   [ RunTime:0.0006s ]
SQL: SELECT `id`,`title` FROM `wg_course_lesson` WHERE ( 1=1 AND cid='46' )  [ RunTime:0.0006s ]
INFO: [ view_parse ] --START--
INFO: [ template_filter ] --START--
INFO: Run Behavior\ContentReplaceBehavior [ RunTime:0.000305s ]
INFO: [ template_filter ] --END-- [ RunTime:0.000527s ]
INFO: Run Behavior\ParseTemplateBehavior [ RunTime:0.072093s ]
INFO: [ view_parse ] --END-- [ RunTime:0.072349s ]
INFO: [ view_filter ] --START--
INFO: Run Behavior\WriteHtmlCacheBehavior [ RunTime:0.000471s ]
INFO: [ view_filter ] --END-- [ RunTime:0.000640s ]
INFO: [ app_end ] --START--
INFO: Run Behavior\ShowPageTraceBehavior [ RunTime:0.001967s ]
INFO: [ app_end ] --END-- [ RunTime:0.002193s ]

[ 2015-01-22T15:53:34+08:00 ] ::1 /index.php?s=/Home/User/logout.html
SQL: SHOW COLUMNS FROM `wg_member` [ RunTime:0.0019s ]
INFO: [ view_parse ] --START--
INFO: [ template_filter ] --START--
INFO: Run Behavior\ContentReplaceBehavior [ RunTime:0.000054s ]
INFO: [ template_filter ] --END-- [ RunTime:0.000135s ]
INFO: Run Behavior\ParseTemplateBehavior [ RunTime:0.011932s ]
INFO: [ view_parse ] --END-- [ RunTime:0.012066s ]
INFO: [ view_filter ] --START--
INFO: Run Behavior\WriteHtmlCacheBehavior [ RunTime:0.000163s ]
INFO: [ view_filter ] --END-- [ RunTime:0.000230s ]
INFO: [ app_end ] --START--
INFO: Run Behavior\ShowPageTraceBehavior [ RunTime:0.000782s ]
INFO: [ app_end ] --END-- [ RunTime:0.000868s ]

[ 2015-01-22T15:53:35+08:00 ] ::1 /index.php?s=/Home/User/login.html
INFO: [ view_parse ] --START--
INFO: [ template_filter ] --START--
INFO: Run Behavior\ContentReplaceBehavior [ RunTime:0.000120s ]
INFO: [ template_filter ] --END-- [ RunTime:0.000235s ]
INFO: Run Behavior\ParseTemplateBehavior [ RunTime:0.022479s ]
INFO: [ view_parse ] --END-- [ RunTime:0.023322s ]
INFO: [ view_filter ] --START--
INFO: Run Behavior\WriteHtmlCacheBehavior [ RunTime:0.000185s ]
INFO: [ view_filter ] --END-- [ RunTime:0.000241s ]
INFO: [ app_end ] --START--
INFO: Run Behavior\ShowPageTraceBehavior [ RunTime:0.000854s ]
INFO: [ app_end ] --END-- [ RunTime:0.001070s ]

[ 2015-01-22T15:56:27+08:00 ] ::1 /index.php?s=/Home/User/login.html
INFO: [ view_parse ] --START--
INFO: [ template_filter ] --START--
INFO: Run Behavior\ContentReplaceBehavior [ RunTime:0.000242s ]
INFO: [ template_filter ] --END-- [ RunTime:0.000351s ]
INFO: Run Behavior\ParseTemplateBehavior [ RunTime:0.034251s ]
INFO: [ view_parse ] --END-- [ RunTime:0.035403s ]
INFO: [ view_filter ] --START--
INFO: Run Behavior\WriteHtmlCacheBehavior [ RunTime:0.000736s ]
INFO: [ view_filter ] --END-- [ RunTime:0.000839s ]
INFO: [ app_end ] --START--
INFO: Run Behavior\ShowPageTraceBehavior [ RunTime:0.001920s ]
INFO: [ app_end ] --END-- [ RunTime:0.002129s ]

[ 2015-01-22T15:57:38+08:00 ] ::1 /index.php?s=/Home/User/login.html
INFO: [ view_parse ] --START--
INFO: [ template_filter ] --START--
INFO: Run Behavior\ContentReplaceBehavior [ RunTime:0.000091s ]
INFO: [ template_filter ] --END-- [ RunTime:0.000168s ]
INFO: Run Behavior\ParseTemplateBehavior [ RunTime:0.016867s ]
INFO: [ view_parse ] --END-- [ RunTime:0.017359s ]
INFO: [ view_filter ] --START--
INFO: Run Behavior\WriteHtmlCacheBehavior [ RunTime:0.000142s ]
INFO: [ view_filter ] --END-- [ RunTime:0.000193s ]
INFO: [ app_end ] --START--
INFO: Run Behavior\ShowPageTraceBehavior [ RunTime:0.000762s ]
INFO: [ app_end ] --END-- [ RunTime:0.000979s ]

[ 2015-01-22T15:58:44+08:00 ] ::1 /index.php?s=/Home/User/login.html
INFO: [ view_parse ] --START--
INFO: [ template_filter ] --START--
INFO: Run Behavior\ContentReplaceBehavior [ RunTime:0.000094s ]
INFO: [ template_filter ] --END-- [ RunTime:0.000173s ]
INFO: Run Behavior\ParseTemplateBehavior [ RunTime:0.017672s ]
INFO: [ view_parse ] --END-- [ RunTime:0.018114s ]
INFO: [ view_filter ] --START--
INFO: Run Behavior\WriteHtmlCacheBehavior [ RunTime:0.000159s ]
INFO: [ view_filter ] --END-- [ RunTime:0.000217s ]
INFO: [ app_end ] --START--
INFO: Run Behavior\ShowPageTraceBehavior [ RunTime:0.000880s ]
INFO: [ app_end ] --END-- [ RunTime:0.000980s ]

[ 2015-01-22T16:00:01+08:00 ] ::1 /index.php?s=/Home/User/login.html
INFO: [ view_parse ] --START--
INFO: [ template_filter ] --START--
INFO: Run Behavior\ContentReplaceBehavior [ RunTime:0.000105s ]
INFO: [ template_filter ] --END-- [ RunTime:0.000202s ]
INFO: Run Behavior\ParseTemplateBehavior [ RunTime:0.021361s ]
INFO: [ view_parse ] --END-- [ RunTime:0.022057s ]
INFO: [ view_filter ] --START--
INFO: Run Behavior\WriteHtmlCacheBehavior [ RunTime:0.000153s ]
INFO: [ view_filter ] --END-- [ RunTime:0.000220s ]
INFO: [ app_end ] --START--
INFO: Run Behavior\ShowPageTraceBehavior [ RunTime:0.000759s ]
INFO: [ app_end ] --END-- [ RunTime:0.000883s ]

[ 2015-01-22T16:01:03+08:00 ] ::1 /index.php?s=/Home/User/login.html
INFO: [ view_parse ] --START--
INFO: [ template_filter ] --START--
INFO: Run Behavior\ContentReplaceBehavior [ RunTime:0.000404s ]
INFO: [ template_filter ] --END-- [ RunTime:0.000514s ]
INFO: Run Behavior\ParseTemplateBehavior [ RunTime:0.022812s ]
INFO: [ view_parse ] --END-- [ RunTime:0.023580s ]
INFO: [ view_filter ] --START--
INFO: Run Behavior\WriteHtmlCacheBehavior [ RunTime:0.000291s ]
INFO: [ view_filter ] --END-- [ RunTime:0.000395s ]
INFO: [ app_end ] --START--
INFO: Run Behavior\ShowPageTraceBehavior [ RunTime:0.001028s ]
INFO: [ app_end ] --END-- [ RunTime:0.001203s ]

[ 2015-01-22T16:02:30+08:00 ] ::1 /index.php?s=/Home/User/login.html
INFO: [ view_parse ] --START--
INFO: [ template_filter ] --START--
INFO: Run Behavior\ContentReplaceBehavior [ RunTime:0.000139s ]
INFO: [ template_filter ] --END-- [ RunTime:0.000243s ]
INFO: Run Behavior\ParseTemplateBehavior [ RunTime:0.034183s ]
INFO: [ view_parse ] --END-- [ RunTime:0.035249s ]
INFO: [ view_filter ] --START--
INFO: Run Behavior\WriteHtmlCacheBehavior [ RunTime:0.000621s ]
INFO: [ view_filter ] --END-- [ RunTime:0.000725s ]
INFO: [ app_end ] --START--
INFO: Run Behavior\ShowPageTraceBehavior [ RunTime:0.001705s ]
INFO: [ app_end ] --END-- [ RunTime:0.001820s ]

[ 2015-01-22T16:02:42+08:00 ] 127.0.0.1 /
SQL: SHOW COLUMNS FROM `wg_course_lunbo` [ RunTime:0.0098s ]
SQL: SELECT `id`,`title`,`subheading`,`url`,`seq`,`create_time`,`uid`,`update_time`,`status` FROM `wg_course_lunbo` WHERE `status` = 1 ORDER BY seq DESC  [ RunTime:0.0005s ]
SQL: SHOW COLUMNS FROM `wg_course` [ RunTime:0.0033s ]
SQL: SELECT `id`,`title`,`status`,`category_id`,`price`,`expiry_day`,`show_student_num_type`,`income`,`lesson_num`,`rating`,`rating_num`,`tags`,`small_picture`,`middle_picture`,`large_picture`,`about`,`student_num`,`uid`,`create_time`,`start_time`,`picture`,`end_time`,`seq`,`publish_status`,`update_time` FROM `wg_course` WHERE `status` IN (1) ORDER BY seq DESC  [ RunTime:0.0006s ]
SQL: SHOW COLUMNS FROM `wg_member` [ RunTime:0.0027s ]
SQL: SELECT `nickname`,`middle_photo` FROM `wg_member` WHERE ( 1=1 AND uid='1' ) LIMIT 1   [ RunTime:0.0006s ]
SQL: SHOW COLUMNS FROM `wg_course_category` [ RunTime:0.0018s ]
SQL: SELECT `title` FROM `wg_course_category` WHERE ( 1=1 AND id='2' ) LIMIT 1   [ RunTime:0.0005s ]
SQL: SHOW COLUMNS FROM `wg_course_lesson` [ RunTime:0.0014s ]
SQL: SELECT `id`,`title` FROM `wg_course_lesson` WHERE ( 1=1 AND cid='41' )  [ RunTime:0.0004s ]
SQL: SELECT `nickname`,`middle_photo` FROM `wg_member` WHERE ( 1=1 AND uid='1' ) LIMIT 1   [ RunTime:0.0004s ]
SQL: SELECT `title` FROM `wg_course_category` WHERE ( 1=1 AND id='2' ) LIMIT 1   [ RunTime:0.0002s ]
SQL: SELECT `id`,`title` FROM `wg_course_lesson` WHERE ( 1=1 AND cid='43' )  [ RunTime:0.0003s ]
SQL: SELECT `nickname`,`middle_photo` FROM `wg_member` WHERE ( 1=1 AND uid='1' ) LIMIT 1   [ RunTime:0.0002s ]
SQL: SELECT `title` FROM `wg_course_category` WHERE ( 1=1 AND id='2' ) LIMIT 1   [ RunTime:0.0002s ]
SQL: SELECT `id`,`title` FROM `wg_course_lesson` WHERE ( 1=1 AND cid='44' )  [ RunTime:0.0002s ]
SQL: SELECT `nickname`,`middle_photo` FROM `wg_member` WHERE ( 1=1 AND uid='1' ) LIMIT 1   [ RunTime:0.0003s ]
SQL: SELECT `title` FROM `wg_course_category` WHERE ( 1=1 AND id='2' ) LIMIT 1   [ RunTime:0.0002s ]
SQL: SELECT `id`,`title` FROM `wg_course_lesson` WHERE ( 1=1 AND cid='45' )  [ RunTime:0.0002s ]
SQL: SELECT `nickname`,`middle_photo` FROM `wg_member` WHERE ( 1=1 AND uid='1' ) LIMIT 1   [ RunTime:0.0002s ]
SQL: SELECT `title` FROM `wg_course_category` WHERE ( 1=1 AND id='2' ) LIMIT 1   [ RunTime:0.0002s ]
SQL: SELECT `id`,`title` FROM `wg_course_lesson` WHERE ( 1=1 AND cid='46' )  [ RunTime:0.0002s ]
INFO: [ view_parse ] --START--
INFO: [ template_filter ] --START--
INFO: Run Behavior\ContentReplaceBehavior [ RunTime:0.000102s ]
INFO: [ template_filter ] --END-- [ RunTime:0.000196s ]
INFO: Run Behavior\ParseTemplateBehavior [ RunTime:0.042639s ]
INFO: [ view_parse ] --END-- [ RunTime:0.042736s ]
INFO: [ view_filter ] --START--
INFO: Run Behavior\WriteHtmlCacheBehavior [ RunTime:0.000796s ]
INFO: [ view_filter ] --END-- [ RunTime:0.000889s ]
INFO: [ app_end ] --START--
INFO: Run Behavior\ShowPageTraceBehavior [ RunTime:0.001195s ]
INFO: [ app_end ] --END-- [ RunTime:0.001302s ]

[ 2015-01-22T16:04:12+08:00 ] ::1 /index.php?s=/Home/User/login.html
INFO: [ view_parse ] --START--
INFO: [ template_filter ] --START--
INFO: Run Behavior\ContentReplaceBehavior [ RunTime:0.000095s ]
INFO: [ template_filter ] --END-- [ RunTime:0.000168s ]
INFO: Run Behavior\ParseTemplateBehavior [ RunTime:0.021050s ]
INFO: [ view_parse ] --END-- [ RunTime:0.021524s ]
INFO: [ view_filter ] --START--
INFO: Run Behavior\WriteHtmlCacheBehavior [ RunTime:0.000135s ]
INFO: [ view_filter ] --END-- [ RunTime:0.000187s ]
INFO: [ app_end ] --START--
INFO: Run Behavior\ShowPageTraceBehavior [ RunTime:0.000731s ]
INFO: [ app_end ] --END-- [ RunTime:0.000827s ]

[ 2015-01-22T16:04:45+08:00 ] ::1 /index.php?s=/Home/User/login.html
INFO: [ view_parse ] --START--
INFO: [ template_filter ] --START--
INFO: Run Behavior\ContentReplaceBehavior [ RunTime:0.000190s ]
INFO: [ template_filter ] --END-- [ RunTime:0.000329s ]
INFO: Run Behavior\ParseTemplateBehavior [ RunTime:0.022776s ]
INFO: [ view_parse ] --END-- [ RunTime:0.023357s ]
INFO: [ view_filter ] --START--
INFO: Run Behavior\WriteHtmlCacheBehavior [ RunTime:0.000198s ]
INFO: [ view_filter ] --END-- [ RunTime:0.000269s ]
INFO: [ app_end ] --START--
INFO: Run Behavior\ShowPageTraceBehavior [ RunTime:0.001322s ]
INFO: [ app_end ] --END-- [ RunTime:0.001453s ]

[ 2015-01-22T16:06:03+08:00 ] ::1 /index.php?s=/Home/User/login.html
INFO: [ view_parse ] --START--
INFO: [ template_filter ] --START--
INFO: Run Behavior\ContentReplaceBehavior [ RunTime:0.000180s ]
INFO: [ template_filter ] --END-- [ RunTime:0.000318s ]
INFO: Run Behavior\ParseTemplateBehavior [ RunTime:0.028713s ]
INFO: [ view_parse ] --END-- [ RunTime:0.029615s ]
INFO: [ view_filter ] --START--
INFO: Run Behavior\WriteHtmlCacheBehavior [ RunTime:0.000274s ]
INFO: [ view_filter ] --END-- [ RunTime:0.000374s ]
INFO: [ app_end ] --START--
INFO: Run Behavior\ShowPageTraceBehavior [ RunTime:0.001424s ]
INFO: [ app_end ] --END-- [ RunTime:0.001873s ]

[ 2015-01-22T16:07:02+08:00 ] ::1 /index.php?s=/Home/User/login.html
INFO: [ view_parse ] --START--
INFO: [ template_filter ] --START--
INFO: Run Behavior\ContentReplaceBehavior [ RunTime:0.000111s ]
INFO: [ template_filter ] --END-- [ RunTime:0.000205s ]
INFO: Run Behavior\ParseTemplateBehavior [ RunTime:0.017913s ]
INFO: [ view_parse ] --END-- [ RunTime:0.018444s ]
INFO: [ view_filter ] --START--
INFO: Run Behavior\WriteHtmlCacheBehavior [ RunTime:0.000297s ]
INFO: [ view_filter ] --END-- [ RunTime:0.000397s ]
INFO: [ app_end ] --START--
INFO: Run Behavior\ShowPageTraceBehavior [ RunTime:0.001198s ]
INFO: [ app_end ] --END-- [ RunTime:0.001535s ]

[ 2015-01-22T16:07:56+08:00 ] ::1 /index.php?s=/Home/User/login.html
INFO: [ view_parse ] --START--
INFO: [ template_filter ] --START--
INFO: Run Behavior\ContentReplaceBehavior [ RunTime:0.000084s ]
INFO: [ template_filter ] --END-- [ RunTime:0.000154s ]
INFO: Run Behavior\ParseTemplateBehavior [ RunTime:0.016680s ]
INFO: [ view_parse ] --END-- [ RunTime:0.017281s ]
INFO: [ view_filter ] --START--
INFO: Run Behavior\WriteHtmlCacheBehavior [ RunTime:0.000150s ]
INFO: [ view_filter ] --END-- [ RunTime:0.000202s ]
INFO: [ app_end ] --START--
INFO: Run Behavior\ShowPageTraceBehavior [ RunTime:0.000777s ]
INFO: [ app_end ] --END-- [ RunTime:0.000909s ]

[ 2015-01-22T16:08:26+08:00 ] ::1 /index.php?s=/Home/User/login.html
INFO: [ view_parse ] --START--
INFO: [ template_filter ] --START--
INFO: Run Behavior\ContentReplaceBehavior [ RunTime:0.000109s ]
INFO: [ template_filter ] --END-- [ RunTime:0.000200s ]
INFO: Run Behavior\ParseTemplateBehavior [ RunTime:0.023584s ]
INFO: [ view_parse ] --END-- [ RunTime:0.024272s ]
INFO: [ view_filter ] --START--
INFO: Run Behavior\WriteHtmlCacheBehavior [ RunTime:0.000135s ]
INFO: [ view_filter ] --END-- [ RunTime:0.000186s ]
INFO: [ app_end ] --START--
INFO: Run Behavior\ShowPageTraceBehavior [ RunTime:0.000728s ]
INFO: [ app_end ] --END-- [ RunTime:0.000823s ]

[ 2015-01-22T16:08:47+08:00 ] ::1 /index.php?s=/Home/User/login.html
INFO: [ view_parse ] --START--
INFO: [ template_filter ] --START--
INFO: Run Behavior\ContentReplaceBehavior [ RunTime:0.000096s ]
INFO: [ template_filter ] --END-- [ RunTime:0.000170s ]
INFO: Run Behavior\ParseTemplateBehavior [ RunTime:0.018450s ]
INFO: [ view_parse ] --END-- [ RunTime:0.019202s ]
INFO: [ view_filter ] --START--
INFO: Run Behavior\WriteHtmlCacheBehavior [ RunTime:0.000141s ]
INFO: [ view_filter ] --END-- [ RunTime:0.000192s ]
INFO: [ app_end ] --START--
INFO: Run Behavior\ShowPageTraceBehavior [ RunTime:0.000805s ]
INFO: [ app_end ] --END-- [ RunTime:0.000961s ]

[ 2015-01-22T16:09:50+08:00 ] ::1 /index.php?s=/Home/User/login.html
INFO: [ view_parse ] --START--
INFO: [ template_filter ] --START--
INFO: Run Behavior\ContentReplaceBehavior [ RunTime:0.000145s ]
INFO: [ template_filter ] --END-- [ RunTime:0.000242s ]
INFO: Run Behavior\ParseTemplateBehavior [ RunTime:0.030022s ]
INFO: [ view_parse ] --END-- [ RunTime:0.030928s ]
INFO: [ view_filter ] --START--
INFO: Run Behavior\WriteHtmlCacheBehavior [ RunTime:0.000493s ]
INFO: [ view_filter ] --END-- [ RunTime:0.000566s ]
INFO: [ app_end ] --START--
INFO: Run Behavior\ShowPageTraceBehavior [ RunTime:0.001565s ]
INFO: [ app_end ] --END-- [ RunTime:0.001667s ]

[ 2015-01-22T16:10:23+08:00 ] ::1 /index.php?s=/Home/User/login.html
INFO: [ view_parse ] --START--
INFO: [ template_filter ] --START--
INFO: Run Behavior\ContentReplaceBehavior [ RunTime:0.000140s ]
INFO: [ template_filter ] --END-- [ RunTime:0.000229s ]
INFO: Run Behavior\ParseTemplateBehavior [ RunTime:0.019238s ]
INFO: [ view_parse ] --END-- [ RunTime:0.019978s ]
INFO: [ view_filter ] --START--
INFO: Run Behavior\WriteHtmlCacheBehavior [ RunTime:0.000214s ]
INFO: [ view_filter ] --END-- [ RunTime:0.000283s ]
INFO: [ app_end ] --START--
INFO: Run Behavior\ShowPageTraceBehavior [ RunTime:0.000916s ]
INFO: [ app_end ] --END-- [ RunTime:0.001028s ]

[ 2015-01-22T16:10:33+08:00 ] ::1 /index.php?s=/Home/User/login.html
INFO: [ view_parse ] --START--
INFO: [ template_filter ] --START--
INFO: Run Behavior\ContentReplaceBehavior [ RunTime:0.000083s ]
INFO: [ template_filter ] --END-- [ RunTime:0.000155s ]
INFO: Run Behavior\ParseTemplateBehavior [ RunTime:0.019384s ]
INFO: [ view_parse ] --END-- [ RunTime:0.020022s ]
INFO: [ view_filter ] --START--
INFO: Run Behavior\WriteHtmlCacheBehavior [ RunTime:0.000137s ]
INFO: [ view_filter ] --END-- [ RunTime:0.000187s ]
INFO: [ app_end ] --START--
INFO: Run Behavior\ShowPageTraceBehavior [ RunTime:0.001047s ]
INFO: [ app_end ] --END-- [ RunTime:0.001187s ]

[ 2015-01-22T16:10:56+08:00 ] ::1 /index.php?s=/Home/User/login.html
INFO: [ view_parse ] --START--
INFO: [ template_filter ] --START--
INFO: Run Behavior\ContentReplaceBehavior [ RunTime:0.000138s ]
INFO: [ template_filter ] --END-- [ RunTime:0.000236s ]
INFO: Run Behavior\ParseTemplateBehavior [ RunTime:0.022689s ]
INFO: [ view_parse ] --END-- [ RunTime:0.023397s ]
INFO: [ view_filter ] --START--
INFO: Run Behavior\WriteHtmlCacheBehavior [ RunTime:0.000183s ]
INFO: [ view_filter ] --END-- [ RunTime:0.000251s ]
INFO: [ app_end ] --START--
INFO: Run Behavior\ShowPageTraceBehavior [ RunTime:0.000882s ]
INFO: [ app_end ] --END-- [ RunTime:0.001204s ]

[ 2015-01-22T16:11:33+08:00 ] ::1 /index.php?s=/Home/User/login.html
INFO: [ view_parse ] --START--
INFO: [ template_filter ] --START--
INFO: Run Behavior\ContentReplaceBehavior [ RunTime:0.000097s ]
INFO: [ template_filter ] --END-- [ RunTime:0.000177s ]
INFO: Run Behavior\ParseTemplateBehavior [ RunTime:0.018065s ]
INFO: [ view_parse ] --END-- [ RunTime:0.018587s ]
INFO: [ view_filter ] --START--
INFO: Run Behavior\WriteHtmlCacheBehavior [ RunTime:0.000151s ]
INFO: [ view_filter ] --END-- [ RunTime:0.000203s ]
INFO: [ app_end ] --START--
INFO: Run Behavior\ShowPageTraceBehavior [ RunTime:0.000803s ]
INFO: [ app_end ] --END-- [ RunTime:0.000899s ]

[ 2015-01-22T16:11:47+08:00 ] ::1 /index.php?s=/Home/User/login.html
INFO: [ view_parse ] --START--
INFO: [ template_filter ] --START--
INFO: Run Behavior\ContentReplaceBehavior [ RunTime:0.000088s ]
INFO: [ template_filter ] --END-- [ RunTime:0.000165s ]
INFO: Run Behavior\ParseTemplateBehavior [ RunTime:0.021204s ]
INFO: [ view_parse ] --END-- [ RunTime:0.021997s ]
INFO: [ view_filter ] --START--
INFO: Run Behavior\WriteHtmlCacheBehavior [ RunTime:0.000148s ]
INFO: [ view_filter ] --END-- [ RunTime:0.000198s ]
INFO: [ app_end ] --START--
INFO: Run Behavior\ShowPageTraceBehavior [ RunTime:0.000762s ]
INFO: [ app_end ] --END-- [ RunTime:0.000854s ]

[ 2015-01-22T16:12:32+08:00 ] ::1 /index.php?s=/Home/User/login.html
INFO: [ view_parse ] --START--
INFO: [ template_filter ] --START--
INFO: Run Behavior\ContentReplaceBehavior [ RunTime:0.000084s ]
INFO: [ template_filter ] --END-- [ RunTime:0.000156s ]
INFO: Run Behavior\ParseTemplateBehavior [ RunTime:0.017989s ]
INFO: [ view_parse ] --END-- [ RunTime:0.018751s ]
INFO: [ view_filter ] --START--
INFO: Run Behavior\WriteHtmlCacheBehavior [ RunTime:0.000134s ]
INFO: [ view_filter ] --END-- [ RunTime:0.000185s ]
INFO: [ app_end ] --START--
INFO: Run Behavior\ShowPageTraceBehavior [ RunTime:0.000799s ]
INFO: [ app_end ] --END-- [ RunTime:0.000899s ]

[ 2015-01-22T16:12:45+08:00 ] ::1 /index.php?s=/Home/User/login.html
INFO: [ view_parse ] --START--
INFO: [ template_filter ] --START--
INFO: Run Behavior\ContentReplaceBehavior [ RunTime:0.000089s ]
INFO: [ template_filter ] --END-- [ RunTime:0.000165s ]
INFO: Run Behavior\ParseTemplateBehavior [ RunTime:0.017617s ]
INFO: [ view_parse ] --END-- [ RunTime:0.018037s ]
INFO: [ view_filter ] --START--
INFO: Run Behavior\WriteHtmlCacheBehavior [ RunTime:0.000141s ]
INFO: [ view_filter ] --END-- [ RunTime:0.000192s ]
INFO: [ app_end ] --START--
INFO: Run Behavior\ShowPageTraceBehavior [ RunTime:0.000752s ]
INFO: [ app_end ] --END-- [ RunTime:0.000947s ]

[ 2015-01-22T16:13:51+08:00 ] ::1 /index.php?s=/Home/User/login.html
INFO: [ view_parse ] --START--
INFO: [ template_filter ] --START--
INFO: Run Behavior\ContentReplaceBehavior [ RunTime:0.000115s ]
INFO: [ template_filter ] --END-- [ RunTime:0.000212s ]
INFO: Run Behavior\ParseTemplateBehavior [ RunTime:0.021862s ]
INFO: [ view_parse ] --END-- [ RunTime:0.022392s ]
INFO: [ view_filter ] --START--
INFO: Run Behavior\WriteHtmlCacheBehavior [ RunTime:0.000149s ]
INFO: [ view_filter ] --END-- [ RunTime:0.000210s ]
INFO: [ app_end ] --START--
INFO: Run Behavior\ShowPageTraceBehavior [ RunTime:0.000799s ]
INFO: [ app_end ] --END-- [ RunTime:0.000965s ]

[ 2015-01-22T16:14:06+08:00 ] ::1 /index.php?s=/Home/User/login.html
INFO: [ view_parse ] --START--
INFO: [ template_filter ] --START--
INFO: Run Behavior\ContentReplaceBehavior [ RunTime:0.000085s ]
INFO: [ template_filter ] --END-- [ RunTime:0.000151s ]
INFO: Run Behavior\ParseTemplateBehavior [ RunTime:0.018997s ]
INFO: [ view_parse ] --END-- [ RunTime:0.019699s ]
INFO: [ view_filter ] --START--
INFO: Run Behavior\WriteHtmlCacheBehavior [ RunTime:0.000159s ]
INFO: [ view_filter ] --END-- [ RunTime:0.000212s ]
INFO: [ app_end ] --START--
INFO: Run Behavior\ShowPageTraceBehavior [ RunTime:0.000744s ]
INFO: [ app_end ] --END-- [ RunTime:0.001033s ]

[ 2015-01-22T16:14:27+08:00 ] ::1 /index.php?s=/Home/User/login.html
INFO: [ view_parse ] --START--
INFO: [ template_filter ] --START--
INFO: Run Behavior\ContentReplaceBehavior [ RunTime:0.000085s ]
INFO: [ template_filter ] --END-- [ RunTime:0.000157s ]
INFO: Run Behavior\ParseTemplateBehavior [ RunTime:0.023103s ]
INFO: [ view_parse ] --END-- [ RunTime:0.023788s ]
INFO: [ view_filter ] --START--
INFO: Run Behavior\WriteHtmlCacheBehavior [ RunTime:0.000177s ]
INFO: [ view_filter ] --END-- [ RunTime:0.000230s ]
INFO: [ app_end ] --START--
INFO: Run Behavior\ShowPageTraceBehavior [ RunTime:0.000740s ]
INFO: [ app_end ] --END-- [ RunTime:0.000839s ]

[ 2015-01-22T16:14:48+08:00 ] ::1 /index.php?s=/Home/User/login.html
INFO: [ view_parse ] --START--
INFO: [ template_filter ] --START--
INFO: Run Behavior\ContentReplaceBehavior [ RunTime:0.000119s ]
INFO: [ template_filter ] --END-- [ RunTime:0.000220s ]
INFO: Run Behavior\ParseTemplateBehavior [ RunTime:0.031163s ]
INFO: [ view_parse ] --END-- [ RunTime:0.032137s ]
INFO: [ view_filter ] --START--
INFO: Run Behavior\WriteHtmlCacheBehavior [ RunTime:0.000504s ]
INFO: [ view_filter ] --END-- [ RunTime:0.000582s ]
INFO: [ app_end ] --START--
INFO: Run Behavior\ShowPageTraceBehavior [ RunTime:0.001656s ]
INFO: [ app_end ] --END-- [ RunTime:0.001773s ]

[ 2015-01-22T16:16:30+08:00 ] ::1 /index.php?s=/Home/User/login.html
INFO: [ view_parse ] --START--
INFO: [ template_filter ] --START--
INFO: Run Behavior\ContentReplaceBehavior [ RunTime:0.000112s ]
INFO: [ template_filter ] --END-- [ RunTime:0.000205s ]
INFO: Run Behavior\ParseTemplateBehavior [ RunTime:0.026983s ]
INFO: [ view_parse ] --END-- [ RunTime:0.027791s ]
INFO: [ view_filter ] --START--
INFO: Run Behavior\WriteHtmlCacheBehavior [ RunTime:0.000192s ]
INFO: [ view_filter ] --END-- [ RunTime:0.000260s ]
INFO: [ app_end ] --START--
INFO: Run Behavior\ShowPageTraceBehavior [ RunTime:0.001041s ]
INFO: [ app_end ] --END-- [ RunTime:0.001191s ]

[ 2015-01-22T16:16:44+08:00 ] ::1 /index.php?s=/Home/User/login.html
INFO: [ view_parse ] --START--
INFO: [ template_filter ] --START--
INFO: Run Behavior\ContentReplaceBehavior [ RunTime:0.000160s ]
INFO: [ template_filter ] --END-- [ RunTime:0.000292s ]
INFO: Run Behavior\ParseTemplateBehavior [ RunTime:0.022883s ]
INFO: [ view_parse ] --END-- [ RunTime:0.023616s ]
INFO: [ view_filter ] --START--
INFO: Run Behavior\WriteHtmlCacheBehavior [ RunTime:0.000183s ]
INFO: [ view_filter ] --END-- [ RunTime:0.000252s ]
INFO: [ app_end ] --START--
INFO: Run Behavior\ShowPageTraceBehavior [ RunTime:0.000976s ]
INFO: [ app_end ] --END-- [ RunTime:0.001096s ]

[ 2015-01-22T16:17:19+08:00 ] ::1 /index.php?s=/Home/User/login.html
INFO: [ view_parse ] --START--
INFO: [ template_filter ] --START--
INFO: Run Behavior\ContentReplaceBehavior [ RunTime:0.000085s ]
INFO: [ template_filter ] --END-- [ RunTime:0.000152s ]
INFO: Run Behavior\ParseTemplateBehavior [ RunTime:0.019060s ]
INFO: [ view_parse ] --END-- [ RunTime:0.019752s ]
INFO: [ view_filter ] --START--
INFO: Run Behavior\WriteHtmlCacheBehavior [ RunTime:0.000136s ]
INFO: [ view_filter ] --END-- [ RunTime:0.000187s ]
INFO: [ app_end ] --START--
INFO: Run Behavior\ShowPageTraceBehavior [ RunTime:0.000724s ]
INFO: [ app_end ] --END-- [ RunTime:0.001053s ]

[ 2015-01-22T16:17:40+08:00 ] ::1 /index.php?s=/Home/User/login.html
INFO: [ view_parse ] --START--
INFO: [ template_filter ] --START--
INFO: Run Behavior\ContentReplaceBehavior [ RunTime:0.000086s ]
INFO: [ template_filter ] --END-- [ RunTime:0.000156s ]
INFO: Run Behavior\ParseTemplateBehavior [ RunTime:0.018871s ]
INFO: [ view_parse ] --END-- [ RunTime:0.019583s ]
INFO: [ view_filter ] --START--
INFO: Run Behavior\WriteHtmlCacheBehavior [ RunTime:0.000166s ]
INFO: [ view_filter ] --END-- [ RunTime:0.000225s ]
INFO: [ app_end ] --START--
INFO: Run Behavior\ShowPageTraceBehavior [ RunTime:0.000788s ]
INFO: [ app_end ] --END-- [ RunTime:0.000945s ]

[ 2015-01-22T16:17:55+08:00 ] ::1 /index.php?s=/Home/User/login.html
INFO: [ view_parse ] --START--
INFO: [ template_filter ] --START--
INFO: Run Behavior\ContentReplaceBehavior [ RunTime:0.000086s ]
INFO: [ template_filter ] --END-- [ RunTime:0.000159s ]
INFO: Run Behavior\ParseTemplateBehavior [ RunTime:0.023853s ]
INFO: [ view_parse ] --END-- [ RunTime:0.024782s ]
INFO: [ view_filter ] --START--
INFO: Run Behavior\WriteHtmlCacheBehavior [ RunTime:0.000685s ]
INFO: [ view_filter ] --END-- [ RunTime:0.000800s ]
INFO: [ app_end ] --START--
INFO: Run Behavior\ShowPageTraceBehavior [ RunTime:0.001691s ]
INFO: [ app_end ] --END-- [ RunTime:0.001841s ]

[ 2015-01-22T16:19:28+08:00 ] ::1 /index.php?s=/Home/User/login.html
INFO: [ view_parse ] --START--
INFO: [ template_filter ] --START--
INFO: Run Behavior\ContentReplaceBehavior [ RunTime:0.000116s ]
INFO: [ template_filter ] --END-- [ RunTime:0.000214s ]
INFO: Run Behavior\ParseTemplateBehavior [ RunTime:0.021765s ]
INFO: [ view_parse ] --END-- [ RunTime:0.022325s ]
INFO: [ view_filter ] --START--
INFO: Run Behavior\WriteHtmlCacheBehavior [ RunTime:0.000147s ]
INFO: [ view_filter ] --END-- [ RunTime:0.000197s ]
INFO: [ app_end ] --START--
INFO: Run Behavior\ShowPageTraceBehavior [ RunTime:0.000821s ]
INFO: [ app_end ] --END-- [ RunTime:0.000918s ]

[ 2015-01-22T16:20:01+08:00 ] ::1 /index.php?s=/Home/User/login.html
INFO: [ view_parse ] --START--
INFO: [ template_filter ] --START--
INFO: Run Behavior\ContentReplaceBehavior [ RunTime:0.000096s ]
INFO: [ template_filter ] --END-- [ RunTime:0.000179s ]
INFO: Run Behavior\ParseTemplateBehavior [ RunTime:0.020929s ]
INFO: [ view_parse ] --END-- [ RunTime:0.021641s ]
INFO: [ view_filter ] --START--
INFO: Run Behavior\WriteHtmlCacheBehavior [ RunTime:0.000191s ]
INFO: [ view_filter ] --END-- [ RunTime:0.000250s ]
INFO: [ app_end ] --START--
INFO: Run Behavior\ShowPageTraceBehavior [ RunTime:0.000748s ]
INFO: [ app_end ] --END-- [ RunTime:0.000844s ]

[ 2015-01-22T16:20:25+08:00 ] ::1 /index.php?s=/Home/User/login.html
INFO: [ view_parse ] --START--
INFO: [ template_filter ] --START--
INFO: Run Behavior\ContentReplaceBehavior [ RunTime:0.000141s ]
INFO: [ template_filter ] --END-- [ RunTime:0.000251s ]
INFO: Run Behavior\ParseTemplateBehavior [ RunTime:0.022209s ]
INFO: [ view_parse ] --END-- [ RunTime:0.022906s ]
INFO: [ view_filter ] --START--
INFO: Run Behavior\WriteHtmlCacheBehavior [ RunTime:0.000187s ]
INFO: [ view_filter ] --END-- [ RunTime:0.000256s ]
INFO: [ app_end ] --START--
INFO: Run Behavior\ShowPageTraceBehavior [ RunTime:0.000926s ]
INFO: [ app_end ] --END-- [ RunTime:0.001038s ]

[ 2015-01-22T16:20:29+08:00 ] ::1 /index.php?s=/Home/User/login.html
INFO: [ view_parse ] --START--
INFO: [ template_filter ] --START--
INFO: Run Behavior\ContentReplaceBehavior [ RunTime:0.000111s ]
INFO: [ template_filter ] --END-- [ RunTime:0.000203s ]
INFO: Run Behavior\ParseTemplateBehavior [ RunTime:0.025475s ]
INFO: [ view_parse ] --END-- [ RunTime:0.026171s ]
INFO: [ view_filter ] --START--
INFO: Run Behavior\WriteHtmlCacheBehavior [ RunTime:0.000136s ]
INFO: [ view_filter ] --END-- [ RunTime:0.000186s ]
INFO: [ app_end ] --START--
INFO: Run Behavior\ShowPageTraceBehavior [ RunTime:0.000747s ]
INFO: [ app_end ] --END-- [ RunTime:0.000841s ]

[ 2015-01-22T16:21:11+08:00 ] ::1 /index.php?s=/Home/User/login.html
INFO: [ view_parse ] --START--
INFO: [ template_filter ] --START--
INFO: Run Behavior\ContentReplaceBehavior [ RunTime:0.000116s ]
INFO: [ template_filter ] --END-- [ RunTime:0.000212s ]
INFO: Run Behavior\ParseTemplateBehavior [ RunTime:0.024077s ]
INFO: [ view_parse ] --END-- [ RunTime:0.025072s ]
INFO: [ view_filter ] --START--
INFO: Run Behavior\WriteHtmlCacheBehavior [ RunTime:0.000157s ]
INFO: [ view_filter ] --END-- [ RunTime:0.000211s ]
INFO: [ app_end ] --START--
INFO: Run Behavior\ShowPageTraceBehavior [ RunTime:0.001016s ]
INFO: [ app_end ] --END-- [ RunTime:0.001125s ]

[ 2015-01-22T16:21:34+08:00 ] ::1 /index.php?s=/Home/User/login.html
INFO: [ view_parse ] --START--
INFO: [ template_filter ] --START--
INFO: Run Behavior\ContentReplaceBehavior [ RunTime:0.000117s ]
INFO: [ template_filter ] --END-- [ RunTime:0.000212s ]
INFO: Run Behavior\ParseTemplateBehavior [ RunTime:0.026202s ]
INFO: [ view_parse ] --END-- [ RunTime:0.026629s ]
INFO: [ view_filter ] --START--
INFO: Run Behavior\WriteHtmlCacheBehavior [ RunTime:0.000179s ]
INFO: [ view_filter ] --END-- [ RunTime:0.000247s ]
INFO: [ app_end ] --START--
INFO: Run Behavior\ShowPageTraceBehavior [ RunTime:0.000932s ]
INFO: [ app_end ] --END-- [ RunTime:0.001065s ]

[ 2015-01-22T16:21:46+08:00 ] ::1 /index.php?s=/Home/User/login.html
INFO: [ view_parse ] --START--
INFO: [ template_filter ] --START--
INFO: Run Behavior\ContentReplaceBehavior [ RunTime:0.000101s ]
INFO: [ template_filter ] --END-- [ RunTime:0.000185s ]
INFO: Run Behavior\ParseTemplateBehavior [ RunTime:0.026140s ]
INFO: [ view_parse ] --END-- [ RunTime:0.026828s ]
INFO: [ view_filter ] --START--
INFO: Run Behavior\WriteHtmlCacheBehavior [ RunTime:0.000151s ]
INFO: [ view_filter ] --END-- [ RunTime:0.000202s ]
INFO: [ app_end ] --START--
INFO: Run Behavior\ShowPageTraceBehavior [ RunTime:0.001165s ]
INFO: [ app_end ] --END-- [ RunTime:0.001354s ]

[ 2015-01-22T16:22:23+08:00 ] ::1 /index.php?s=/Home/User/login.html
INFO: [ view_parse ] --START--
INFO: [ template_filter ] --START--
INFO: Run Behavior\ContentReplaceBehavior [ RunTime:0.000086s ]
INFO: [ template_filter ] --END-- [ RunTime:0.000159s ]
INFO: Run Behavior\ParseTemplateBehavior [ RunTime:0.018918s ]
INFO: [ view_parse ] --END-- [ RunTime:0.019684s ]
INFO: [ view_filter ] --START--
INFO: Run Behavior\WriteHtmlCacheBehavior [ RunTime:0.000138s ]
INFO: [ view_filter ] --END-- [ RunTime:0.000189s ]
INFO: [ app_end ] --START--
INFO: Run Behavior\ShowPageTraceBehavior [ RunTime:0.000735s ]
INFO: [ app_end ] --END-- [ RunTime:0.000866s ]

[ 2015-01-22T16:22:38+08:00 ] ::1 /index.php?s=/Home/User/login.html
INFO: [ view_parse ] --START--
INFO: [ template_filter ] --START--
INFO: Run Behavior\ContentReplaceBehavior [ RunTime:0.000118s ]
INFO: [ template_filter ] --END-- [ RunTime:0.000214s ]
INFO: Run Behavior\ParseTemplateBehavior [ RunTime:0.020426s ]
INFO: [ view_parse ] --END-- [ RunTime:0.021136s ]
INFO: [ view_filter ] --START--
INFO: Run Behavior\WriteHtmlCacheBehavior [ RunTime:0.000185s ]
INFO: [ view_filter ] --END-- [ RunTime:0.000247s ]
INFO: [ app_end ] --START--
INFO: Run Behavior\ShowPageTraceBehavior [ RunTime:0.000724s ]
INFO: [ app_end ] --END-- [ RunTime:0.000820s ]

[ 2015-01-22T16:23:21+08:00 ] ::1 /index.php?s=/Home/User/login.html
INFO: [ view_parse ] --START--
INFO: [ template_filter ] --START--
INFO: Run Behavior\ContentReplaceBehavior [ RunTime:0.000114s ]
INFO: [ template_filter ] --END-- [ RunTime:0.000205s ]
INFO: Run Behavior\ParseTemplateBehavior [ RunTime:0.024198s ]
INFO: [ view_parse ] --END-- [ RunTime:0.024883s ]
INFO: [ view_filter ] --START--
INFO: Run Behavior\WriteHtmlCacheBehavior [ RunTime:0.000150s ]
INFO: [ view_filter ] --END-- [ RunTime:0.000202s ]
INFO: [ app_end ] --START--
INFO: Run Behavior\ShowPageTraceBehavior [ RunTime:0.000760s ]
INFO: [ app_end ] --END-- [ RunTime:0.000903s ]

[ 2015-01-22T16:26:26+08:00 ] ::1 /index.php?s=/Home/User/login.html
INFO: [ view_parse ] --START--
INFO: [ template_filter ] --START--
INFO: Run Behavior\ContentReplaceBehavior [ RunTime:0.000175s ]
INFO: [ template_filter ] --END-- [ RunTime:0.000305s ]
INFO: Run Behavior\ParseTemplateBehavior [ RunTime:0.023530s ]
INFO: [ view_parse ] --END-- [ RunTime:0.024282s ]
INFO: [ view_filter ] --START--
INFO: Run Behavior\WriteHtmlCacheBehavior [ RunTime:0.000278s ]
INFO: [ view_filter ] --END-- [ RunTime:0.000377s ]
INFO: [ app_end ] --START--
INFO: Run Behavior\ShowPageTraceBehavior [ RunTime:0.001574s ]
INFO: [ app_end ] --END-- [ RunTime:0.001717s ]

[ 2015-01-22T16:26:30+08:00 ] ::1 /index.php?s=/Home/User/login.html
INFO: [ view_parse ] --START--
INFO: [ template_filter ] --START--
INFO: Run Behavior\ContentReplaceBehavior [ RunTime:0.000125s ]
INFO: [ template_filter ] --END-- [ RunTime:0.000200s ]
INFO: Run Behavior\ParseTemplateBehavior [ RunTime:0.021823s ]
INFO: [ view_parse ] --END-- [ RunTime:0.022369s ]
INFO: [ view_filter ] --START--
INFO: Run Behavior\WriteHtmlCacheBehavior [ RunTime:0.000173s ]
INFO: [ view_filter ] --END-- [ RunTime:0.000228s ]
INFO: [ app_end ] --START--
INFO: Run Behavior\ShowPageTraceBehavior [ RunTime:0.000904s ]
INFO: [ app_end ] --END-- [ RunTime:0.001010s ]

[ 2015-01-22T16:27:11+08:00 ] ::1 /index.php?s=/Home/User/login.html
INFO: [ view_parse ] --START--
INFO: [ template_filter ] --START--
INFO: Run Behavior\ContentReplaceBehavior [ RunTime:0.000193s ]
INFO: [ template_filter ] --END-- [ RunTime:0.000320s ]
INFO: Run Behavior\ParseTemplateBehavior [ RunTime:0.022320s ]
INFO: [ view_parse ] --END-- [ RunTime:0.023018s ]
INFO: [ view_filter ] --START--
INFO: Run Behavior\WriteHtmlCacheBehavior [ RunTime:0.000165s ]
INFO: [ view_filter ] --END-- [ RunTime:0.000219s ]
INFO: [ app_end ] --START--
INFO: Run Behavior\ShowPageTraceBehavior [ RunTime:0.001113s ]
INFO: [ app_end ] --END-- [ RunTime:0.001238s ]

[ 2015-01-22T16:27:15+08:00 ] ::1 /index.php?s=/Home/User/login.html
INFO: [ view_parse ] --START--
INFO: [ template_filter ] --START--
INFO: Run Behavior\ContentReplaceBehavior [ RunTime:0.000086s ]
INFO: [ template_filter ] --END-- [ RunTime:0.000154s ]
INFO: Run Behavior\ParseTemplateBehavior [ RunTime:0.018649s ]
INFO: [ view_parse ] --END-- [ RunTime:0.019358s ]
INFO: [ view_filter ] --START--
INFO: Run Behavior\WriteHtmlCacheBehavior [ RunTime:0.000135s ]
INFO: [ view_filter ] --END-- [ RunTime:0.000185s ]
INFO: [ app_end ] --START--
INFO: Run Behavior\ShowPageTraceBehavior [ RunTime:0.000748s ]
INFO: [ app_end ] --END-- [ RunTime:0.001068s ]

[ 2015-01-22T16:28:52+08:00 ] ::1 /index.php?s=/Home/User/login.html
INFO: [ view_parse ] --START--
INFO: [ template_filter ] --START--
INFO: Run Behavior\ContentReplaceBehavior [ RunTime:0.000124s ]
INFO: [ template_filter ] --END-- [ RunTime:0.000217s ]
INFO: Run Behavior\ParseTemplateBehavior [ RunTime:0.023893s ]
INFO: [ view_parse ] --END-- [ RunTime:0.024593s ]
INFO: [ view_filter ] --START--
INFO: Run Behavior\WriteHtmlCacheBehavior [ RunTime:0.000182s ]
INFO: [ view_filter ] --END-- [ RunTime:0.000250s ]
INFO: [ app_end ] --START--
INFO: Run Behavior\ShowPageTraceBehavior [ RunTime:0.000771s ]
INFO: [ app_end ] --END-- [ RunTime:0.000870s ]

[ 2015-01-22T16:29:00+08:00 ] ::1 /index.php?s=/Home/User/login.html
INFO: [ view_parse ] --START--
INFO: [ template_filter ] --START--
INFO: Run Behavior\ContentReplaceBehavior [ RunTime:0.000178s ]
INFO: [ template_filter ] --END-- [ RunTime:0.000373s ]
INFO: Run Behavior\ParseTemplateBehavior [ RunTime:0.027073s ]
INFO: [ view_parse ] --END-- [ RunTime:0.027893s ]
INFO: [ view_filter ] --START--
INFO: Run Behavior\WriteHtmlCacheBehavior [ RunTime:0.000263s ]
INFO: [ view_filter ] --END-- [ RunTime:0.000360s ]
INFO: [ app_end ] --START--
INFO: Run Behavior\ShowPageTraceBehavior [ RunTime:0.001089s ]
INFO: [ app_end ] --END-- [ RunTime:0.001268s ]

[ 2015-01-22T16:29:41+08:00 ] ::1 /index.php?s=/Home/User/login.html
SQL: SHOW COLUMNS FROM `wg_ucenter_member` [ RunTime:0.0084s ]
SQL: SELECT * FROM `wg_ucenter_member` WHERE `username` = '' LIMIT 1   [ RunTime:0.0004s ]

[ 2015-01-22T16:29:47+08:00 ] ::1 /index.php?s=/Home/User/login.html
INFO: [ view_parse ] --START--
INFO: [ template_filter ] --START--
INFO: Run Behavior\ContentReplaceBehavior [ RunTime:0.000096s ]
INFO: [ template_filter ] --END-- [ RunTime:0.000172s ]
INFO: Run Behavior\ParseTemplateBehavior [ RunTime:0.019581s ]
INFO: [ view_parse ] --END-- [ RunTime:0.020376s ]
INFO: [ view_filter ] --START--
INFO: Run Behavior\WriteHtmlCacheBehavior [ RunTime:0.000144s ]
INFO: [ view_filter ] --END-- [ RunTime:0.000193s ]
INFO: [ app_end ] --START--
INFO: Run Behavior\ShowPageTraceBehavior [ RunTime:0.000822s ]
INFO: [ app_end ] --END-- [ RunTime:0.000913s ]

[ 2015-01-22T16:30:35+08:00 ] ::1 /index.php?s=/Home/User/login.html
SQL: SHOW COLUMNS FROM `wg_ucenter_member` [ RunTime:0.0019s ]
SQL: SELECT * FROM `wg_ucenter_member` WHERE `username` = '' LIMIT 1   [ RunTime:0.0003s ]

[ 2015-01-22T16:30:39+08:00 ] ::1 /index.php?s=/Home/User/login.html
INFO: [ view_parse ] --START--
INFO: [ template_filter ] --START--
INFO: Run Behavior\ContentReplaceBehavior [ RunTime:0.000092s ]
INFO: [ template_filter ] --END-- [ RunTime:0.000163s ]
INFO: Run Behavior\ParseTemplateBehavior [ RunTime:0.015572s ]
INFO: [ view_parse ] --END-- [ RunTime:0.015996s ]
INFO: [ view_filter ] --START--
INFO: Run Behavior\WriteHtmlCacheBehavior [ RunTime:0.000137s ]
INFO: [ view_filter ] --END-- [ RunTime:0.000187s ]
INFO: [ app_end ] --START--
INFO: Run Behavior\ShowPageTraceBehavior [ RunTime:0.000744s ]
INFO: [ app_end ] --END-- [ RunTime:0.000833s ]

[ 2015-01-22T16:30:48+08:00 ] ::1 /index.php?s=/Home/User/login.html
INFO: [ view_parse ] --START--
INFO: [ template_filter ] --START--
INFO: Run Behavior\ContentReplaceBehavior [ RunTime:0.000124s ]
INFO: [ template_filter ] --END-- [ RunTime:0.000238s ]
INFO: Run Behavior\ParseTemplateBehavior [ RunTime:0.023895s ]
INFO: [ view_parse ] --END-- [ RunTime:0.024611s ]
INFO: [ view_filter ] --START--
INFO: Run Behavior\WriteHtmlCacheBehavior [ RunTime:0.000230s ]
INFO: [ view_filter ] --END-- [ RunTime:0.000324s ]
INFO: [ app_end ] --START--
INFO: Run Behavior\ShowPageTraceBehavior [ RunTime:0.001158s ]
INFO: [ app_end ] --END-- [ RunTime:0.001266s ]

[ 2015-01-22T16:31:59+08:00 ] ::1 /index.php?s=/Home/User/login.html
INFO: [ view_parse ] --START--
INFO: [ template_filter ] --START--
INFO: Run Behavior\ContentReplaceBehavior [ RunTime:0.000126s ]
INFO: [ template_filter ] --END-- [ RunTime:0.000222s ]
INFO: Run Behavior\ParseTemplateBehavior [ RunTime:0.021951s ]
INFO: [ view_parse ] --END-- [ RunTime:0.022628s ]
INFO: [ view_filter ] --START--
INFO: Run Behavior\WriteHtmlCacheBehavior [ RunTime:0.000148s ]
INFO: [ view_filter ] --END-- [ RunTime:0.000202s ]
INFO: [ app_end ] --START--
INFO: Run Behavior\ShowPageTraceBehavior [ RunTime:0.000850s ]
INFO: [ app_end ] --END-- [ RunTime:0.000951s ]

[ 2015-01-22T16:32:31+08:00 ] ::1 /index.php?s=/Home/User/login.html
INFO: [ view_parse ] --START--
INFO: [ template_filter ] --START--
INFO: Run Behavior\ContentReplaceBehavior [ RunTime:0.000094s ]
INFO: [ template_filter ] --END-- [ RunTime:0.000167s ]
INFO: Run Behavior\ParseTemplateBehavior [ RunTime:0.016033s ]
INFO: [ view_parse ] --END-- [ RunTime:0.016576s ]
INFO: [ view_filter ] --START--
INFO: Run Behavior\WriteHtmlCacheBehavior [ RunTime:0.000151s ]
INFO: [ view_filter ] --END-- [ RunTime:0.000205s ]
INFO: [ app_end ] --START--
INFO: Run Behavior\ShowPageTraceBehavior [ RunTime:0.000750s ]
INFO: [ app_end ] --END-- [ RunTime:0.000954s ]

[ 2015-01-22T16:32:37+08:00 ] ::1 /index.php?s=/Home/User/login.html
INFO: [ view_parse ] --START--
INFO: [ template_filter ] --START--
INFO: Run Behavior\ContentReplaceBehavior [ RunTime:0.000141s ]
INFO: [ template_filter ] --END-- [ RunTime:0.000239s ]
INFO: Run Behavior\ParseTemplateBehavior [ RunTime:0.017693s ]
INFO: [ view_parse ] --END-- [ RunTime:0.018225s ]
INFO: [ view_filter ] --START--
INFO: Run Behavior\WriteHtmlCacheBehavior [ RunTime:0.000148s ]
INFO: [ view_filter ] --END-- [ RunTime:0.000200s ]
INFO: [ app_end ] --START--
INFO: Run Behavior\ShowPageTraceBehavior [ RunTime:0.000911s ]
INFO: [ app_end ] --END-- [ RunTime:0.001046s ]

[ 2015-01-22T16:32:57+08:00 ] ::1 /index.php?s=/Home/User/login.html
INFO: [ view_parse ] --START--
INFO: [ template_filter ] --START--
INFO: Run Behavior\ContentReplaceBehavior [ RunTime:0.000164s ]
INFO: [ template_filter ] --END-- [ RunTime:0.000308s ]
INFO: Run Behavior\ParseTemplateBehavior [ RunTime:0.027691s ]
INFO: [ view_parse ] --END-- [ RunTime:0.028418s ]
INFO: [ view_filter ] --START--
INFO: Run Behavior\WriteHtmlCacheBehavior [ RunTime:0.000262s ]
INFO: [ view_filter ] --END-- [ RunTime:0.000361s ]
INFO: [ app_end ] --START--
INFO: Run Behavior\ShowPageTraceBehavior [ RunTime:0.001730s ]
INFO: [ app_end ] --END-- [ RunTime:0.001869s ]

[ 2015-01-22T16:33:07+08:00 ] ::1 /index.php?s=/Home/User/login.html
INFO: [ view_parse ] --START--
INFO: [ template_filter ] --START--
INFO: Run Behavior\ContentReplaceBehavior [ RunTime:0.000123s ]
INFO: [ template_filter ] --END-- [ RunTime:0.000218s ]
INFO: Run Behavior\ParseTemplateBehavior [ RunTime:0.023821s ]
INFO: [ view_parse ] --END-- [ RunTime:0.024511s ]
INFO: [ view_filter ] --START--
INFO: Run Behavior\WriteHtmlCacheBehavior [ RunTime:0.000154s ]
INFO: [ view_filter ] --END-- [ RunTime:0.000209s ]
INFO: [ app_end ] --START--
INFO: Run Behavior\ShowPageTraceBehavior [ RunTime:0.000846s ]
INFO: [ app_end ] --END-- [ RunTime:0.001040s ]

[ 2015-01-22T16:33:45+08:00 ] ::1 /index.php?s=/Home/Index/index.html
SQL: SHOW COLUMNS FROM `wg_course_lunbo` [ RunTime:0.0016s ]
SQL: SELECT `id`,`title`,`subheading`,`url`,`seq`,`create_time`,`uid`,`update_time`,`status` FROM `wg_course_lunbo` WHERE `status` = 1 ORDER BY seq DESC  [ RunTime:0.0004s ]
SQL: SHOW COLUMNS FROM `wg_course` [ RunTime:0.0023s ]
SQL: SELECT `id`,`title`,`status`,`category_id`,`price`,`expiry_day`,`show_student_num_type`,`income`,`lesson_num`,`rating`,`rating_num`,`tags`,`small_picture`,`middle_picture`,`large_picture`,`about`,`student_num`,`uid`,`create_time`,`start_time`,`picture`,`end_time`,`seq`,`publish_status`,`update_time` FROM `wg_course` WHERE `status` IN (1) ORDER BY seq DESC  [ RunTime:0.0005s ]
SQL: SHOW COLUMNS FROM `wg_member` [ RunTime:0.0021s ]
SQL: SELECT `nickname`,`middle_photo` FROM `wg_member` WHERE ( 1=1 AND uid='1' ) LIMIT 1   [ RunTime:0.0007s ]
SQL: SHOW COLUMNS FROM `wg_course_category` [ RunTime:0.0019s ]
SQL: SELECT `title` FROM `wg_course_category` WHERE ( 1=1 AND id='2' ) LIMIT 1   [ RunTime:0.0007s ]
SQL: SHOW COLUMNS FROM `wg_course_lesson` [ RunTime:0.0015s ]
SQL: SELECT `id`,`title` FROM `wg_course_lesson` WHERE ( 1=1 AND cid='41' )  [ RunTime:0.0003s ]
SQL: SELECT `nickname`,`middle_photo` FROM `wg_member` WHERE ( 1=1 AND uid='1' ) LIMIT 1   [ RunTime:0.0003s ]
SQL: SELECT `title` FROM `wg_course_category` WHERE ( 1=1 AND id='2' ) LIMIT 1   [ RunTime:0.0003s ]
SQL: SELECT `id`,`title` FROM `wg_course_lesson` WHERE ( 1=1 AND cid='43' )  [ RunTime:0.0003s ]
SQL: SELECT `nickname`,`middle_photo` FROM `wg_member` WHERE ( 1=1 AND uid='1' ) LIMIT 1   [ RunTime:0.0003s ]
SQL: SELECT `title` FROM `wg_course_category` WHERE ( 1=1 AND id='2' ) LIMIT 1   [ RunTime:0.0003s ]
SQL: SELECT `id`,`title` FROM `wg_course_lesson` WHERE ( 1=1 AND cid='44' )  [ RunTime:0.0003s ]
SQL: SELECT `nickname`,`middle_photo` FROM `wg_member` WHERE ( 1=1 AND uid='1' ) LIMIT 1   [ RunTime:0.0003s ]
SQL: SELECT `title` FROM `wg_course_category` WHERE ( 1=1 AND id='2' ) LIMIT 1   [ RunTime:0.0003s ]
SQL: SELECT `id`,`title` FROM `wg_course_lesson` WHERE ( 1=1 AND cid='45' )  [ RunTime:0.0003s ]
SQL: SELECT `nickname`,`middle_photo` FROM `wg_member` WHERE ( 1=1 AND uid='1' ) LIMIT 1   [ RunTime:0.0003s ]
SQL: SELECT `title` FROM `wg_course_category` WHERE ( 1=1 AND id='2' ) LIMIT 1   [ RunTime:0.0003s ]
SQL: SELECT `id`,`title` FROM `wg_course_lesson` WHERE ( 1=1 AND cid='46' )  [ RunTime:0.0003s ]
INFO: [ view_parse ] --START--
INFO: [ template_filter ] --START--
INFO: Run Behavior\ContentReplaceBehavior [ RunTime:0.000137s ]
INFO: [ template_filter ] --END-- [ RunTime:0.000230s ]
INFO: Run Behavior\ParseTemplateBehavior [ RunTime:0.026954s ]
INFO: [ view_parse ] --END-- [ RunTime:0.027076s ]
INFO: [ view_filter ] --START--
INFO: Run Behavior\WriteHtmlCacheBehavior [ RunTime:0.000265s ]
INFO: [ view_filter ] --END-- [ RunTime:0.000364s ]
INFO: [ app_end ] --START--
INFO: Run Behavior\ShowPageTraceBehavior [ RunTime:0.001061s ]
INFO: [ app_end ] --END-- [ RunTime:0.001197s ]

[ 2015-01-22T16:33:47+08:00 ] ::1 /index.php?s=/Home/Wenti/index.html
SQL: SHOW COLUMNS FROM `wg_document` [ RunTime:0.0022s ]
SQL: SELECT `id`,`uid`,`name`,`title`,`category_id`,`group_id`,`description`,`root`,`pid`,`model_id`,`type`,`position`,`link_id`,`cover_id`,`display`,`deadline`,`attach`,`view`,`comment`,`extend`,`level`,`create_time`,`update_time`,`status` FROM `wg_document` WHERE `status` = 1 AND `pid` = 0 AND `category_id` = 41 AND `create_time` < 1421915627 AND ( deadline = 0 OR deadline > 1421915627 ) ORDER BY `level` DESC  [ RunTime:0.0012s ]
SQL: SHOW COLUMNS FROM `wg_document_article` [ RunTime:0.0020s ]
SQL: SELECT * FROM `wg_document_article` WHERE ( 1=1 AND id='5' ) LIMIT 1   [ RunTime:0.0007s ]
SQL: SHOW COLUMNS FROM `wg_picture` [ RunTime:0.0015s ]
SQL: SELECT * FROM `wg_picture` WHERE ( 1=1 AND id='0' ) LIMIT 1   [ RunTime:0.0003s ]
SQL: SELECT * FROM `wg_document_article` WHERE ( 1=1 AND id='6' ) LIMIT 1   [ RunTime:0.0002s ]
SQL: SELECT * FROM `wg_picture` WHERE ( 1=1 AND id='0' ) LIMIT 1   [ RunTime:0.0004s ]
INFO: [ view_parse ] --START--
INFO: [ template_filter ] --START--
INFO: Run Behavior\ContentReplaceBehavior [ RunTime:0.000076s ]
INFO: [ template_filter ] --END-- [ RunTime:0.000146s ]
INFO: Run Behavior\ParseTemplateBehavior [ RunTime:0.018675s ]
INFO: [ view_parse ] --END-- [ RunTime:0.018748s ]
INFO: [ view_filter ] --START--
INFO: Run Behavior\WriteHtmlCacheBehavior [ RunTime:0.000135s ]
INFO: [ view_filter ] --END-- [ RunTime:0.000185s ]
INFO: [ app_end ] --START--
INFO: Run Behavior\ShowPageTraceBehavior [ RunTime:0.001046s ]
INFO: [ app_end ] --END-- [ RunTime:0.001186s ]

[ 2015-01-22T16:33:51+08:00 ] ::1 /index.php?s=/Home/User/login.html
INFO: [ view_parse ] --START--
INFO: [ template_filter ] --START--
INFO: Run Behavior\ContentReplaceBehavior [ RunTime:0.000100s ]
INFO: [ template_filter ] --END-- [ RunTime:0.000179s ]
INFO: Run Behavior\ParseTemplateBehavior [ RunTime:0.020197s ]
INFO: [ view_parse ] --END-- [ RunTime:0.021038s ]
INFO: [ view_filter ] --START--
INFO: Run Behavior\WriteHtmlCacheBehavior [ RunTime:0.000142s ]
INFO: [ view_filter ] --END-- [ RunTime:0.000192s ]
INFO: [ app_end ] --START--
INFO: Run Behavior\ShowPageTraceBehavior [ RunTime:0.000709s ]
INFO: [ app_end ] --END-- [ RunTime:0.000824s ]

[ 2015-01-22T16:34:10+08:00 ] ::1 /index.php?s=/Home/User/login.html
INFO: [ view_parse ] --START--
INFO: [ template_filter ] --START--
INFO: Run Behavior\ContentReplaceBehavior [ RunTime:0.000150s ]
INFO: [ template_filter ] --END-- [ RunTime:0.000234s ]
INFO: Run Behavior\ParseTemplateBehavior [ RunTime:0.022195s ]
INFO: [ view_parse ] --END-- [ RunTime:0.022887s ]
INFO: [ view_filter ] --START--
INFO: Run Behavior\WriteHtmlCacheBehavior [ RunTime:0.000145s ]
INFO: [ view_filter ] --END-- [ RunTime:0.000196s ]
INFO: [ app_end ] --START--
INFO: Run Behavior\ShowPageTraceBehavior [ RunTime:0.000852s ]
INFO: [ app_end ] --END-- [ RunTime:0.001257s ]

[ 2015-01-22T16:34:14+08:00 ] ::1 /index.php?s=/Home/User/login.html
INFO: [ view_parse ] --START--
INFO: [ template_filter ] --START--
INFO: Run Behavior\ContentReplaceBehavior [ RunTime:0.000098s ]
INFO: [ template_filter ] --END-- [ RunTime:0.000175s ]
INFO: Run Behavior\ParseTemplateBehavior [ RunTime:0.019568s ]
INFO: [ view_parse ] --END-- [ RunTime:0.020262s ]
INFO: [ view_filter ] --START--
INFO: Run Behavior\WriteHtmlCacheBehavior [ RunTime:0.000139s ]
INFO: [ view_filter ] --END-- [ RunTime:0.000188s ]
INFO: [ app_end ] --START--
INFO: Run Behavior\ShowPageTraceBehavior [ RunTime:0.000992s ]
INFO: [ app_end ] --END-- [ RunTime:0.001120s ]

[ 2015-01-22T16:34:15+08:00 ] ::1 /index.php?s=/Home/User/findPWD.html
INFO: [ view_parse ] --START--
INFO: [ template_filter ] --START--
INFO: Run Behavior\ContentReplaceBehavior [ RunTime:0.000103s ]
INFO: [ template_filter ] --END-- [ RunTime:0.000206s ]
INFO: Run Behavior\ParseTemplateBehavior [ RunTime:0.023273s ]
INFO: [ view_parse ] --END-- [ RunTime:0.023811s ]
INFO: [ view_filter ] --START--
INFO: Run Behavior\WriteHtmlCacheBehavior [ RunTime:0.000141s ]
INFO: [ view_filter ] --END-- [ RunTime:0.000192s ]
INFO: [ app_end ] --START--
INFO: Run Behavior\ShowPageTraceBehavior [ RunTime:0.000528s ]
INFO: [ app_end ] --END-- [ RunTime:0.000582s ]

[ 2015-01-22T16:34:21+08:00 ] ::1 /index.php?s=/Home/User/login.html
INFO: [ view_parse ] --START--
INFO: [ template_filter ] --START--
INFO: Run Behavior\ContentReplaceBehavior [ RunTime:0.000101s ]
INFO: [ template_filter ] --END-- [ RunTime:0.000179s ]
INFO: Run Behavior\ParseTemplateBehavior [ RunTime:0.021928s ]
INFO: [ view_parse ] --END-- [ RunTime:0.022610s ]
INFO: [ view_filter ] --START--
INFO: Run Behavior\WriteHtmlCacheBehavior [ RunTime:0.000141s ]
INFO: [ view_filter ] --END-- [ RunTime:0.000191s ]
INFO: [ app_end ] --START--
INFO: Run Behavior\ShowPageTraceBehavior [ RunTime:0.000739s ]
INFO: [ app_end ] --END-- [ RunTime:0.001002s ]

