[ 2015-01-09T08:56:47+08:00 ] 127.0.0.1 /Home/User/login
INFO: [ view_parse ] --START--
INFO: [ template_filter ] --START--
INFO: Run Behavior\ContentReplaceBehavior [ RunTime:0.000205s ]
INFO: [ template_filter ] --END-- [ RunTime:0.000291s ]
INFO: Run Behavior\ParseTemplateBehavior [ RunTime:0.126865s ]
INFO: [ view_parse ] --END-- [ RunTime:0.127751s ]
INFO: [ view_filter ] --START--
INFO: Run Behavior\WriteHtmlCacheBehavior [ RunTime:0.000755s ]
INFO: [ view_filter ] --END-- [ RunTime:0.000821s ]
INFO: [ app_end ] --START--
INFO: Run Behavior\ShowPageTraceBehavior [ RunTime:0.001973s ]
INFO: [ app_end ] --END-- [ RunTime:0.002143s ]

[ 2015-01-09T08:56:58+08:00 ] 127.0.0.1 /Home/User/login
INFO: [ app_begin ] --START--
INFO: Run Behavior\ReadHtmlCacheBehavior [ RunTime:0.001019s ]
INFO: [ app_begin ] --END-- [ RunTime:0.001748s ]
SQL: SHOW COLUMNS FROM `wg_config` [ RunTime:0.0070s ]
SQL: SELECT `type`,`name`,`value` FROM `wg_config` WHERE `status` = 1  [ RunTime:0.0006s ]
SQL: SHOW COLUMNS FROM `wg_ucenter_member` [ RunTime:0.0754s ]
SQL: SELECT * FROM `wg_ucenter_member` WHERE `username` = 'admin' LIMIT 1   [ RunTime:0.0126s ]
NOTIC: [8] Undefined index: lite D:\Development\Server\apache2.2.22\htdocs\newtrainingsys\ThinkPHP\Library\Think\Db.class.php 第 37 行.
SQL: SHOW COLUMNS FROM `wg_member` [ RunTime:0.0043s ]
SQL: SELECT `uid`,`nickname`,`sex`,`birthday`,`qq`,`score`,`login`,`reg_ip`,`reg_time`,`last_login_ip`,`last_login_time`,`status`,`photo`,`small_photo`,`middle_photo`,`large_photo`,`birth_province`,`birth_city`,`mobile`,`telephone`,`about`,`real_name`,`card`,`univs`,`department`,`profession` FROM `wg_member` WHERE `uid` = 1 LIMIT 1   [ RunTime:0.0005s ]
SQL: UPDATE `wg_member` SET `login`=`login`+1,`last_login_time`='1420765018',`last_login_ip`='2130706433' WHERE `uid` = 1 [ RunTime:0.0148s ]
SQL: SHOW COLUMNS FROM `wg_action` [ RunTime:0.0424s ]
SQL: SELECT * FROM `wg_action` WHERE `name` = 'user_login' LIMIT 1   [ RunTime:0.0008s ]
SQL: SHOW COLUMNS FROM `wg_action_log` [ RunTime:0.0058s ]
SQL: INSERT INTO `wg_action_log` (`action_id`,`user_id`,`action_ip`,`model`,`record_id`,`create_time`,`remark`) VALUES ('1','1','2130706433','member','1','1420765018','admin在2015-01-09 08:56登录了后台') [ RunTime:0.0375s ]
SQL: SELECT * FROM `wg_action` WHERE `name` = 'user_login' LIMIT 1   [ RunTime:0.0004s ]
NOTIC: [8] Undefined offset: 1 D:\Development\Server\apache2.2.22\htdocs\newtrainingsys\Application\Common\Common\function.php 第 718 行.
NOTIC: [2] array_key_exists() expects parameter 2 to be array, null given D:\Development\Server\apache2.2.22\htdocs\newtrainingsys\Application\Common\Common\function.php 第 718 行.
SQL: SELECT COUNT(*) AS tp_count FROM `wg_action_log` WHERE `action_id` = 1 AND `user_id` = 1 AND `create_time` > 1420678618 LIMIT 1   [ RunTime:0.0819s ]

[ 2015-01-09T08:57:00+08:00 ] 127.0.0.1 /index.php?s=/Home/Index/index.html
SQL: SHOW COLUMNS FROM `wg_course_lunbo` [ RunTime:0.0318s ]
SQL: SELECT `id`,`title`,`subheading`,`url`,`seq`,`create_time`,`uid`,`update_time`,`status` FROM `wg_course_lunbo` WHERE `status` = 1 ORDER BY seq DESC  [ RunTime:0.0006s ]
SQL: SHOW COLUMNS FROM `wg_course` [ RunTime:0.0044s ]
SQL: SELECT `id`,`title`,`status`,`category_id`,`price`,`expiry_day`,`show_student_num_type`,`income`,`lesson_num`,`rating`,`rating_num`,`tags`,`small_picture`,`middle_picture`,`large_picture`,`about`,`student_num`,`uid`,`create_time`,`start_time`,`picture`,`end_time`,`seq`,`publish_status`,`update_time` FROM `wg_course` WHERE `status` IN (1) ORDER BY seq DESC  [ RunTime:0.0007s ]
SQL: SHOW COLUMNS FROM `wg_member` [ RunTime:0.0043s ]
SQL: SELECT `nickname`,`middle_photo` FROM `wg_member` WHERE ( 1=1 AND uid='2' ) LIMIT 1   [ RunTime:0.0003s ]
SQL: SHOW COLUMNS FROM `wg_course_category` [ RunTime:0.0043s ]
SQL: SELECT `title` FROM `wg_course_category` WHERE ( 1=1 AND id='2' ) LIMIT 1   [ RunTime:0.0004s ]
SQL: SHOW COLUMNS FROM `wg_course_lesson` [ RunTime:0.0556s ]
SQL: SELECT `id`,`title` FROM `wg_course_lesson` WHERE ( 1=1 AND cid='41' )  [ RunTime:0.0004s ]
SQL: SELECT `nickname`,`middle_photo` FROM `wg_member` WHERE ( 1=1 AND uid='2' ) LIMIT 1   [ RunTime:0.0003s ]
SQL: SELECT `title` FROM `wg_course_category` WHERE ( 1=1 AND id='2' ) LIMIT 1   [ RunTime:0.0003s ]
SQL: SELECT `id`,`title` FROM `wg_course_lesson` WHERE ( 1=1 AND cid='44' )  [ RunTime:0.0003s ]
SQL: SELECT `nickname`,`middle_photo` FROM `wg_member` WHERE ( 1=1 AND uid='2' ) LIMIT 1   [ RunTime:0.0003s ]
SQL: SELECT `title` FROM `wg_course_category` WHERE ( 1=1 AND id='2' ) LIMIT 1   [ RunTime:0.0002s ]
SQL: SELECT `id`,`title` FROM `wg_course_lesson` WHERE ( 1=1 AND cid='45' )  [ RunTime:0.0003s ]
SQL: SELECT `nickname`,`middle_photo` FROM `wg_member` WHERE ( 1=1 AND uid='0' ) LIMIT 1   [ RunTime:0.0003s ]
SQL: SELECT `title` FROM `wg_course_category` WHERE ( 1=1 AND id='2' ) LIMIT 1   [ RunTime:0.0003s ]
SQL: SELECT `id`,`title` FROM `wg_course_lesson` WHERE ( 1=1 AND cid='46' )  [ RunTime:0.0003s ]
INFO: [ view_parse ] --START--
INFO: [ template_filter ] --START--
INFO: Run Behavior\ContentReplaceBehavior [ RunTime:0.000219s ]
INFO: [ template_filter ] --END-- [ RunTime:0.000309s ]
INFO: Run Behavior\ParseTemplateBehavior [ RunTime:0.105161s ]
INFO: [ view_parse ] --END-- [ RunTime:0.105245s ]
INFO: [ view_filter ] --START--
INFO: Run Behavior\WriteHtmlCacheBehavior [ RunTime:0.000752s ]
INFO: [ view_filter ] --END-- [ RunTime:0.000820s ]
INFO: [ app_end ] --START--
INFO: Run Behavior\ShowPageTraceBehavior [ RunTime:0.002384s ]
INFO: [ app_end ] --END-- [ RunTime:0.002570s ]

[ 2015-01-09T09:40:53+08:00 ] 127.0.0.1 /index.php?s=/Home/Course/detail/id/41.html
SQL: SHOW COLUMNS FROM `wg_course` [ RunTime:0.0043s ]
SQL: SELECT * FROM `wg_course` WHERE `id` = 41 LIMIT 1   [ RunTime:0.0005s ]
SQL: SHOW COLUMNS FROM `wg_member` [ RunTime:0.0041s ]
SQL: SELECT `nickname`,`middle_photo` FROM `wg_member` WHERE ( 1=1 AND uid='2' ) LIMIT 1   [ RunTime:0.0004s ]
SQL: SHOW COLUMNS FROM `wg_course_category` [ RunTime:0.0043s ]
SQL: SELECT `title` FROM `wg_course_category` WHERE ( 1=1 AND id='2' ) LIMIT 1   [ RunTime:0.0003s ]
SQL: SHOW COLUMNS FROM `wg_course_lesson` [ RunTime:0.0039s ]
SQL: SELECT `id`,`title` FROM `wg_course_lesson` WHERE ( 1=1 AND cid='41' )  [ RunTime:0.0004s ]
SQL: SHOW COLUMNS FROM `wg_member_course` [ RunTime:0.0041s ]
SQL: SELECT * FROM `wg_member_course` WHERE `uid` = 1 AND `cid` = 41 LIMIT 1   [ RunTime:0.0005s ]
INFO: [ view_parse ] --START--
INFO: [ template_filter ] --START--
INFO: Run Behavior\ContentReplaceBehavior [ RunTime:0.000230s ]
INFO: [ template_filter ] --END-- [ RunTime:0.000311s ]
NOTIC: [8] Undefined index: subtitle D:\Development\Server\apache2.2.22\htdocs\newtrainingsys\Runtime\Cache\Home\a77ce601443794d56da432a33147a96f.php 第 148 行.
INFO: Run Behavior\ParseTemplateBehavior [ RunTime:0.068378s ]
INFO: [ view_parse ] --END-- [ RunTime:0.068469s ]
INFO: [ view_filter ] --START--
INFO: Run Behavior\WriteHtmlCacheBehavior [ RunTime:0.000847s ]
INFO: [ view_filter ] --END-- [ RunTime:0.000921s ]
INFO: [ app_end ] --START--
INFO: Run Behavior\ShowPageTraceBehavior [ RunTime:0.004102s ]
INFO: [ app_end ] --END-- [ RunTime:0.004204s ]

[ 2015-01-09T09:40:55+08:00 ] 127.0.0.1 /index.php?s=/Home/Course/detailLesson/id/93.html
SQL: SHOW COLUMNS FROM `wg_course_lesson` [ RunTime:0.0038s ]
SQL: SELECT * FROM `wg_course_lesson` WHERE `id` = 93 LIMIT 1   [ RunTime:0.0005s ]
SQL: SHOW COLUMNS FROM `wg_course` [ RunTime:0.0048s ]
SQL: SELECT `title` FROM `wg_course` WHERE ( 1=1 AND id='41' ) LIMIT 1   [ RunTime:0.0004s ]
SQL: SHOW COLUMNS FROM `wg_course_videos` [ RunTime:0.0174s ]
SQL: SELECT * FROM `wg_course_videos` WHERE ( 1=1 AND id='50' ) LIMIT 1   [ RunTime:0.0008s ]
SQL: SHOW COLUMNS FROM `wg_member_course` [ RunTime:0.0038s ]
SQL: SELECT * FROM `wg_member_course` WHERE `uid` = 1 AND `cid` = 41 LIMIT 1   [ RunTime:0.0004s ]
SQL: SHOW COLUMNS FROM `wg_course` [ RunTime:0.0043s ]
SQL: SELECT * FROM `wg_course` WHERE `id` = 41 LIMIT 1   [ RunTime:0.0005s ]
SQL: SHOW COLUMNS FROM `wg_member` [ RunTime:0.0044s ]
SQL: SELECT `nickname`,`middle_photo` FROM `wg_member` WHERE ( 1=1 AND uid='2' ) LIMIT 1   [ RunTime:0.0003s ]
SQL: SHOW COLUMNS FROM `wg_course_category` [ RunTime:0.0043s ]
SQL: SELECT `title` FROM `wg_course_category` WHERE ( 1=1 AND id='2' ) LIMIT 1   [ RunTime:0.0003s ]
SQL: SHOW COLUMNS FROM `wg_course_lesson` [ RunTime:0.0040s ]
SQL: SELECT `id`,`title` FROM `wg_course_lesson` WHERE ( 1=1 AND cid='41' )  [ RunTime:0.0004s ]
SQL: SHOW COLUMNS FROM `wg_course_note` [ RunTime:0.0039s ]
SQL: SELECT `id`,`uid`,`cid`,`lesson_id`,`content`,`status`,`create_time`,`update_time`,`seq` FROM `wg_course_note` WHERE `status` = 1 AND `cid` = 41 AND `lesson_id` = 93 AND `uid` = 1 ORDER BY create_time DESC LIMIT 3   [ RunTime:0.0006s ]
INFO: [ view_parse ] --START--
NOTIC: [8] Undefined offset: 1 D:\Development\Server\apache2.2.22\htdocs\newtrainingsys\ThinkPHP\Library\Think\Template.class.php 第 531 行.
INFO: [ template_filter ] --START--
INFO: Run Behavior\ContentReplaceBehavior [ RunTime:0.000237s ]
INFO: [ template_filter ] --END-- [ RunTime:0.000316s ]
NOTIC: [8] Undefined variable: spark_config D:\Development\Server\apache2.2.22\htdocs\newtrainingsys\Runtime\Cache\Home\8a8e57904ccdd66ea797cf9a2e1c9027.php 第 211 行.
INFO: Run Behavior\ParseTemplateBehavior [ RunTime:0.047521s ]
INFO: [ view_parse ] --END-- [ RunTime:0.047611s ]
INFO: [ view_filter ] --START--
INFO: Run Behavior\WriteHtmlCacheBehavior [ RunTime:0.000744s ]
INFO: [ view_filter ] --END-- [ RunTime:0.000809s ]
INFO: [ app_end ] --START--
INFO: Run Behavior\ShowPageTraceBehavior [ RunTime:0.006539s ]
INFO: [ app_end ] --END-- [ RunTime:0.006629s ]

[ 2015-01-09T09:40:59+08:00 ] 127.0.0.1 /index.php?s=/Home/Course/addNote.html
INFO: [ app_begin ] --START--
INFO: Run Behavior\ReadHtmlCacheBehavior [ RunTime:0.001022s ]
INFO: [ app_begin ] --END-- [ RunTime:0.001689s ]
SQL: SHOW COLUMNS FROM `wg_config` [ RunTime:0.0053s ]
SQL: SELECT `type`,`name`,`value` FROM `wg_config` WHERE `status` = 1  [ RunTime:0.0007s ]
SQL: SHOW COLUMNS FROM `wg_course_note` [ RunTime:0.0037s ]
SQL: INSERT INTO `wg_course_note` (`cid`,`lesson_id`,`content`,`create_time`,`update_time`,`status`,`uid`) VALUES ('41','93','1111111111','1420767659','1420767659','1','1') [ RunTime:0.1158s ]
SQL: SELECT `id`,`uid`,`cid`,`lesson_id`,`content`,`status`,`create_time`,`update_time`,`seq` FROM `wg_course_note` WHERE `status` = 1 AND `cid` = 41 AND `lesson_id` = 93 AND `uid` = 1 ORDER BY create_time DESC LIMIT 1   [ RunTime:0.0006s ]

[ 2015-01-09T09:41:02+08:00 ] 127.0.0.1 /index.php?s=/Home/Course/addNote.html
INFO: [ app_begin ] --START--
INFO: Run Behavior\ReadHtmlCacheBehavior [ RunTime:0.001504s ]
INFO: [ app_begin ] --END-- [ RunTime:0.002376s ]
SQL: SHOW COLUMNS FROM `wg_config` [ RunTime:0.0053s ]
SQL: SELECT `type`,`name`,`value` FROM `wg_config` WHERE `status` = 1  [ RunTime:0.0006s ]
SQL: SHOW COLUMNS FROM `wg_course_note` [ RunTime:0.0051s ]
SQL: INSERT INTO `wg_course_note` (`cid`,`lesson_id`,`content`,`create_time`,`update_time`,`status`,`uid`) VALUES ('41','93','22222222222222','1420767662','1420767662','1','1') [ RunTime:0.0635s ]
SQL: SELECT `id`,`uid`,`cid`,`lesson_id`,`content`,`status`,`create_time`,`update_time`,`seq` FROM `wg_course_note` WHERE `status` = 1 AND `cid` = 41 AND `lesson_id` = 93 AND `uid` = 1 ORDER BY create_time DESC LIMIT 1   [ RunTime:0.0006s ]

[ 2015-01-09T09:41:04+08:00 ] 127.0.0.1 /index.php?s=/Home/Course/addNote.html
INFO: [ app_begin ] --START--
INFO: Run Behavior\ReadHtmlCacheBehavior [ RunTime:0.001544s ]
INFO: [ app_begin ] --END-- [ RunTime:0.002322s ]
SQL: SHOW COLUMNS FROM `wg_config` [ RunTime:0.0041s ]
SQL: SELECT `type`,`name`,`value` FROM `wg_config` WHERE `status` = 1  [ RunTime:0.0006s ]
SQL: SHOW COLUMNS FROM `wg_course_note` [ RunTime:0.0037s ]
SQL: INSERT INTO `wg_course_note` (`cid`,`lesson_id`,`content`,`create_time`,`update_time`,`status`,`uid`) VALUES ('41','93','333333333333333','1420767664','1420767664','1','1') [ RunTime:0.0654s ]
SQL: SELECT `id`,`uid`,`cid`,`lesson_id`,`content`,`status`,`create_time`,`update_time`,`seq` FROM `wg_course_note` WHERE `status` = 1 AND `cid` = 41 AND `lesson_id` = 93 AND `uid` = 1 ORDER BY create_time DESC LIMIT 1   [ RunTime:0.0006s ]

[ 2015-01-09T09:41:06+08:00 ] 127.0.0.1 /index.php?s=/Home/Course/addNote.html
INFO: [ app_begin ] --START--
INFO: Run Behavior\ReadHtmlCacheBehavior [ RunTime:0.001035s ]
INFO: [ app_begin ] --END-- [ RunTime:0.001749s ]
SQL: SHOW COLUMNS FROM `wg_config` [ RunTime:0.0045s ]
SQL: SELECT `type`,`name`,`value` FROM `wg_config` WHERE `status` = 1  [ RunTime:0.0006s ]
SQL: SHOW COLUMNS FROM `wg_course_note` [ RunTime:0.0038s ]
SQL: INSERT INTO `wg_course_note` (`cid`,`lesson_id`,`content`,`create_time`,`update_time`,`status`,`uid`) VALUES ('41','93','4444444444444444444','1420767666','1420767666','1','1') [ RunTime:0.0639s ]
SQL: SELECT `id`,`uid`,`cid`,`lesson_id`,`content`,`status`,`create_time`,`update_time`,`seq` FROM `wg_course_note` WHERE `status` = 1 AND `cid` = 41 AND `lesson_id` = 93 AND `uid` = 1 ORDER BY create_time DESC LIMIT 1   [ RunTime:0.0006s ]

[ 2015-01-09T09:44:53+08:00 ] 127.0.0.1 /index.php?s=/Home/Course/detail/id/41.html
SQL: SHOW COLUMNS FROM `wg_course` [ RunTime:0.0061s ]
SQL: SELECT * FROM `wg_course` WHERE `id` = 41 LIMIT 1   [ RunTime:0.0007s ]
SQL: SHOW COLUMNS FROM `wg_member` [ RunTime:0.0071s ]
SQL: SELECT `nickname`,`middle_photo` FROM `wg_member` WHERE ( 1=1 AND uid='2' ) LIMIT 1   [ RunTime:0.0008s ]
SQL: SHOW COLUMNS FROM `wg_course_category` [ RunTime:0.0060s ]
SQL: SELECT `title` FROM `wg_course_category` WHERE ( 1=1 AND id='2' ) LIMIT 1   [ RunTime:0.0009s ]
SQL: SHOW COLUMNS FROM `wg_course_lesson` [ RunTime:0.0061s ]
SQL: SELECT `id`,`title` FROM `wg_course_lesson` WHERE ( 1=1 AND cid='41' )  [ RunTime:0.0004s ]
SQL: SHOW COLUMNS FROM `wg_member_course` [ RunTime:0.0072s ]
SQL: SELECT * FROM `wg_member_course` WHERE `uid` = 1 AND `cid` = 41 LIMIT 1   [ RunTime:0.0016s ]
INFO: [ view_parse ] --START--
INFO: [ template_filter ] --START--
INFO: Run Behavior\ContentReplaceBehavior [ RunTime:0.000220s ]
INFO: [ template_filter ] --END-- [ RunTime:0.000306s ]
NOTIC: [8] Undefined index: subtitle D:\Development\Server\apache2.2.22\htdocs\newtrainingsys\Runtime\Cache\Home\a77ce601443794d56da432a33147a96f.php 第 148 行.
INFO: Run Behavior\ParseTemplateBehavior [ RunTime:0.039956s ]
INFO: [ view_parse ] --END-- [ RunTime:0.040037s ]
INFO: [ view_filter ] --START--
INFO: Run Behavior\WriteHtmlCacheBehavior [ RunTime:0.000755s ]
INFO: [ view_filter ] --END-- [ RunTime:0.000835s ]
INFO: [ app_end ] --START--
INFO: Run Behavior\ShowPageTraceBehavior [ RunTime:0.005510s ]
INFO: [ app_end ] --END-- [ RunTime:0.005606s ]

[ 2015-01-09T09:44:54+08:00 ] 127.0.0.1 /index.php?s=/Home/Course/detailLesson/id/93.html
SQL: SHOW COLUMNS FROM `wg_course_lesson` [ RunTime:0.0040s ]
SQL: SELECT * FROM `wg_course_lesson` WHERE `id` = 93 LIMIT 1   [ RunTime:0.0005s ]
SQL: SHOW COLUMNS FROM `wg_course` [ RunTime:0.0046s ]
SQL: SELECT `title` FROM `wg_course` WHERE ( 1=1 AND id='41' ) LIMIT 1   [ RunTime:0.0015s ]
SQL: SHOW COLUMNS FROM `wg_course_videos` [ RunTime:0.0046s ]
SQL: SELECT * FROM `wg_course_videos` WHERE ( 1=1 AND id='50' ) LIMIT 1   [ RunTime:0.0007s ]
SQL: SHOW COLUMNS FROM `wg_member_course` [ RunTime:0.0043s ]
SQL: SELECT * FROM `wg_member_course` WHERE `uid` = 1 AND `cid` = 41 LIMIT 1   [ RunTime:0.0004s ]
SQL: SHOW COLUMNS FROM `wg_course` [ RunTime:0.0059s ]
SQL: SELECT * FROM `wg_course` WHERE `id` = 41 LIMIT 1   [ RunTime:0.0007s ]
SQL: SHOW COLUMNS FROM `wg_member` [ RunTime:0.0047s ]
SQL: SELECT `nickname`,`middle_photo` FROM `wg_member` WHERE ( 1=1 AND uid='2' ) LIMIT 1   [ RunTime:0.0015s ]
SQL: SHOW COLUMNS FROM `wg_course_category` [ RunTime:0.0049s ]
SQL: SELECT `title` FROM `wg_course_category` WHERE ( 1=1 AND id='2' ) LIMIT 1   [ RunTime:0.0003s ]
SQL: SHOW COLUMNS FROM `wg_course_lesson` [ RunTime:0.0041s ]
SQL: SELECT `id`,`title` FROM `wg_course_lesson` WHERE ( 1=1 AND cid='41' )  [ RunTime:0.0004s ]
SQL: SHOW COLUMNS FROM `wg_course_note` [ RunTime:0.0041s ]
SQL: SELECT `id`,`uid`,`cid`,`lesson_id`,`content`,`status`,`create_time`,`update_time`,`seq` FROM `wg_course_note` WHERE `status` = 1 AND `cid` = 41 AND `lesson_id` = 93 AND `uid` = 1 ORDER BY create_time DESC LIMIT 3   [ RunTime:0.0006s ]
INFO: [ view_parse ] --START--
NOTIC: [8] Undefined offset: 1 D:\Development\Server\apache2.2.22\htdocs\newtrainingsys\ThinkPHP\Library\Think\Template.class.php 第 531 行.
INFO: [ template_filter ] --START--
INFO: Run Behavior\ContentReplaceBehavior [ RunTime:0.000236s ]
INFO: [ template_filter ] --END-- [ RunTime:0.000315s ]
NOTIC: [8] Undefined variable: spark_config D:\Development\Server\apache2.2.22\htdocs\newtrainingsys\Runtime\Cache\Home\8a8e57904ccdd66ea797cf9a2e1c9027.php 第 211 行.
INFO: Run Behavior\ParseTemplateBehavior [ RunTime:0.026844s ]
INFO: [ view_parse ] --END-- [ RunTime:0.026922s ]
INFO: [ view_filter ] --START--
INFO: Run Behavior\WriteHtmlCacheBehavior [ RunTime:0.002168s ]
INFO: [ view_filter ] --END-- [ RunTime:0.002242s ]
INFO: [ app_end ] --START--
INFO: Run Behavior\ShowPageTraceBehavior [ RunTime:0.003319s ]
INFO: [ app_end ] --END-- [ RunTime:0.003479s ]

[ 2015-01-09T09:52:02+08:00 ] 127.0.0.1 /index.php?s=/Home/Course/detail/id/41.html
SQL: SHOW COLUMNS FROM `wg_course` [ RunTime:0.0044s ]
SQL: SELECT * FROM `wg_course` WHERE `id` = 41 LIMIT 1   [ RunTime:0.0006s ]
SQL: SHOW COLUMNS FROM `wg_member` [ RunTime:0.0042s ]
SQL: SELECT `nickname`,`middle_photo` FROM `wg_member` WHERE ( 1=1 AND uid='2' ) LIMIT 1   [ RunTime:0.0003s ]
SQL: SHOW COLUMNS FROM `wg_course_category` [ RunTime:0.0046s ]
SQL: SELECT `title` FROM `wg_course_category` WHERE ( 1=1 AND id='2' ) LIMIT 1   [ RunTime:0.0004s ]
SQL: SHOW COLUMNS FROM `wg_course_lesson` [ RunTime:0.0039s ]
SQL: SELECT `id`,`title` FROM `wg_course_lesson` WHERE ( 1=1 AND cid='41' )  [ RunTime:0.0004s ]
SQL: SHOW COLUMNS FROM `wg_member_course` [ RunTime:0.0039s ]
SQL: SELECT * FROM `wg_member_course` WHERE `uid` = 1 AND `cid` = 41 LIMIT 1   [ RunTime:0.0005s ]
INFO: [ view_parse ] --START--
INFO: [ template_filter ] --START--
INFO: Run Behavior\ContentReplaceBehavior [ RunTime:0.000213s ]
INFO: [ template_filter ] --END-- [ RunTime:0.000295s ]
NOTIC: [8] Undefined index: subtitle D:\Development\Server\apache2.2.22\htdocs\newtrainingsys\Runtime\Cache\Home\a77ce601443794d56da432a33147a96f.php 第 148 行.
INFO: Run Behavior\ParseTemplateBehavior [ RunTime:0.028160s ]
INFO: [ view_parse ] --END-- [ RunTime:0.028236s ]
INFO: [ view_filter ] --START--
INFO: Run Behavior\WriteHtmlCacheBehavior [ RunTime:0.000741s ]
INFO: [ view_filter ] --END-- [ RunTime:0.000808s ]
INFO: [ app_end ] --START--
INFO: Run Behavior\ShowPageTraceBehavior [ RunTime:0.004074s ]
INFO: [ app_end ] --END-- [ RunTime:0.004249s ]

[ 2015-01-09T09:52:19+08:00 ] 127.0.0.1 /index.php?s=/Home/Course/detail/id/41.html
SQL: SHOW COLUMNS FROM `wg_course` [ RunTime:0.0043s ]
SQL: SELECT * FROM `wg_course` WHERE `id` = 41 LIMIT 1   [ RunTime:0.0006s ]
SQL: SHOW COLUMNS FROM `wg_member` [ RunTime:0.0042s ]
SQL: SELECT `nickname`,`middle_photo` FROM `wg_member` WHERE ( 1=1 AND uid='2' ) LIMIT 1   [ RunTime:0.0003s ]
SQL: SHOW COLUMNS FROM `wg_course_category` [ RunTime:0.0043s ]
SQL: SELECT `title` FROM `wg_course_category` WHERE ( 1=1 AND id='2' ) LIMIT 1   [ RunTime:0.0003s ]
SQL: SHOW COLUMNS FROM `wg_course_lesson` [ RunTime:0.0041s ]
SQL: SELECT `id`,`title` FROM `wg_course_lesson` WHERE ( 1=1 AND cid='41' )  [ RunTime:0.0004s ]
SQL: SHOW COLUMNS FROM `wg_member_course` [ RunTime:0.0044s ]
SQL: SELECT * FROM `wg_member_course` WHERE `uid` = 1 AND `cid` = 41 LIMIT 1   [ RunTime:0.0005s ]
INFO: [ view_parse ] --START--
INFO: [ template_filter ] --START--
INFO: Run Behavior\ContentReplaceBehavior [ RunTime:0.000212s ]
INFO: [ template_filter ] --END-- [ RunTime:0.000293s ]
NOTIC: [8] Undefined index: subtitle D:\Development\Server\apache2.2.22\htdocs\newtrainingsys\Runtime\Cache\Home\a77ce601443794d56da432a33147a96f.php 第 148 行.
INFO: Run Behavior\ParseTemplateBehavior [ RunTime:0.028614s ]
INFO: [ view_parse ] --END-- [ RunTime:0.028689s ]
INFO: [ view_filter ] --START--
INFO: Run Behavior\WriteHtmlCacheBehavior [ RunTime:0.000636s ]
INFO: [ view_filter ] --END-- [ RunTime:0.000701s ]
INFO: [ app_end ] --START--
INFO: Run Behavior\ShowPageTraceBehavior [ RunTime:0.002039s ]
INFO: [ app_end ] --END-- [ RunTime:0.002172s ]

[ 2015-01-09T09:52:41+08:00 ] 127.0.0.1 /index.php?s=/Home/Course/detail/id/41.html
SQL: SHOW COLUMNS FROM `wg_course` [ RunTime:0.0043s ]
SQL: SELECT * FROM `wg_course` WHERE `id` = 41 LIMIT 1   [ RunTime:0.0006s ]
SQL: SHOW COLUMNS FROM `wg_member` [ RunTime:0.0043s ]
SQL: SELECT `nickname`,`middle_photo` FROM `wg_member` WHERE ( 1=1 AND uid='2' ) LIMIT 1   [ RunTime:0.0004s ]
SQL: SHOW COLUMNS FROM `wg_course_category` [ RunTime:0.0043s ]
SQL: SELECT `title` FROM `wg_course_category` WHERE ( 1=1 AND id='2' ) LIMIT 1   [ RunTime:0.0003s ]
SQL: SHOW COLUMNS FROM `wg_course_lesson` [ RunTime:0.0038s ]
SQL: SELECT `id`,`title` FROM `wg_course_lesson` WHERE ( 1=1 AND cid='41' )  [ RunTime:0.0004s ]
SQL: SHOW COLUMNS FROM `wg_member_course` [ RunTime:0.0040s ]
SQL: SELECT * FROM `wg_member_course` WHERE `uid` = 1 AND `cid` = 41 LIMIT 1   [ RunTime:0.0005s ]
INFO: [ view_parse ] --START--
INFO: [ template_filter ] --START--
INFO: Run Behavior\ContentReplaceBehavior [ RunTime:0.000222s ]
INFO: [ template_filter ] --END-- [ RunTime:0.000302s ]
NOTIC: [8] Undefined index: subtitle D:\Development\Server\apache2.2.22\htdocs\newtrainingsys\Runtime\Cache\Home\a77ce601443794d56da432a33147a96f.php 第 148 行.
INFO: Run Behavior\ParseTemplateBehavior [ RunTime:0.028380s ]
INFO: [ view_parse ] --END-- [ RunTime:0.028458s ]
INFO: [ view_filter ] --START--
INFO: Run Behavior\WriteHtmlCacheBehavior [ RunTime:0.000650s ]
INFO: [ view_filter ] --END-- [ RunTime:0.000715s ]
INFO: [ app_end ] --START--
INFO: Run Behavior\ShowPageTraceBehavior [ RunTime:0.001689s ]
INFO: [ app_end ] --END-- [ RunTime:0.001848s ]

[ 2015-01-09T09:52:47+08:00 ] 127.0.0.1 /index.php?s=/Home/Course/detailLesson/id/94.html
SQL: SHOW COLUMNS FROM `wg_course_lesson` [ RunTime:0.0038s ]
SQL: SELECT * FROM `wg_course_lesson` WHERE `id` = 94 LIMIT 1   [ RunTime:0.0005s ]
SQL: SHOW COLUMNS FROM `wg_course` [ RunTime:0.0043s ]
SQL: SELECT `title` FROM `wg_course` WHERE ( 1=1 AND id='41' ) LIMIT 1   [ RunTime:0.0004s ]
SQL: SHOW COLUMNS FROM `wg_course_videos` [ RunTime:0.0039s ]
SQL: SELECT * FROM `wg_course_videos` WHERE ( 1=1 AND id='51' ) LIMIT 1   [ RunTime:0.0004s ]
SQL: SHOW COLUMNS FROM `wg_member_course` [ RunTime:0.0040s ]
SQL: SELECT * FROM `wg_member_course` WHERE `uid` = 1 AND `cid` = 41 LIMIT 1   [ RunTime:0.0004s ]
SQL: SHOW COLUMNS FROM `wg_course` [ RunTime:0.0043s ]
SQL: SELECT * FROM `wg_course` WHERE `id` = 41 LIMIT 1   [ RunTime:0.0005s ]
SQL: SHOW COLUMNS FROM `wg_member` [ RunTime:0.0043s ]
SQL: SELECT `nickname`,`middle_photo` FROM `wg_member` WHERE ( 1=1 AND uid='2' ) LIMIT 1   [ RunTime:0.0003s ]
SQL: SHOW COLUMNS FROM `wg_course_category` [ RunTime:0.0043s ]
SQL: SELECT `title` FROM `wg_course_category` WHERE ( 1=1 AND id='2' ) LIMIT 1   [ RunTime:0.0004s ]
SQL: SHOW COLUMNS FROM `wg_course_lesson` [ RunTime:0.0038s ]
SQL: SELECT `id`,`title` FROM `wg_course_lesson` WHERE ( 1=1 AND cid='41' )  [ RunTime:0.0004s ]
SQL: SHOW COLUMNS FROM `wg_course_note` [ RunTime:0.0039s ]
SQL: SELECT `id`,`uid`,`cid`,`lesson_id`,`content`,`status`,`create_time`,`update_time`,`seq` FROM `wg_course_note` WHERE `status` = 1 AND `cid` = 41 AND `lesson_id` = 94 AND `uid` = 1 ORDER BY create_time DESC LIMIT 3   [ RunTime:0.0006s ]
INFO: [ view_parse ] --START--
NOTIC: [8] Undefined offset: 1 D:\Development\Server\apache2.2.22\htdocs\newtrainingsys\ThinkPHP\Library\Think\Template.class.php 第 531 行.
INFO: [ template_filter ] --START--
INFO: Run Behavior\ContentReplaceBehavior [ RunTime:0.000405s ]
INFO: [ template_filter ] --END-- [ RunTime:0.000493s ]
NOTIC: [8] Undefined variable: spark_config D:\Development\Server\apache2.2.22\htdocs\newtrainingsys\Runtime\Cache\Home\8a8e57904ccdd66ea797cf9a2e1c9027.php 第 211 行.
INFO: Run Behavior\ParseTemplateBehavior [ RunTime:0.025486s ]
INFO: [ view_parse ] --END-- [ RunTime:0.025561s ]
INFO: [ view_filter ] --START--
INFO: Run Behavior\WriteHtmlCacheBehavior [ RunTime:0.000663s ]
INFO: [ view_filter ] --END-- [ RunTime:0.000730s ]
INFO: [ app_end ] --START--
INFO: Run Behavior\ShowPageTraceBehavior [ RunTime:0.002008s ]
INFO: [ app_end ] --END-- [ RunTime:0.002168s ]

[ 2015-01-09T09:53:54+08:00 ] 127.0.0.1 /index.php?s=/Home/Course/detail/id/41.html
SQL: SHOW COLUMNS FROM `wg_course` [ RunTime:0.0043s ]
SQL: SELECT * FROM `wg_course` WHERE `id` = 41 LIMIT 1   [ RunTime:0.0005s ]
SQL: SHOW COLUMNS FROM `wg_member` [ RunTime:0.0042s ]
SQL: SELECT `nickname`,`middle_photo` FROM `wg_member` WHERE ( 1=1 AND uid='2' ) LIMIT 1   [ RunTime:0.0003s ]
SQL: SHOW COLUMNS FROM `wg_course_category` [ RunTime:0.0044s ]
SQL: SELECT `title` FROM `wg_course_category` WHERE ( 1=1 AND id='2' ) LIMIT 1   [ RunTime:0.0004s ]
SQL: SHOW COLUMNS FROM `wg_course_lesson` [ RunTime:0.0037s ]
SQL: SELECT `id`,`title` FROM `wg_course_lesson` WHERE ( 1=1 AND cid='41' )  [ RunTime:0.0004s ]
SQL: SHOW COLUMNS FROM `wg_member_course` [ RunTime:0.0039s ]
SQL: SELECT * FROM `wg_member_course` WHERE `uid` = 1 AND `cid` = 41 LIMIT 1   [ RunTime:0.0005s ]
INFO: [ view_parse ] --START--
INFO: [ template_filter ] --START--
INFO: Run Behavior\ContentReplaceBehavior [ RunTime:0.000214s ]
INFO: [ template_filter ] --END-- [ RunTime:0.000301s ]
NOTIC: [8] Undefined index: subtitle D:\Development\Server\apache2.2.22\htdocs\newtrainingsys\Runtime\Cache\Home\a77ce601443794d56da432a33147a96f.php 第 148 行.
INFO: Run Behavior\ParseTemplateBehavior [ RunTime:0.031107s ]
INFO: [ view_parse ] --END-- [ RunTime:0.031186s ]
INFO: [ view_filter ] --START--
INFO: Run Behavior\WriteHtmlCacheBehavior [ RunTime:0.000707s ]
INFO: [ view_filter ] --END-- [ RunTime:0.000772s ]
INFO: [ app_end ] --START--
INFO: Run Behavior\ShowPageTraceBehavior [ RunTime:0.003767s ]
INFO: [ app_end ] --END-- [ RunTime:0.003909s ]

[ 2015-01-09T09:53:56+08:00 ] 127.0.0.1 /index.php?s=/Home/Course/detailLesson/id/94.html
SQL: SHOW COLUMNS FROM `wg_course_lesson` [ RunTime:0.0037s ]
SQL: SELECT * FROM `wg_course_lesson` WHERE `id` = 94 LIMIT 1   [ RunTime:0.0005s ]
SQL: SHOW COLUMNS FROM `wg_course` [ RunTime:0.0055s ]
SQL: SELECT `title` FROM `wg_course` WHERE ( 1=1 AND id='41' ) LIMIT 1   [ RunTime:0.0003s ]
SQL: SHOW COLUMNS FROM `wg_course_videos` [ RunTime:0.0040s ]
SQL: SELECT * FROM `wg_course_videos` WHERE ( 1=1 AND id='51' ) LIMIT 1   [ RunTime:0.0005s ]
SQL: SHOW COLUMNS FROM `wg_member_course` [ RunTime:0.0038s ]
SQL: SELECT * FROM `wg_member_course` WHERE `uid` = 1 AND `cid` = 41 LIMIT 1   [ RunTime:0.0004s ]
SQL: SHOW COLUMNS FROM `wg_course` [ RunTime:0.0042s ]
SQL: SELECT * FROM `wg_course` WHERE `id` = 41 LIMIT 1   [ RunTime:0.0005s ]
SQL: SHOW COLUMNS FROM `wg_member` [ RunTime:0.0042s ]
SQL: SELECT `nickname`,`middle_photo` FROM `wg_member` WHERE ( 1=1 AND uid='2' ) LIMIT 1   [ RunTime:0.0003s ]
SQL: SHOW COLUMNS FROM `wg_course_category` [ RunTime:0.0042s ]
SQL: SELECT `title` FROM `wg_course_category` WHERE ( 1=1 AND id='2' ) LIMIT 1   [ RunTime:0.0004s ]
SQL: SHOW COLUMNS FROM `wg_course_lesson` [ RunTime:0.0037s ]
SQL: SELECT `id`,`title` FROM `wg_course_lesson` WHERE ( 1=1 AND cid='41' )  [ RunTime:0.0004s ]
SQL: SHOW COLUMNS FROM `wg_course_note` [ RunTime:0.0038s ]
SQL: SELECT `id`,`uid`,`cid`,`lesson_id`,`content`,`status`,`create_time`,`update_time`,`seq` FROM `wg_course_note` WHERE `status` = 1 AND `cid` = 41 AND `lesson_id` = 94 AND `uid` = 1 ORDER BY create_time DESC LIMIT 3   [ RunTime:0.0006s ]
INFO: [ view_parse ] --START--
NOTIC: [8] Undefined offset: 1 D:\Development\Server\apache2.2.22\htdocs\newtrainingsys\ThinkPHP\Library\Think\Template.class.php 第 531 行.
INFO: [ template_filter ] --START--
INFO: Run Behavior\ContentReplaceBehavior [ RunTime:0.000235s ]
INFO: [ template_filter ] --END-- [ RunTime:0.000307s ]
NOTIC: [8] Undefined variable: spark_config D:\Development\Server\apache2.2.22\htdocs\newtrainingsys\Runtime\Cache\Home\8a8e57904ccdd66ea797cf9a2e1c9027.php 第 211 行.
INFO: Run Behavior\ParseTemplateBehavior [ RunTime:0.024463s ]
INFO: [ view_parse ] --END-- [ RunTime:0.024541s ]
INFO: [ view_filter ] --START--
INFO: Run Behavior\WriteHtmlCacheBehavior [ RunTime:0.000720s ]
INFO: [ view_filter ] --END-- [ RunTime:0.000785s ]
INFO: [ app_end ] --START--
INFO: Run Behavior\ShowPageTraceBehavior [ RunTime:0.005209s ]
INFO: [ app_end ] --END-- [ RunTime:0.005390s ]

[ 2015-01-09T09:54:06+08:00 ] 127.0.0.1 /index.php?s=/Home/Course/detail/id/41.html
SQL: SHOW COLUMNS FROM `wg_course` [ RunTime:0.0042s ]
SQL: SELECT * FROM `wg_course` WHERE `id` = 41 LIMIT 1   [ RunTime:0.0006s ]
SQL: SHOW COLUMNS FROM `wg_member` [ RunTime:0.0042s ]
SQL: SELECT `nickname`,`middle_photo` FROM `wg_member` WHERE ( 1=1 AND uid='2' ) LIMIT 1   [ RunTime:0.0003s ]
SQL: SHOW COLUMNS FROM `wg_course_category` [ RunTime:0.0045s ]
SQL: SELECT `title` FROM `wg_course_category` WHERE ( 1=1 AND id='2' ) LIMIT 1   [ RunTime:0.0004s ]
SQL: SHOW COLUMNS FROM `wg_course_lesson` [ RunTime:0.0037s ]
SQL: SELECT `id`,`title` FROM `wg_course_lesson` WHERE ( 1=1 AND cid='41' )  [ RunTime:0.0004s ]
SQL: SHOW COLUMNS FROM `wg_member_course` [ RunTime:0.0038s ]
SQL: SELECT * FROM `wg_member_course` WHERE `uid` = 1 AND `cid` = 41 LIMIT 1   [ RunTime:0.0004s ]
INFO: [ view_parse ] --START--
INFO: [ template_filter ] --START--
INFO: Run Behavior\ContentReplaceBehavior [ RunTime:0.000212s ]
INFO: [ template_filter ] --END-- [ RunTime:0.000292s ]
NOTIC: [8] Undefined index: subtitle D:\Development\Server\apache2.2.22\htdocs\newtrainingsys\Runtime\Cache\Home\a77ce601443794d56da432a33147a96f.php 第 148 行.
INFO: Run Behavior\ParseTemplateBehavior [ RunTime:0.028031s ]
INFO: [ view_parse ] --END-- [ RunTime:0.028106s ]
INFO: [ view_filter ] --START--
INFO: Run Behavior\WriteHtmlCacheBehavior [ RunTime:0.000696s ]
INFO: [ view_filter ] --END-- [ RunTime:0.000764s ]
INFO: [ app_end ] --START--
INFO: Run Behavior\ShowPageTraceBehavior [ RunTime:0.003867s ]
INFO: [ app_end ] --END-- [ RunTime:0.003999s ]

[ 2015-01-09T09:54:08+08:00 ] 127.0.0.1 /index.php?s=/Home/Course/detailLesson/id/93.html
SQL: SHOW COLUMNS FROM `wg_course_lesson` [ RunTime:0.0038s ]
SQL: SELECT * FROM `wg_course_lesson` WHERE `id` = 93 LIMIT 1   [ RunTime:0.0004s ]
SQL: SHOW COLUMNS FROM `wg_course` [ RunTime:0.0046s ]
SQL: SELECT `title` FROM `wg_course` WHERE ( 1=1 AND id='41' ) LIMIT 1   [ RunTime:0.0004s ]
SQL: SHOW COLUMNS FROM `wg_course_videos` [ RunTime:0.0040s ]
SQL: SELECT * FROM `wg_course_videos` WHERE ( 1=1 AND id='50' ) LIMIT 1   [ RunTime:0.0005s ]
SQL: SHOW COLUMNS FROM `wg_member_course` [ RunTime:0.0050s ]
SQL: SELECT * FROM `wg_member_course` WHERE `uid` = 1 AND `cid` = 41 LIMIT 1   [ RunTime:0.0004s ]
SQL: SHOW COLUMNS FROM `wg_course` [ RunTime:0.0044s ]
SQL: SELECT * FROM `wg_course` WHERE `id` = 41 LIMIT 1   [ RunTime:0.0005s ]
SQL: SHOW COLUMNS FROM `wg_member` [ RunTime:0.0044s ]
SQL: SELECT `nickname`,`middle_photo` FROM `wg_member` WHERE ( 1=1 AND uid='2' ) LIMIT 1   [ RunTime:0.0003s ]
SQL: SHOW COLUMNS FROM `wg_course_category` [ RunTime:0.0051s ]
SQL: SELECT `title` FROM `wg_course_category` WHERE ( 1=1 AND id='2' ) LIMIT 1   [ RunTime:0.0004s ]
SQL: SHOW COLUMNS FROM `wg_course_lesson` [ RunTime:0.0046s ]
SQL: SELECT `id`,`title` FROM `wg_course_lesson` WHERE ( 1=1 AND cid='41' )  [ RunTime:0.0004s ]
SQL: SHOW COLUMNS FROM `wg_course_note` [ RunTime:0.0039s ]
SQL: SELECT `id`,`uid`,`cid`,`lesson_id`,`content`,`status`,`create_time`,`update_time`,`seq` FROM `wg_course_note` WHERE `status` = 1 AND `cid` = 41 AND `lesson_id` = 93 AND `uid` = 1 ORDER BY create_time DESC LIMIT 3   [ RunTime:0.0006s ]
INFO: [ view_parse ] --START--
NOTIC: [8] Undefined offset: 1 D:\Development\Server\apache2.2.22\htdocs\newtrainingsys\ThinkPHP\Library\Think\Template.class.php 第 531 行.
INFO: [ template_filter ] --START--
INFO: Run Behavior\ContentReplaceBehavior [ RunTime:0.000242s ]
INFO: [ template_filter ] --END-- [ RunTime:0.000321s ]
NOTIC: [8] Undefined variable: spark_config D:\Development\Server\apache2.2.22\htdocs\newtrainingsys\Runtime\Cache\Home\8a8e57904ccdd66ea797cf9a2e1c9027.php 第 211 行.
INFO: Run Behavior\ParseTemplateBehavior [ RunTime:0.026704s ]
INFO: [ view_parse ] --END-- [ RunTime:0.026779s ]
INFO: [ view_filter ] --START--
INFO: Run Behavior\WriteHtmlCacheBehavior [ RunTime:0.000672s ]
INFO: [ view_filter ] --END-- [ RunTime:0.000735s ]
INFO: [ app_end ] --START--
INFO: Run Behavior\ShowPageTraceBehavior [ RunTime:0.005961s ]
INFO: [ app_end ] --END-- [ RunTime:0.006117s ]

[ 2015-01-09T10:13:16+08:00 ] 127.0.0.1 /index.php?s=/Home/Course/detail/id/41.html
SQL: SHOW COLUMNS FROM `wg_course` [ RunTime:0.0322s ]
SQL: SELECT * FROM `wg_course` WHERE `id` = 41 LIMIT 1   [ RunTime:0.0022s ]
SQL: SHOW COLUMNS FROM `wg_member` [ RunTime:0.0188s ]
SQL: SELECT `nickname`,`middle_photo` FROM `wg_member` WHERE ( 1=1 AND uid='2' ) LIMIT 1   [ RunTime:0.0003s ]
SQL: SHOW COLUMNS FROM `wg_course_category` [ RunTime:0.0078s ]
SQL: SELECT `title` FROM `wg_course_category` WHERE ( 1=1 AND id='2' ) LIMIT 1   [ RunTime:0.0004s ]
SQL: SHOW COLUMNS FROM `wg_course_lesson` [ RunTime:0.0043s ]
SQL: SELECT `id`,`title` FROM `wg_course_lesson` WHERE ( 1=1 AND cid='41' )  [ RunTime:0.0004s ]
SQL: SHOW COLUMNS FROM `wg_member_course` [ RunTime:0.0056s ]
SQL: SELECT * FROM `wg_member_course` WHERE `uid` = 1 AND `cid` = 41 LIMIT 1   [ RunTime:0.0200s ]
INFO: [ view_parse ] --START--
INFO: [ template_filter ] --START--
INFO: Run Behavior\ContentReplaceBehavior [ RunTime:0.000216s ]
INFO: [ template_filter ] --END-- [ RunTime:0.000296s ]
NOTIC: [8] Undefined index: subtitle D:\Development\Server\apache2.2.22\htdocs\newtrainingsys\Runtime\Cache\Home\a77ce601443794d56da432a33147a96f.php 第 148 行.
INFO: Run Behavior\ParseTemplateBehavior [ RunTime:0.340155s ]
INFO: [ view_parse ] --END-- [ RunTime:0.340262s ]
INFO: [ view_filter ] --START--
INFO: Run Behavior\WriteHtmlCacheBehavior [ RunTime:0.000796s ]
INFO: [ view_filter ] --END-- [ RunTime:0.000866s ]
INFO: [ app_end ] --START--
INFO: Run Behavior\ShowPageTraceBehavior [ RunTime:0.004136s ]
INFO: [ app_end ] --END-- [ RunTime:0.004436s ]

[ 2015-01-09T10:13:19+08:00 ] 127.0.0.1 /index.php?s=/Home/Course/detailLesson/id/93.html
SQL: SHOW COLUMNS FROM `wg_course_lesson` [ RunTime:0.0044s ]
SQL: SELECT * FROM `wg_course_lesson` WHERE `id` = 93 LIMIT 1   [ RunTime:0.0005s ]
SQL: SHOW COLUMNS FROM `wg_course` [ RunTime:0.0057s ]
SQL: SELECT `title` FROM `wg_course` WHERE ( 1=1 AND id='41' ) LIMIT 1   [ RunTime:0.0004s ]
SQL: SHOW COLUMNS FROM `wg_course_videos` [ RunTime:0.0334s ]
SQL: SELECT * FROM `wg_course_videos` WHERE ( 1=1 AND id='50' ) LIMIT 1   [ RunTime:0.0008s ]
SQL: SHOW COLUMNS FROM `wg_member_course` [ RunTime:0.0048s ]
SQL: SELECT * FROM `wg_member_course` WHERE `uid` = 1 AND `cid` = 41 LIMIT 1   [ RunTime:0.0004s ]
SQL: SHOW COLUMNS FROM `wg_course` [ RunTime:0.0050s ]
SQL: SELECT * FROM `wg_course` WHERE `id` = 41 LIMIT 1   [ RunTime:0.0005s ]
SQL: SHOW COLUMNS FROM `wg_member` [ RunTime:0.0049s ]
SQL: SELECT `nickname`,`middle_photo` FROM `wg_member` WHERE ( 1=1 AND uid='2' ) LIMIT 1   [ RunTime:0.0003s ]
SQL: SHOW COLUMNS FROM `wg_course_category` [ RunTime:0.0046s ]
SQL: SELECT `title` FROM `wg_course_category` WHERE ( 1=1 AND id='2' ) LIMIT 1   [ RunTime:0.0004s ]
SQL: SHOW COLUMNS FROM `wg_course_lesson` [ RunTime:0.0038s ]
SQL: SELECT `id`,`title` FROM `wg_course_lesson` WHERE ( 1=1 AND cid='41' )  [ RunTime:0.0004s ]
SQL: SHOW COLUMNS FROM `wg_course_note` [ RunTime:0.0039s ]
SQL: SELECT `id`,`uid`,`cid`,`lesson_id`,`content`,`status`,`create_time`,`update_time`,`seq` FROM `wg_course_note` WHERE `status` = 1 AND `cid` = 41 AND `lesson_id` = 93 AND `uid` = 1 ORDER BY create_time DESC LIMIT 3   [ RunTime:0.0006s ]
INFO: [ view_parse ] --START--
NOTIC: [8] Undefined offset: 1 D:\Development\Server\apache2.2.22\htdocs\newtrainingsys\ThinkPHP\Library\Think\Template.class.php 第 531 行.
INFO: [ template_filter ] --START--
INFO: Run Behavior\ContentReplaceBehavior [ RunTime:0.000235s ]
INFO: [ template_filter ] --END-- [ RunTime:0.000309s ]
NOTIC: [8] Undefined variable: spark_config D:\Development\Server\apache2.2.22\htdocs\newtrainingsys\Runtime\Cache\Home\8a8e57904ccdd66ea797cf9a2e1c9027.php 第 211 行.
INFO: Run Behavior\ParseTemplateBehavior [ RunTime:0.068277s ]
INFO: [ view_parse ] --END-- [ RunTime:0.068390s ]
INFO: [ view_filter ] --START--
INFO: Run Behavior\WriteHtmlCacheBehavior [ RunTime:0.000645s ]
INFO: [ view_filter ] --END-- [ RunTime:0.000710s ]
INFO: [ app_end ] --START--
INFO: Run Behavior\ShowPageTraceBehavior [ RunTime:0.002129s ]
INFO: [ app_end ] --END-- [ RunTime:0.002296s ]

[ 2015-01-09T10:16:33+08:00 ] 127.0.0.1 /index.php?s=/Home/Course/detail/id/41.html
SQL: SHOW COLUMNS FROM `wg_course` [ RunTime:0.0048s ]
SQL: SELECT * FROM `wg_course` WHERE `id` = 41 LIMIT 1   [ RunTime:0.0006s ]
SQL: SHOW COLUMNS FROM `wg_member` [ RunTime:0.0044s ]
SQL: SELECT `nickname`,`middle_photo` FROM `wg_member` WHERE ( 1=1 AND uid='2' ) LIMIT 1   [ RunTime:0.0003s ]
SQL: SHOW COLUMNS FROM `wg_course_category` [ RunTime:0.0046s ]
SQL: SELECT `title` FROM `wg_course_category` WHERE ( 1=1 AND id='2' ) LIMIT 1   [ RunTime:0.0003s ]
SQL: SHOW COLUMNS FROM `wg_course_lesson` [ RunTime:0.0038s ]
SQL: SELECT `id`,`title` FROM `wg_course_lesson` WHERE ( 1=1 AND cid='41' )  [ RunTime:0.0004s ]
SQL: SHOW COLUMNS FROM `wg_member_course` [ RunTime:0.0038s ]
SQL: SELECT * FROM `wg_member_course` WHERE `uid` = 1 AND `cid` = 41 LIMIT 1   [ RunTime:0.0004s ]
INFO: [ view_parse ] --START--
INFO: [ template_filter ] --START--
INFO: Run Behavior\ContentReplaceBehavior [ RunTime:0.000217s ]
INFO: [ template_filter ] --END-- [ RunTime:0.000299s ]
NOTIC: [8] Undefined index: subtitle D:\Development\Server\apache2.2.22\htdocs\newtrainingsys\Runtime\Cache\Home\a77ce601443794d56da432a33147a96f.php 第 148 行.
INFO: Run Behavior\ParseTemplateBehavior [ RunTime:0.116596s ]
INFO: [ view_parse ] --END-- [ RunTime:0.116670s ]
INFO: [ view_filter ] --START--
INFO: Run Behavior\WriteHtmlCacheBehavior [ RunTime:0.019090s ]
INFO: [ view_filter ] --END-- [ RunTime:0.019176s ]
INFO: [ app_end ] --START--
INFO: Run Behavior\ShowPageTraceBehavior [ RunTime:0.018880s ]
INFO: [ app_end ] --END-- [ RunTime:0.019058s ]

[ 2015-01-09T10:16:37+08:00 ] 127.0.0.1 /index.php?s=/Home/Course/detailLesson/id/93.html
SQL: SHOW COLUMNS FROM `wg_course_lesson` [ RunTime:0.0043s ]
SQL: SELECT * FROM `wg_course_lesson` WHERE `id` = 93 LIMIT 1   [ RunTime:0.0004s ]
SQL: SHOW COLUMNS FROM `wg_course` [ RunTime:0.0043s ]
SQL: SELECT `title` FROM `wg_course` WHERE ( 1=1 AND id='41' ) LIMIT 1   [ RunTime:0.0003s ]
SQL: SHOW COLUMNS FROM `wg_course_videos` [ RunTime:0.0040s ]
SQL: SELECT * FROM `wg_course_videos` WHERE ( 1=1 AND id='50' ) LIMIT 1   [ RunTime:0.0005s ]
SQL: SHOW COLUMNS FROM `wg_member_course` [ RunTime:0.0039s ]
SQL: SELECT * FROM `wg_member_course` WHERE `uid` = 1 AND `cid` = 41 LIMIT 1   [ RunTime:0.0004s ]
SQL: SHOW COLUMNS FROM `wg_course` [ RunTime:0.0042s ]
SQL: SELECT * FROM `wg_course` WHERE `id` = 41 LIMIT 1   [ RunTime:0.0005s ]
SQL: SHOW COLUMNS FROM `wg_member` [ RunTime:0.0042s ]
SQL: SELECT `nickname`,`middle_photo` FROM `wg_member` WHERE ( 1=1 AND uid='2' ) LIMIT 1   [ RunTime:0.0003s ]
SQL: SHOW COLUMNS FROM `wg_course_category` [ RunTime:0.0060s ]
SQL: SELECT `title` FROM `wg_course_category` WHERE ( 1=1 AND id='2' ) LIMIT 1   [ RunTime:0.0004s ]
SQL: SHOW COLUMNS FROM `wg_course_lesson` [ RunTime:0.0040s ]
SQL: SELECT `id`,`title` FROM `wg_course_lesson` WHERE ( 1=1 AND cid='41' )  [ RunTime:0.0004s ]
SQL: SHOW COLUMNS FROM `wg_course_note` [ RunTime:0.0038s ]
SQL: SELECT `id`,`uid`,`cid`,`lesson_id`,`content`,`status`,`create_time`,`update_time`,`seq` FROM `wg_course_note` WHERE `status` = 1 AND `cid` = 41 AND `lesson_id` = 93 AND `uid` = 1 ORDER BY create_time DESC LIMIT 3   [ RunTime:0.0006s ]
INFO: [ view_parse ] --START--
NOTIC: [8] Undefined offset: 1 D:\Development\Server\apache2.2.22\htdocs\newtrainingsys\ThinkPHP\Library\Think\Template.class.php 第 531 行.
INFO: [ template_filter ] --START--
INFO: Run Behavior\ContentReplaceBehavior [ RunTime:0.000236s ]
INFO: [ template_filter ] --END-- [ RunTime:0.000312s ]
NOTIC: [8] Undefined variable: spark_config D:\Development\Server\apache2.2.22\htdocs\newtrainingsys\Runtime\Cache\Home\8a8e57904ccdd66ea797cf9a2e1c9027.php 第 211 行.
INFO: Run Behavior\ParseTemplateBehavior [ RunTime:0.041140s ]
INFO: [ view_parse ] --END-- [ RunTime:0.041228s ]
INFO: [ view_filter ] --START--
INFO: Run Behavior\WriteHtmlCacheBehavior [ RunTime:0.000672s ]
INFO: [ view_filter ] --END-- [ RunTime:0.000736s ]
INFO: [ app_end ] --START--
INFO: Run Behavior\ShowPageTraceBehavior [ RunTime:0.004082s ]
INFO: [ app_end ] --END-- [ RunTime:0.004224s ]

[ 2015-01-09T10:45:57+08:00 ] 127.0.0.1 /index.php?s=/Home/Index/index.html
SQL: SHOW COLUMNS FROM `wg_course_lunbo` [ RunTime:0.0174s ]
SQL: SELECT `id`,`title`,`subheading`,`url`,`seq`,`create_time`,`uid`,`update_time`,`status` FROM `wg_course_lunbo` WHERE `status` = 1 ORDER BY seq DESC  [ RunTime:0.0077s ]
SQL: SHOW COLUMNS FROM `wg_course` [ RunTime:0.0043s ]
SQL: SELECT `id`,`title`,`status`,`category_id`,`price`,`expiry_day`,`show_student_num_type`,`income`,`lesson_num`,`rating`,`rating_num`,`tags`,`small_picture`,`middle_picture`,`large_picture`,`about`,`student_num`,`uid`,`create_time`,`start_time`,`picture`,`end_time`,`seq`,`publish_status`,`update_time` FROM `wg_course` WHERE `status` IN (1) ORDER BY seq DESC  [ RunTime:0.0032s ]
SQL: SHOW COLUMNS FROM `wg_member` [ RunTime:0.0046s ]
SQL: SELECT `nickname`,`middle_photo` FROM `wg_member` WHERE ( 1=1 AND uid='2' ) LIMIT 1   [ RunTime:0.0003s ]
SQL: SHOW COLUMNS FROM `wg_course_category` [ RunTime:0.0072s ]
SQL: SELECT `title` FROM `wg_course_category` WHERE ( 1=1 AND id='2' ) LIMIT 1   [ RunTime:0.0004s ]
SQL: SHOW COLUMNS FROM `wg_course_lesson` [ RunTime:0.0041s ]
SQL: SELECT `id`,`title` FROM `wg_course_lesson` WHERE ( 1=1 AND cid='41' )  [ RunTime:0.0004s ]
SQL: SELECT `nickname`,`middle_photo` FROM `wg_member` WHERE ( 1=1 AND uid='2' ) LIMIT 1   [ RunTime:0.0003s ]
SQL: SELECT `title` FROM `wg_course_category` WHERE ( 1=1 AND id='2' ) LIMIT 1   [ RunTime:0.0003s ]
SQL: SELECT `id`,`title` FROM `wg_course_lesson` WHERE ( 1=1 AND cid='44' )  [ RunTime:0.0003s ]
SQL: SELECT `nickname`,`middle_photo` FROM `wg_member` WHERE ( 1=1 AND uid='2' ) LIMIT 1   [ RunTime:0.0002s ]
SQL: SELECT `title` FROM `wg_course_category` WHERE ( 1=1 AND id='2' ) LIMIT 1   [ RunTime:0.0003s ]
SQL: SELECT `id`,`title` FROM `wg_course_lesson` WHERE ( 1=1 AND cid='45' )  [ RunTime:0.0003s ]
SQL: SELECT `nickname`,`middle_photo` FROM `wg_member` WHERE ( 1=1 AND uid='0' ) LIMIT 1   [ RunTime:0.0003s ]
SQL: SELECT `title` FROM `wg_course_category` WHERE ( 1=1 AND id='2' ) LIMIT 1   [ RunTime:0.0002s ]
SQL: SELECT `id`,`title` FROM `wg_course_lesson` WHERE ( 1=1 AND cid='46' )  [ RunTime:0.0003s ]
INFO: [ view_parse ] --START--
INFO: [ template_filter ] --START--
INFO: Run Behavior\ContentReplaceBehavior [ RunTime:0.000214s ]
INFO: [ template_filter ] --END-- [ RunTime:0.000297s ]
INFO: Run Behavior\ParseTemplateBehavior [ RunTime:0.121792s ]
INFO: [ view_parse ] --END-- [ RunTime:0.121891s ]
INFO: [ view_filter ] --START--
INFO: Run Behavior\WriteHtmlCacheBehavior [ RunTime:0.000919s ]
INFO: [ view_filter ] --END-- [ RunTime:0.000993s ]
INFO: [ app_end ] --START--
INFO: Run Behavior\ShowPageTraceBehavior [ RunTime:0.002583s ]
INFO: [ app_end ] --END-- [ RunTime:0.002673s ]

[ 2015-01-09T15:01:21+08:00 ] 127.0.0.1 /index.php?s=/Home/User/logout.html
SQL: SHOW COLUMNS FROM `wg_member` [ RunTime:0.0598s ]
INFO: [ view_parse ] --START--
INFO: [ template_filter ] --START--
INFO: Run Behavior\ContentReplaceBehavior [ RunTime:0.000082s ]
INFO: [ template_filter ] --END-- [ RunTime:0.000171s ]
INFO: Run Behavior\ParseTemplateBehavior [ RunTime:0.140059s ]
INFO: [ view_parse ] --END-- [ RunTime:0.140157s ]
INFO: [ view_filter ] --START--
INFO: Run Behavior\WriteHtmlCacheBehavior [ RunTime:0.000703s ]
INFO: [ view_filter ] --END-- [ RunTime:0.001080s ]
INFO: [ app_end ] --START--
INFO: Run Behavior\ShowPageTraceBehavior [ RunTime:0.001252s ]
INFO: [ app_end ] --END-- [ RunTime:0.001328s ]

[ 2015-01-09T15:01:22+08:00 ] 127.0.0.1 /index.php?s=/Home/User/login.html
INFO: [ view_parse ] --START--
INFO: [ template_filter ] --START--
INFO: Run Behavior\ContentReplaceBehavior [ RunTime:0.000209s ]
INFO: [ template_filter ] --END-- [ RunTime:0.000336s ]
INFO: Run Behavior\ParseTemplateBehavior [ RunTime:0.101212s ]
INFO: [ view_parse ] --END-- [ RunTime:0.101929s ]
INFO: [ view_filter ] --START--
INFO: Run Behavior\WriteHtmlCacheBehavior [ RunTime:0.000703s ]
INFO: [ view_filter ] --END-- [ RunTime:0.000774s ]
INFO: [ app_end ] --START--
INFO: Run Behavior\ShowPageTraceBehavior [ RunTime:0.005332s ]
INFO: [ app_end ] --END-- [ RunTime:0.005422s ]

[ 2015-01-09T15:03:27+08:00 ] 127.0.0.1 /index.php?s=/Home/User/login.html
INFO: [ view_parse ] --START--
INFO: [ template_filter ] --START--
INFO: Run Behavior\ContentReplaceBehavior [ RunTime:0.000215s ]
INFO: [ template_filter ] --END-- [ RunTime:0.000337s ]
INFO: Run Behavior\ParseTemplateBehavior [ RunTime:0.027471s ]
INFO: [ view_parse ] --END-- [ RunTime:0.028303s ]
INFO: [ view_filter ] --START--
INFO: Run Behavior\WriteHtmlCacheBehavior [ RunTime:0.000639s ]
INFO: [ view_filter ] --END-- [ RunTime:0.000703s ]
INFO: [ app_end ] --START--
INFO: Run Behavior\ShowPageTraceBehavior [ RunTime:0.001271s ]
INFO: [ app_end ] --END-- [ RunTime:0.001368s ]

[ 2015-01-09T15:03:35+08:00 ] 127.0.0.1 /index.php?s=/Home/User/login.html
INFO: [ app_begin ] --START--
INFO: Run Behavior\ReadHtmlCacheBehavior [ RunTime:0.001113s ]
INFO: [ app_begin ] --END-- [ RunTime:0.001740s ]
SQL: SHOW COLUMNS FROM `wg_config` [ RunTime:0.0042s ]
SQL: SELECT `type`,`name`,`value` FROM `wg_config` WHERE `status` = 1  [ RunTime:0.0006s ]
SQL: SHOW COLUMNS FROM `wg_ucenter_member` [ RunTime:0.1107s ]
SQL: SELECT * FROM `wg_ucenter_member` WHERE `username` = 'admin' LIMIT 1   [ RunTime:0.0236s ]
NOTIC: [8] Undefined index: lite D:\Development\Server\apache2.2.22\htdocs\newtrainingsys\ThinkPHP\Library\Think\Db.class.php 第 37 行.
SQL: SHOW COLUMNS FROM `wg_member` [ RunTime:0.0047s ]
SQL: SELECT `uid`,`nickname`,`sex`,`birthday`,`qq`,`score`,`login`,`reg_ip`,`reg_time`,`last_login_ip`,`last_login_time`,`status`,`photo`,`small_photo`,`middle_photo`,`large_photo`,`birth_province`,`birth_city`,`mobile`,`telephone`,`about`,`real_name`,`card`,`univs`,`department`,`profession` FROM `wg_member` WHERE `uid` = 1 LIMIT 1   [ RunTime:0.0212s ]
SQL: UPDATE `wg_member` SET `login`=`login`+1,`last_login_time`='1420787014',`last_login_ip`='2130706433' WHERE `uid` = 1 [ RunTime:0.0158s ]
SQL: SHOW COLUMNS FROM `wg_action` [ RunTime:0.0305s ]
SQL: SELECT * FROM `wg_action` WHERE `name` = 'user_login' LIMIT 1   [ RunTime:0.0009s ]
SQL: SHOW COLUMNS FROM `wg_action_log` [ RunTime:0.0049s ]
SQL: INSERT INTO `wg_action_log` (`action_id`,`user_id`,`action_ip`,`model`,`record_id`,`create_time`,`remark`) VALUES ('1','1','2130706433','member','1','1420787014','admin在2015-01-09 15:03登录了后台') [ RunTime:0.0515s ]
SQL: SELECT * FROM `wg_action` WHERE `name` = 'user_login' LIMIT 1   [ RunTime:0.0005s ]
NOTIC: [8] Undefined offset: 1 D:\Development\Server\apache2.2.22\htdocs\newtrainingsys\Application\Common\Common\function.php 第 718 行.
NOTIC: [2] array_key_exists() expects parameter 2 to be array, null given D:\Development\Server\apache2.2.22\htdocs\newtrainingsys\Application\Common\Common\function.php 第 718 行.
SQL: SELECT COUNT(*) AS tp_count FROM `wg_action_log` WHERE `action_id` = 1 AND `user_id` = 1 AND `create_time` > 1420700614 LIMIT 1   [ RunTime:0.1054s ]

[ 2015-01-09T15:03:37+08:00 ] 127.0.0.1 /index.php?s=/Home/Index/index.html
SQL: SHOW COLUMNS FROM `wg_course_lunbo` [ RunTime:0.0144s ]
SQL: SELECT `id`,`title`,`subheading`,`url`,`seq`,`create_time`,`uid`,`update_time`,`status` FROM `wg_course_lunbo` WHERE `status` = 1 ORDER BY seq DESC  [ RunTime:0.0184s ]
SQL: SHOW COLUMNS FROM `wg_course` [ RunTime:0.0367s ]
SQL: SELECT `id`,`title`,`status`,`category_id`,`price`,`expiry_day`,`show_student_num_type`,`income`,`lesson_num`,`rating`,`rating_num`,`tags`,`small_picture`,`middle_picture`,`large_picture`,`about`,`student_num`,`uid`,`create_time`,`start_time`,`picture`,`end_time`,`seq`,`publish_status`,`update_time` FROM `wg_course` WHERE `status` IN (1) ORDER BY seq DESC  [ RunTime:0.0283s ]
SQL: SHOW COLUMNS FROM `wg_member` [ RunTime:0.0050s ]
SQL: SELECT `nickname`,`middle_photo` FROM `wg_member` WHERE ( 1=1 AND uid='2' ) LIMIT 1   [ RunTime:0.0003s ]
SQL: SHOW COLUMNS FROM `wg_course_category` [ RunTime:0.0261s ]
SQL: SELECT `title` FROM `wg_course_category` WHERE ( 1=1 AND id='2' ) LIMIT 1   [ RunTime:0.0004s ]
SQL: SHOW COLUMNS FROM `wg_course_lesson` [ RunTime:0.0047s ]
SQL: SELECT `id`,`title` FROM `wg_course_lesson` WHERE ( 1=1 AND cid='41' )  [ RunTime:0.0106s ]
SQL: SELECT `nickname`,`middle_photo` FROM `wg_member` WHERE ( 1=1 AND uid='2' ) LIMIT 1   [ RunTime:0.0004s ]
SQL: SELECT `title` FROM `wg_course_category` WHERE ( 1=1 AND id='2' ) LIMIT 1   [ RunTime:0.0004s ]
SQL: SELECT `id`,`title` FROM `wg_course_lesson` WHERE ( 1=1 AND cid='44' )  [ RunTime:0.0003s ]
SQL: SELECT `nickname`,`middle_photo` FROM `wg_member` WHERE ( 1=1 AND uid='2' ) LIMIT 1   [ RunTime:0.0003s ]
SQL: SELECT `title` FROM `wg_course_category` WHERE ( 1=1 AND id='2' ) LIMIT 1   [ RunTime:0.0003s ]
SQL: SELECT `id`,`title` FROM `wg_course_lesson` WHERE ( 1=1 AND cid='45' )  [ RunTime:0.0006s ]
SQL: SELECT `nickname`,`middle_photo` FROM `wg_member` WHERE ( 1=1 AND uid='0' ) LIMIT 1   [ RunTime:0.0003s ]
SQL: SELECT `title` FROM `wg_course_category` WHERE ( 1=1 AND id='2' ) LIMIT 1   [ RunTime:0.0003s ]
SQL: SELECT `id`,`title` FROM `wg_course_lesson` WHERE ( 1=1 AND cid='46' )  [ RunTime:0.0003s ]
INFO: [ view_parse ] --START--
INFO: [ template_filter ] --START--
INFO: Run Behavior\ContentReplaceBehavior [ RunTime:0.000219s ]
INFO: [ template_filter ] --END-- [ RunTime:0.000316s ]
INFO: Run Behavior\ParseTemplateBehavior [ RunTime:0.045489s ]
INFO: [ view_parse ] --END-- [ RunTime:0.045583s ]
INFO: [ view_filter ] --START--
INFO: Run Behavior\WriteHtmlCacheBehavior [ RunTime:0.000747s ]
INFO: [ view_filter ] --END-- [ RunTime:0.000818s ]
INFO: [ app_end ] --START--
INFO: Run Behavior\ShowPageTraceBehavior [ RunTime:0.001825s ]
INFO: [ app_end ] --END-- [ RunTime:0.001912s ]

