[ 2015-01-21T09:33:41+08:00 ] ::1 /
SQL: SHOW COLUMNS FROM `wg_course_lunbo` [ RunTime:0.0041s ]
SQL: SELECT `id`,`title`,`subheading`,`url`,`seq`,`create_time`,`uid`,`update_time`,`status` FROM `wg_course_lunbo` WHERE `status` = 1 ORDER BY seq DESC  [ RunTime:0.0004s ]
SQL: SHOW COLUMNS FROM `wg_course` [ RunTime:0.0056s ]
SQL: SELECT `id`,`title`,`status`,`category_id`,`price`,`expiry_day`,`show_student_num_type`,`income`,`lesson_num`,`rating`,`rating_num`,`tags`,`small_picture`,`middle_picture`,`large_picture`,`about`,`student_num`,`uid`,`create_time`,`start_time`,`picture`,`end_time`,`seq`,`publish_status`,`update_time` FROM `wg_course` WHERE `status` IN (1) ORDER BY seq DESC  [ RunTime:0.0005s ]
SQL: SHOW COLUMNS FROM `wg_member` [ RunTime:0.0065s ]
SQL: SELECT `nickname`,`middle_photo` FROM `wg_member` WHERE ( 1=1 AND uid='1' ) LIMIT 1   [ RunTime:0.0014s ]
SQL: SHOW COLUMNS FROM `wg_course_category` [ RunTime:0.0048s ]
SQL: SELECT `title` FROM `wg_course_category` WHERE ( 1=1 AND id='2' ) LIMIT 1   [ RunTime:0.0017s ]
SQL: SHOW COLUMNS FROM `wg_course_lesson` [ RunTime:0.0034s ]
SQL: SELECT `id`,`title` FROM `wg_course_lesson` WHERE ( 1=1 AND cid='41' )  [ RunTime:0.0004s ]
SQL: SELECT `nickname`,`middle_photo` FROM `wg_member` WHERE ( 1=1 AND uid='1' ) LIMIT 1   [ RunTime:0.0003s ]
SQL: SELECT `title` FROM `wg_course_category` WHERE ( 1=1 AND id='2' ) LIMIT 1   [ RunTime:0.0003s ]
SQL: SELECT `id`,`title` FROM `wg_course_lesson` WHERE ( 1=1 AND cid='43' )  [ RunTime:0.0003s ]
SQL: SELECT `nickname`,`middle_photo` FROM `wg_member` WHERE ( 1=1 AND uid='1' ) LIMIT 1   [ RunTime:0.0003s ]
SQL: SELECT `title` FROM `wg_course_category` WHERE ( 1=1 AND id='2' ) LIMIT 1   [ RunTime:0.0003s ]
SQL: SELECT `id`,`title` FROM `wg_course_lesson` WHERE ( 1=1 AND cid='44' )  [ RunTime:0.0004s ]
SQL: SELECT `nickname`,`middle_photo` FROM `wg_member` WHERE ( 1=1 AND uid='1' ) LIMIT 1   [ RunTime:0.0003s ]
SQL: SELECT `title` FROM `wg_course_category` WHERE ( 1=1 AND id='2' ) LIMIT 1   [ RunTime:0.0003s ]
SQL: SELECT `id`,`title` FROM `wg_course_lesson` WHERE ( 1=1 AND cid='45' )  [ RunTime:0.0002s ]
SQL: SELECT `nickname`,`middle_photo` FROM `wg_member` WHERE ( 1=1 AND uid='1' ) LIMIT 1   [ RunTime:0.0002s ]
SQL: SELECT `title` FROM `wg_course_category` WHERE ( 1=1 AND id='2' ) LIMIT 1   [ RunTime:0.0003s ]
SQL: SELECT `id`,`title` FROM `wg_course_lesson` WHERE ( 1=1 AND cid='46' )  [ RunTime:0.0003s ]
INFO: [ view_parse ] --START--
INFO: [ template_filter ] --START--
INFO: Run Behavior\ContentReplaceBehavior [ RunTime:0.000203s ]
INFO: [ template_filter ] --END-- [ RunTime:0.000347s ]
INFO: Run Behavior\ParseTemplateBehavior [ RunTime:0.047725s ]
INFO: [ view_parse ] --END-- [ RunTime:0.047933s ]
INFO: [ view_filter ] --START--
INFO: Run Behavior\WriteHtmlCacheBehavior [ RunTime:0.000666s ]
INFO: [ view_filter ] --END-- [ RunTime:0.000765s ]
INFO: [ app_end ] --START--
INFO: Run Behavior\ShowPageTraceBehavior [ RunTime:0.001741s ]
INFO: [ app_end ] --END-- [ RunTime:0.001857s ]

[ 2015-01-21T09:33:46+08:00 ] ::1 /index.php?s=/Home/User/login.html
INFO: [ view_parse ] --START--
INFO: [ template_filter ] --START--
INFO: Run Behavior\ContentReplaceBehavior [ RunTime:0.000095s ]
INFO: [ template_filter ] --END-- [ RunTime:0.000190s ]
INFO: Run Behavior\ParseTemplateBehavior [ RunTime:0.027695s ]
INFO: [ view_parse ] --END-- [ RunTime:0.028299s ]
INFO: [ view_filter ] --START--
INFO: Run Behavior\WriteHtmlCacheBehavior [ RunTime:0.000175s ]
INFO: [ view_filter ] --END-- [ RunTime:0.000234s ]
INFO: [ app_end ] --START--
INFO: Run Behavior\ShowPageTraceBehavior [ RunTime:0.001092s ]
INFO: [ app_end ] --END-- [ RunTime:0.001248s ]

[ 2015-01-21T09:33:54+08:00 ] ::1 /index.php?s=/Home/user/register.html
INFO: [ view_parse ] --START--
INFO: [ template_filter ] --START--
INFO: Run Behavior\ContentReplaceBehavior [ RunTime:0.000166s ]
INFO: [ template_filter ] --END-- [ RunTime:0.000285s ]
INFO: Run Behavior\ParseTemplateBehavior [ RunTime:0.025769s ]
INFO: [ view_parse ] --END-- [ RunTime:0.026583s ]
INFO: [ view_filter ] --START--
INFO: Run Behavior\WriteHtmlCacheBehavior [ RunTime:0.000202s ]
INFO: [ view_filter ] --END-- [ RunTime:0.000289s ]
INFO: [ app_end ] --START--
INFO: Run Behavior\ShowPageTraceBehavior [ RunTime:0.001089s ]
INFO: [ app_end ] --END-- [ RunTime:0.001260s ]

[ 2015-01-21T09:33:56+08:00 ] ::1 /index.php?s=/Home/user/login.html
INFO: [ view_parse ] --START--
INFO: [ template_filter ] --START--
INFO: Run Behavior\ContentReplaceBehavior [ RunTime:0.000079s ]
INFO: [ template_filter ] --END-- [ RunTime:0.000153s ]
INFO: Run Behavior\ParseTemplateBehavior [ RunTime:0.016079s ]
INFO: [ view_parse ] --END-- [ RunTime:0.016575s ]
INFO: [ view_filter ] --START--
INFO: Run Behavior\WriteHtmlCacheBehavior [ RunTime:0.000199s ]
INFO: [ view_filter ] --END-- [ RunTime:0.000258s ]
INFO: [ app_end ] --START--
INFO: Run Behavior\ShowPageTraceBehavior [ RunTime:0.000802s ]
INFO: [ app_end ] --END-- [ RunTime:0.000891s ]

[ 2015-01-21T09:34:02+08:00 ] ::1 /index.php?s=/Home/User/login.html
INFO: [ view_parse ] --START--
INFO: [ template_filter ] --START--
INFO: Run Behavior\ContentReplaceBehavior [ RunTime:0.000103s ]
INFO: [ template_filter ] --END-- [ RunTime:0.000204s ]
INFO: Run Behavior\ParseTemplateBehavior [ RunTime:0.021897s ]
INFO: [ view_parse ] --END-- [ RunTime:0.022606s ]
INFO: [ view_filter ] --START--
INFO: Run Behavior\WriteHtmlCacheBehavior [ RunTime:0.000182s ]
INFO: [ view_filter ] --END-- [ RunTime:0.000252s ]
INFO: [ app_end ] --START--
INFO: Run Behavior\ShowPageTraceBehavior [ RunTime:0.000812s ]
INFO: [ app_end ] --END-- [ RunTime:0.000918s ]

[ 2015-01-21T09:34:57+08:00 ] ::1 /index.php?s=/Home/User/login.html
INFO: [ view_parse ] --START--
INFO: [ template_filter ] --START--
INFO: Run Behavior\ContentReplaceBehavior [ RunTime:0.000078s ]
INFO: [ template_filter ] --END-- [ RunTime:0.000153s ]
INFO: Run Behavior\ParseTemplateBehavior [ RunTime:0.024682s ]
INFO: [ view_parse ] --END-- [ RunTime:0.025434s ]
INFO: [ view_filter ] --START--
INFO: Run Behavior\WriteHtmlCacheBehavior [ RunTime:0.000134s ]
INFO: [ view_filter ] --END-- [ RunTime:0.000185s ]
INFO: [ app_end ] --START--
INFO: Run Behavior\ShowPageTraceBehavior [ RunTime:0.000712s ]
INFO: [ app_end ] --END-- [ RunTime:0.000804s ]

[ 2015-01-21T09:35:04+08:00 ] ::1 /index.php?s=/Home/user/login.html
INFO: [ view_parse ] --START--
INFO: [ template_filter ] --START--
INFO: Run Behavior\ContentReplaceBehavior [ RunTime:0.000098s ]
INFO: [ template_filter ] --END-- [ RunTime:0.000200s ]
INFO: Run Behavior\ParseTemplateBehavior [ RunTime:0.021353s ]
INFO: [ view_parse ] --END-- [ RunTime:0.022089s ]
INFO: [ view_filter ] --START--
INFO: Run Behavior\WriteHtmlCacheBehavior [ RunTime:0.000147s ]
INFO: [ view_filter ] --END-- [ RunTime:0.000197s ]
INFO: [ app_end ] --START--
INFO: Run Behavior\ShowPageTraceBehavior [ RunTime:0.000858s ]
INFO: [ app_end ] --END-- [ RunTime:0.000950s ]

[ 2015-01-21T09:35:12+08:00 ] ::1 /index.php?s=/Home/user/login.html
INFO: [ app_begin ] --START--
INFO: Run Behavior\ReadHtmlCacheBehavior [ RunTime:0.000537s ]
INFO: [ app_begin ] --END-- [ RunTime:0.000898s ]
SQL: SHOW COLUMNS FROM `wg_config` [ RunTime:0.0104s ]
SQL: SELECT `type`,`name`,`value` FROM `wg_config` WHERE `status` = 1  [ RunTime:0.0006s ]
SQL: SHOW COLUMNS FROM `wg_ucenter_member` [ RunTime:0.0036s ]
SQL: SELECT * FROM `wg_ucenter_member` WHERE `username` = 'admin' LIMIT 1   [ RunTime:0.0007s ]
NOTIC: [8] Undefined index: lite /Applications/MAMP/htdocs/trainingsys/ThinkPHP/Library/Think/Db.class.php 第 37 行.
SQL: SHOW COLUMNS FROM `wg_member` [ RunTime:0.0017s ]
SQL: SELECT `uid`,`nickname`,`sex`,`birthday`,`qq`,`score`,`login`,`reg_ip`,`reg_time`,`last_login_ip`,`last_login_time`,`status`,`photo`,`small_photo`,`middle_photo`,`large_photo`,`birth_province`,`birth_city`,`mobile`,`telephone`,`about`,`real_name`,`card`,`univs`,`department`,`profession`,`isTeacher` FROM `wg_member` WHERE `uid` = 1 LIMIT 1   [ RunTime:0.0003s ]
SQL: UPDATE `wg_member` SET `login`=`login`+1,`last_login_time`='1421804112',`last_login_ip`='0' WHERE `uid` = 1 [ RunTime:0.0004s ]
SQL: SHOW COLUMNS FROM `wg_action` [ RunTime:0.0026s ]
SQL: SELECT * FROM `wg_action` WHERE `name` = 'user_login' LIMIT 1   [ RunTime:0.0007s ]
SQL: SHOW COLUMNS FROM `wg_action_log` [ RunTime:0.0029s ]
SQL: INSERT INTO `wg_action_log` (`action_id`,`user_id`,`action_ip`,`model`,`record_id`,`create_time`,`remark`) VALUES ('1','1','0','member','1','1421804112','admin在2015-01-21 09:35登录了后台') [ RunTime:0.0013s ]
SQL: SELECT * FROM `wg_action` WHERE `name` = 'user_login' LIMIT 1   [ RunTime:0.0003s ]
NOTIC: [8] Undefined offset: 1 /Applications/MAMP/htdocs/trainingsys/Application/Common/Common/function.php 第 725 行.
NOTIC: [2] array_key_exists() expects parameter 2 to be array, null given /Applications/MAMP/htdocs/trainingsys/Application/Common/Common/function.php 第 725 行.
SQL: SELECT COUNT(*) AS tp_count FROM `wg_action_log` WHERE `action_id` = 1 AND `user_id` = 1 AND `create_time` > 1421717712 LIMIT 1   [ RunTime:0.0040s ]
SQL: SHOW COLUMNS FROM `wg_member` [ RunTime:0.0021s ]
SQL: UPDATE `wg_member` SET `score`=score+10 WHERE ( uid=1 AND status>-1 ) [ RunTime:0.0004s ]

[ 2015-01-21T09:35:14+08:00 ] ::1 /index.php?s=/Home/Index/index.html
SQL: SHOW COLUMNS FROM `wg_course_lunbo` [ RunTime:0.0015s ]
SQL: SELECT `id`,`title`,`subheading`,`url`,`seq`,`create_time`,`uid`,`update_time`,`status` FROM `wg_course_lunbo` WHERE `status` = 1 ORDER BY seq DESC  [ RunTime:0.0005s ]
SQL: SHOW COLUMNS FROM `wg_course` [ RunTime:0.0020s ]
SQL: SELECT `id`,`title`,`status`,`category_id`,`price`,`expiry_day`,`show_student_num_type`,`income`,`lesson_num`,`rating`,`rating_num`,`tags`,`small_picture`,`middle_picture`,`large_picture`,`about`,`student_num`,`uid`,`create_time`,`start_time`,`picture`,`end_time`,`seq`,`publish_status`,`update_time` FROM `wg_course` WHERE `status` IN (1) ORDER BY seq DESC  [ RunTime:0.0004s ]
SQL: SHOW COLUMNS FROM `wg_member` [ RunTime:0.0017s ]
SQL: SELECT `nickname`,`middle_photo` FROM `wg_member` WHERE ( 1=1 AND uid='1' ) LIMIT 1   [ RunTime:0.0003s ]
SQL: SHOW COLUMNS FROM `wg_course_category` [ RunTime:0.0017s ]
SQL: SELECT `title` FROM `wg_course_category` WHERE ( 1=1 AND id='2' ) LIMIT 1   [ RunTime:0.0003s ]
SQL: SHOW COLUMNS FROM `wg_course_lesson` [ RunTime:0.0014s ]
SQL: SELECT `id`,`title` FROM `wg_course_lesson` WHERE ( 1=1 AND cid='41' )  [ RunTime:0.0003s ]
SQL: SELECT `nickname`,`middle_photo` FROM `wg_member` WHERE ( 1=1 AND uid='1' ) LIMIT 1   [ RunTime:0.0003s ]
SQL: SELECT `title` FROM `wg_course_category` WHERE ( 1=1 AND id='2' ) LIMIT 1   [ RunTime:0.0003s ]
SQL: SELECT `id`,`title` FROM `wg_course_lesson` WHERE ( 1=1 AND cid='43' )  [ RunTime:0.0003s ]
SQL: SELECT `nickname`,`middle_photo` FROM `wg_member` WHERE ( 1=1 AND uid='1' ) LIMIT 1   [ RunTime:0.0003s ]
SQL: SELECT `title` FROM `wg_course_category` WHERE ( 1=1 AND id='2' ) LIMIT 1   [ RunTime:0.0004s ]
SQL: SELECT `id`,`title` FROM `wg_course_lesson` WHERE ( 1=1 AND cid='44' )  [ RunTime:0.0003s ]
SQL: SELECT `nickname`,`middle_photo` FROM `wg_member` WHERE ( 1=1 AND uid='1' ) LIMIT 1   [ RunTime:0.0003s ]
SQL: SELECT `title` FROM `wg_course_category` WHERE ( 1=1 AND id='2' ) LIMIT 1   [ RunTime:0.0003s ]
SQL: SELECT `id`,`title` FROM `wg_course_lesson` WHERE ( 1=1 AND cid='45' )  [ RunTime:0.0003s ]
SQL: SELECT `nickname`,`middle_photo` FROM `wg_member` WHERE ( 1=1 AND uid='1' ) LIMIT 1   [ RunTime:0.0003s ]
SQL: SELECT `title` FROM `wg_course_category` WHERE ( 1=1 AND id='2' ) LIMIT 1   [ RunTime:0.0005s ]
SQL: SELECT `id`,`title` FROM `wg_course_lesson` WHERE ( 1=1 AND cid='46' )  [ RunTime:0.0002s ]
INFO: [ view_parse ] --START--
INFO: [ template_filter ] --START--
INFO: Run Behavior\ContentReplaceBehavior [ RunTime:0.000178s ]
INFO: [ template_filter ] --END-- [ RunTime:0.000314s ]
INFO: Run Behavior\ParseTemplateBehavior [ RunTime:0.029653s ]
INFO: [ view_parse ] --END-- [ RunTime:0.029820s ]
INFO: [ view_filter ] --START--
INFO: Run Behavior\WriteHtmlCacheBehavior [ RunTime:0.000323s ]
INFO: [ view_filter ] --END-- [ RunTime:0.000425s ]
INFO: [ app_end ] --START--
INFO: Run Behavior\ShowPageTraceBehavior [ RunTime:0.001488s ]
INFO: [ app_end ] --END-- [ RunTime:0.001733s ]

[ 2015-01-21T09:40:11+08:00 ] ::1 /index.php?s=/Home/User/logout.html
SQL: SHOW COLUMNS FROM `wg_member` [ RunTime:0.0021s ]
INFO: [ view_parse ] --START--
INFO: [ template_filter ] --START--
INFO: Run Behavior\ContentReplaceBehavior [ RunTime:0.000059s ]
INFO: [ template_filter ] --END-- [ RunTime:0.000146s ]
INFO: Run Behavior\ParseTemplateBehavior [ RunTime:0.010684s ]
INFO: [ view_parse ] --END-- [ RunTime:0.010761s ]
INFO: [ view_filter ] --START--
INFO: Run Behavior\WriteHtmlCacheBehavior [ RunTime:0.000132s ]
INFO: [ view_filter ] --END-- [ RunTime:0.000183s ]
INFO: [ app_end ] --START--
INFO: Run Behavior\ShowPageTraceBehavior [ RunTime:0.000513s ]
INFO: [ app_end ] --END-- [ RunTime:0.000569s ]

[ 2015-01-21T09:40:12+08:00 ] ::1 /index.php?s=/Home/User/login.html
INFO: [ view_parse ] --START--
INFO: [ template_filter ] --START--
INFO: Run Behavior\ContentReplaceBehavior [ RunTime:0.000141s ]
INFO: [ template_filter ] --END-- [ RunTime:0.000277s ]
INFO: Run Behavior\ParseTemplateBehavior [ RunTime:0.021151s ]
INFO: [ view_parse ] --END-- [ RunTime:0.021785s ]
INFO: [ view_filter ] --START--
INFO: Run Behavior\WriteHtmlCacheBehavior [ RunTime:0.000321s ]
INFO: [ view_filter ] --END-- [ RunTime:0.000427s ]
INFO: [ app_end ] --START--
INFO: Run Behavior\ShowPageTraceBehavior [ RunTime:0.001140s ]
INFO: [ app_end ] --END-- [ RunTime:0.001243s ]

[ 2015-01-21T09:40:13+08:00 ] ::1 /index.php?s=/Home/User/register.html
INFO: [ view_parse ] --START--
INFO: [ template_filter ] --START--
INFO: Run Behavior\ContentReplaceBehavior [ RunTime:0.000122s ]
INFO: [ template_filter ] --END-- [ RunTime:0.000227s ]
INFO: Run Behavior\ParseTemplateBehavior [ RunTime:0.019135s ]
INFO: [ view_parse ] --END-- [ RunTime:0.019642s ]
INFO: [ view_filter ] --START--
INFO: Run Behavior\WriteHtmlCacheBehavior [ RunTime:0.000162s ]
INFO: [ view_filter ] --END-- [ RunTime:0.000218s ]
INFO: [ app_end ] --START--
INFO: Run Behavior\ShowPageTraceBehavior [ RunTime:0.000793s ]
INFO: [ app_end ] --END-- [ RunTime:0.000958s ]

[ 2015-01-21T09:40:17+08:00 ] ::1 /index.php?s=/Home/User/checkUserNameUnique.html
INFO: [ app_begin ] --START--
INFO: Run Behavior\ReadHtmlCacheBehavior [ RunTime:0.000683s ]
INFO: [ app_begin ] --END-- [ RunTime:0.001305s ]
SQL: SHOW COLUMNS FROM `wg_config` [ RunTime:0.0024s ]
SQL: SELECT `type`,`name`,`value` FROM `wg_config` WHERE `status` = 1  [ RunTime:0.0003s ]
SQL: SHOW COLUMNS FROM `wg_ucenter_member` [ RunTime:0.0020s ]
SQL: SELECT * FROM `wg_ucenter_member` WHERE `username` = 'test' LIMIT 1   [ RunTime:0.0003s ]

[ 2015-01-21T09:40:35+08:00 ] ::1 /index.php?s=/Home/User/register.html
NOTIC: [8] Undefined index: lite /Applications/MAMP/htdocs/trainingsys/ThinkPHP/Library/Think/Db.class.php 第 37 行.
NOTIC: [8] Undefined index: realname /Applications/MAMP/htdocs/trainingsys/Application/Home/Controller/UserController.class.php 第 70 行.
INFO: [ view_parse ] --START--
INFO: [ template_filter ] --START--
INFO: Run Behavior\ContentReplaceBehavior [ RunTime:0.000063s ]
INFO: [ template_filter ] --END-- [ RunTime:0.000149s ]
INFO: Run Behavior\ParseTemplateBehavior [ RunTime:0.022912s ]
INFO: [ view_parse ] --END-- [ RunTime:0.023084s ]
INFO: [ view_filter ] --START--
INFO: Run Behavior\WriteHtmlCacheBehavior [ RunTime:0.000274s ]
INFO: [ view_filter ] --END-- [ RunTime:0.000377s ]

[ 2015-01-21T09:40:40+08:00 ] ::1 /index.php?s=/Home/User/login.html
INFO: [ view_parse ] --START--
INFO: [ template_filter ] --START--
INFO: Run Behavior\ContentReplaceBehavior [ RunTime:0.000079s ]
INFO: [ template_filter ] --END-- [ RunTime:0.000154s ]
INFO: Run Behavior\ParseTemplateBehavior [ RunTime:0.019349s ]
INFO: [ view_parse ] --END-- [ RunTime:0.020037s ]
INFO: [ view_filter ] --START--
INFO: Run Behavior\WriteHtmlCacheBehavior [ RunTime:0.000140s ]
INFO: [ view_filter ] --END-- [ RunTime:0.000191s ]
INFO: [ app_end ] --START--
INFO: Run Behavior\ShowPageTraceBehavior [ RunTime:0.000793s ]
INFO: [ app_end ] --END-- [ RunTime:0.000873s ]

[ 2015-01-21T10:18:27+08:00 ] ::1 /index.php?s=/Home/User/emailVerifyUrl/id/25/token/8a74cdca988c1bdfb581a98dc6e4c0ac.html
SQL: SHOW COLUMNS FROM `wg_ucenter_member` [ RunTime:0.0014s ]
SQL: SELECT * FROM `wg_ucenter_member` WHERE `id` = 25 LIMIT 1   [ RunTime:0.0003s ]
SQL: UPDATE `wg_ucenter_member` SET `id`='25',`username`='test',`password`='3f78e9ae9691c32238ae8383d91c045c',`email`='doudouchidou@qq.com',`mobile`='',`reg_time`='1421804432',`reg_ip`='0',`last_login_time`='0',`last_login_ip`='0',`update_time`='1421804432',`status`='1',`verify`='1' WHERE `id` = 25 [ RunTime:0.0004s ]
INFO: [ view_parse ] --START--
INFO: [ template_filter ] --START--
INFO: Run Behavior\ContentReplaceBehavior [ RunTime:0.000058s ]
INFO: [ template_filter ] --END-- [ RunTime:0.000153s ]
INFO: Run Behavior\ParseTemplateBehavior [ RunTime:0.012258s ]
INFO: [ view_parse ] --END-- [ RunTime:0.012335s ]
INFO: [ view_filter ] --START--
INFO: Run Behavior\WriteHtmlCacheBehavior [ RunTime:0.000207s ]
INFO: [ view_filter ] --END-- [ RunTime:0.000276s ]
INFO: [ app_end ] --START--
INFO: Run Behavior\ShowPageTraceBehavior [ RunTime:0.000984s ]
INFO: [ app_end ] --END-- [ RunTime:0.001078s ]

[ 2015-01-21T10:18:28+08:00 ] ::1 /index.php?s=/Home/User/login.html
INFO: [ view_parse ] --START--
INFO: [ template_filter ] --START--
INFO: Run Behavior\ContentReplaceBehavior [ RunTime:0.000102s ]
INFO: [ template_filter ] --END-- [ RunTime:0.000203s ]
INFO: Run Behavior\ParseTemplateBehavior [ RunTime:0.020917s ]
INFO: [ view_parse ] --END-- [ RunTime:0.021447s ]
INFO: [ view_filter ] --START--
INFO: Run Behavior\WriteHtmlCacheBehavior [ RunTime:0.000185s ]
INFO: [ view_filter ] --END-- [ RunTime:0.000254s ]
INFO: [ app_end ] --START--
INFO: Run Behavior\ShowPageTraceBehavior [ RunTime:0.000903s ]
INFO: [ app_end ] --END-- [ RunTime:0.001033s ]

[ 2015-01-21T10:38:59+08:00 ] ::1 /index.php?s=/Home/Course/index.html
SQL: SHOW COLUMNS FROM `wg_course` [ RunTime:0.0029s ]
SQL: SELECT `id`,`title`,`status`,`category_id`,`price`,`expiry_day`,`show_student_num_type`,`income`,`lesson_num`,`rating`,`rating_num`,`tags`,`small_picture`,`middle_picture`,`large_picture`,`about`,`student_num`,`uid`,`create_time`,`start_time`,`picture`,`end_time`,`seq`,`publish_status`,`update_time` FROM `wg_course` WHERE `status` IN (1) ORDER BY seq DESC  [ RunTime:0.0007s ]
SQL: SHOW COLUMNS FROM `wg_member` [ RunTime:0.0029s ]
SQL: SELECT `nickname`,`middle_photo` FROM `wg_member` WHERE ( 1=1 AND uid='1' ) LIMIT 1   [ RunTime:0.0010s ]
SQL: SHOW COLUMNS FROM `wg_course_category` [ RunTime:0.0025s ]
SQL: SELECT `title` FROM `wg_course_category` WHERE ( 1=1 AND id='2' ) LIMIT 1   [ RunTime:0.0007s ]
SQL: SHOW COLUMNS FROM `wg_course_lesson` [ RunTime:0.0022s ]
SQL: SELECT `id`,`title` FROM `wg_course_lesson` WHERE ( 1=1 AND cid='41' )  [ RunTime:0.0003s ]
SQL: SELECT `nickname`,`middle_photo` FROM `wg_member` WHERE ( 1=1 AND uid='1' ) LIMIT 1   [ RunTime:0.0004s ]
SQL: SELECT `title` FROM `wg_course_category` WHERE ( 1=1 AND id='2' ) LIMIT 1   [ RunTime:0.0003s ]
SQL: SELECT `id`,`title` FROM `wg_course_lesson` WHERE ( 1=1 AND cid='43' )  [ RunTime:0.0003s ]
SQL: SELECT `nickname`,`middle_photo` FROM `wg_member` WHERE ( 1=1 AND uid='1' ) LIMIT 1   [ RunTime:0.0003s ]
SQL: SELECT `title` FROM `wg_course_category` WHERE ( 1=1 AND id='2' ) LIMIT 1   [ RunTime:0.0004s ]
SQL: SELECT `id`,`title` FROM `wg_course_lesson` WHERE ( 1=1 AND cid='44' )  [ RunTime:0.0003s ]
SQL: SELECT `nickname`,`middle_photo` FROM `wg_member` WHERE ( 1=1 AND uid='1' ) LIMIT 1   [ RunTime:0.0004s ]
SQL: SELECT `title` FROM `wg_course_category` WHERE ( 1=1 AND id='2' ) LIMIT 1   [ RunTime:0.0003s ]
SQL: SELECT `id`,`title` FROM `wg_course_lesson` WHERE ( 1=1 AND cid='45' )  [ RunTime:0.0003s ]
SQL: SELECT `nickname`,`middle_photo` FROM `wg_member` WHERE ( 1=1 AND uid='1' ) LIMIT 1   [ RunTime:0.0002s ]
SQL: SELECT `title` FROM `wg_course_category` WHERE ( 1=1 AND id='2' ) LIMIT 1   [ RunTime:0.0003s ]
SQL: SELECT `id`,`title` FROM `wg_course_lesson` WHERE ( 1=1 AND cid='46' )  [ RunTime:0.0003s ]
INFO: [ view_parse ] --START--
INFO: [ template_filter ] --START--
INFO: Run Behavior\ContentReplaceBehavior [ RunTime:0.000126s ]
INFO: [ template_filter ] --END-- [ RunTime:0.000208s ]
INFO: Run Behavior\ParseTemplateBehavior [ RunTime:0.031883s ]
INFO: [ view_parse ] --END-- [ RunTime:0.031992s ]
INFO: [ view_filter ] --START--
INFO: Run Behavior\WriteHtmlCacheBehavior [ RunTime:0.000629s ]
INFO: [ view_filter ] --END-- [ RunTime:0.000726s ]
INFO: [ app_end ] --START--
INFO: Run Behavior\ShowPageTraceBehavior [ RunTime:0.001778s ]
INFO: [ app_end ] --END-- [ RunTime:0.001913s ]

[ 2015-01-21T10:45:06+08:00 ] ::1 /index.php?s=/Home/user/login.html
INFO: [ view_parse ] --START--
INFO: [ template_filter ] --START--
INFO: Run Behavior\ContentReplaceBehavior [ RunTime:0.000136s ]
INFO: [ template_filter ] --END-- [ RunTime:0.000277s ]
INFO: Run Behavior\ParseTemplateBehavior [ RunTime:0.033306s ]
INFO: [ view_parse ] --END-- [ RunTime:0.033961s ]
INFO: [ view_filter ] --START--
INFO: Run Behavior\WriteHtmlCacheBehavior [ RunTime:0.000223s ]
INFO: [ view_filter ] --END-- [ RunTime:0.000287s ]
INFO: [ app_end ] --START--
INFO: Run Behavior\ShowPageTraceBehavior [ RunTime:0.001531s ]
INFO: [ app_end ] --END-- [ RunTime:0.001683s ]

[ 2015-01-21T10:45:12+08:00 ] ::1 /index.php?s=/Home/user/login.html
INFO: [ app_begin ] --START--
INFO: Run Behavior\ReadHtmlCacheBehavior [ RunTime:0.000595s ]
INFO: [ app_begin ] --END-- [ RunTime:0.000987s ]
SQL: SHOW COLUMNS FROM `wg_config` [ RunTime:0.0098s ]
SQL: SELECT `type`,`name`,`value` FROM `wg_config` WHERE `status` = 1  [ RunTime:0.0006s ]
SQL: SHOW COLUMNS FROM `wg_ucenter_member` [ RunTime:0.0017s ]
SQL: SELECT * FROM `wg_ucenter_member` WHERE `username` = 'test' LIMIT 1   [ RunTime:0.0007s ]
NOTIC: [8] Undefined index: lite /Applications/MAMP/htdocs/trainingsys/ThinkPHP/Library/Think/Db.class.php 第 37 行.
SQL: SHOW COLUMNS FROM `wg_member` [ RunTime:0.0020s ]
SQL: SELECT `uid`,`nickname`,`sex`,`birthday`,`qq`,`score`,`login`,`reg_ip`,`reg_time`,`last_login_ip`,`last_login_time`,`status`,`photo`,`small_photo`,`middle_photo`,`large_photo`,`birth_province`,`birth_city`,`mobile`,`telephone`,`about`,`real_name`,`card`,`univs`,`department`,`profession`,`isTeacher` FROM `wg_member` WHERE `uid` = 25 LIMIT 1   [ RunTime:0.0005s ]
SQL: INSERT INTO `wg_member` (`nickname`,`status`,`login`,`reg_ip`,`reg_time`,`last_login_ip`,`last_login_time`,`uid`) VALUES ('test','1','0','0','1421808312','0','0','25') [ RunTime:0.0007s ]
SQL: UPDATE `wg_member` SET `login`=`login`+1,`last_login_time`='1421808312',`last_login_ip`='0' WHERE `uid` = 25 [ RunTime:0.0004s ]
SQL: SHOW COLUMNS FROM `wg_member` [ RunTime:0.0022s ]
SQL: SELECT `nickname` FROM `wg_member` WHERE `uid` = 25 LIMIT 1   [ RunTime:0.0004s ]
NOTIC: [8] Undefined index: middle_photo /Applications/MAMP/htdocs/trainingsys/Application/Home/Model/MemberModel.class.php 第 101 行.
SQL: SHOW COLUMNS FROM `wg_action` [ RunTime:0.0011s ]
SQL: SELECT * FROM `wg_action` WHERE `name` = 'user_login' LIMIT 1   [ RunTime:0.0006s ]
SQL: SHOW COLUMNS FROM `wg_action_log` [ RunTime:0.0013s ]
SQL: INSERT INTO `wg_action_log` (`action_id`,`user_id`,`action_ip`,`model`,`record_id`,`create_time`,`remark`) VALUES ('1','25','0','member','25','1421808312','test在2015-01-21 10:45登录了后台') [ RunTime:0.0029s ]
SQL: SELECT * FROM `wg_action` WHERE `name` = 'user_login' LIMIT 1   [ RunTime:0.0008s ]
NOTIC: [8] Undefined offset: 1 /Applications/MAMP/htdocs/trainingsys/Application/Common/Common/function.php 第 725 行.
NOTIC: [2] array_key_exists() expects parameter 2 to be array, null given /Applications/MAMP/htdocs/trainingsys/Application/Common/Common/function.php 第 725 行.
SQL: SELECT COUNT(*) AS tp_count FROM `wg_action_log` WHERE `action_id` = 1 AND `user_id` = 25 AND `create_time` > 1421721912 LIMIT 1   [ RunTime:0.0006s ]
SQL: UPDATE `wg_member` SET `score`=score+10 WHERE ( uid=25 AND status>-1 ) [ RunTime:0.0002s ]

[ 2015-01-21T10:45:13+08:00 ] ::1 /index.php?s=/Home/Index/index.html
SQL: SHOW COLUMNS FROM `wg_course_lunbo` [ RunTime:0.0014s ]
SQL: SELECT `id`,`title`,`subheading`,`url`,`seq`,`create_time`,`uid`,`update_time`,`status` FROM `wg_course_lunbo` WHERE `status` = 1 ORDER BY seq DESC  [ RunTime:0.0005s ]
SQL: SHOW COLUMNS FROM `wg_course` [ RunTime:0.0016s ]
SQL: SELECT `id`,`title`,`status`,`category_id`,`price`,`expiry_day`,`show_student_num_type`,`income`,`lesson_num`,`rating`,`rating_num`,`tags`,`small_picture`,`middle_picture`,`large_picture`,`about`,`student_num`,`uid`,`create_time`,`start_time`,`picture`,`end_time`,`seq`,`publish_status`,`update_time` FROM `wg_course` WHERE `status` IN (1) ORDER BY seq DESC  [ RunTime:0.0004s ]
SQL: SHOW COLUMNS FROM `wg_member` [ RunTime:0.0017s ]
SQL: SELECT `nickname`,`middle_photo` FROM `wg_member` WHERE ( 1=1 AND uid='1' ) LIMIT 1   [ RunTime:0.0003s ]
SQL: SHOW COLUMNS FROM `wg_course_category` [ RunTime:0.0020s ]
SQL: SELECT `title` FROM `wg_course_category` WHERE ( 1=1 AND id='2' ) LIMIT 1   [ RunTime:0.0006s ]
SQL: SHOW COLUMNS FROM `wg_course_lesson` [ RunTime:0.0012s ]
SQL: SELECT `id`,`title` FROM `wg_course_lesson` WHERE ( 1=1 AND cid='41' )  [ RunTime:0.0003s ]
SQL: SELECT `nickname`,`middle_photo` FROM `wg_member` WHERE ( 1=1 AND uid='1' ) LIMIT 1   [ RunTime:0.0002s ]
SQL: SELECT `title` FROM `wg_course_category` WHERE ( 1=1 AND id='2' ) LIMIT 1   [ RunTime:0.0003s ]
SQL: SELECT `id`,`title` FROM `wg_course_lesson` WHERE ( 1=1 AND cid='43' )  [ RunTime:0.0003s ]
SQL: SELECT `nickname`,`middle_photo` FROM `wg_member` WHERE ( 1=1 AND uid='1' ) LIMIT 1   [ RunTime:0.0003s ]
SQL: SELECT `title` FROM `wg_course_category` WHERE ( 1=1 AND id='2' ) LIMIT 1   [ RunTime:0.0003s ]
SQL: SELECT `id`,`title` FROM `wg_course_lesson` WHERE ( 1=1 AND cid='44' )  [ RunTime:0.0003s ]
SQL: SELECT `nickname`,`middle_photo` FROM `wg_member` WHERE ( 1=1 AND uid='1' ) LIMIT 1   [ RunTime:0.0002s ]
SQL: SELECT `title` FROM `wg_course_category` WHERE ( 1=1 AND id='2' ) LIMIT 1   [ RunTime:0.0002s ]
SQL: SELECT `id`,`title` FROM `wg_course_lesson` WHERE ( 1=1 AND cid='45' )  [ RunTime:0.0003s ]
SQL: SELECT `nickname`,`middle_photo` FROM `wg_member` WHERE ( 1=1 AND uid='1' ) LIMIT 1   [ RunTime:0.0003s ]
SQL: SELECT `title` FROM `wg_course_category` WHERE ( 1=1 AND id='2' ) LIMIT 1   [ RunTime:0.0003s ]
SQL: SELECT `id`,`title` FROM `wg_course_lesson` WHERE ( 1=1 AND cid='46' )  [ RunTime:0.0003s ]
INFO: [ view_parse ] --START--
INFO: [ template_filter ] --START--
INFO: Run Behavior\ContentReplaceBehavior [ RunTime:0.000100s ]
INFO: [ template_filter ] --END-- [ RunTime:0.000182s ]
INFO: Run Behavior\ParseTemplateBehavior [ RunTime:0.027436s ]
INFO: [ view_parse ] --END-- [ RunTime:0.027631s ]
INFO: [ view_filter ] --START--
INFO: Run Behavior\WriteHtmlCacheBehavior [ RunTime:0.000215s ]
INFO: [ view_filter ] --END-- [ RunTime:0.000313s ]
INFO: [ app_end ] --START--
INFO: Run Behavior\ShowPageTraceBehavior [ RunTime:0.000929s ]
INFO: [ app_end ] --END-- [ RunTime:0.001077s ]

[ 2015-01-21T15:40:40+08:00 ] ::1 /
SQL: SHOW COLUMNS FROM `wg_course_lunbo` [ RunTime:0.0017s ]
SQL: SELECT `id`,`title`,`subheading`,`url`,`seq`,`create_time`,`uid`,`update_time`,`status` FROM `wg_course_lunbo` WHERE `status` = 1 ORDER BY seq DESC  [ RunTime:0.0004s ]
SQL: SHOW COLUMNS FROM `wg_course` [ RunTime:0.0028s ]
SQL: SELECT `id`,`title`,`status`,`category_id`,`price`,`expiry_day`,`show_student_num_type`,`income`,`lesson_num`,`rating`,`rating_num`,`tags`,`small_picture`,`middle_picture`,`large_picture`,`about`,`student_num`,`uid`,`create_time`,`start_time`,`picture`,`end_time`,`seq`,`publish_status`,`update_time` FROM `wg_course` WHERE `status` IN (1) ORDER BY seq DESC  [ RunTime:0.0005s ]
SQL: SHOW COLUMNS FROM `wg_member` [ RunTime:0.0030s ]
SQL: SELECT `nickname`,`middle_photo` FROM `wg_member` WHERE ( 1=1 AND uid='1' ) LIMIT 1   [ RunTime:0.0012s ]
SQL: SHOW COLUMNS FROM `wg_course_category` [ RunTime:0.0022s ]
SQL: SELECT `title` FROM `wg_course_category` WHERE ( 1=1 AND id='2' ) LIMIT 1   [ RunTime:0.0007s ]
SQL: SHOW COLUMNS FROM `wg_course_lesson` [ RunTime:0.0020s ]
SQL: SELECT `id`,`title` FROM `wg_course_lesson` WHERE ( 1=1 AND cid='41' )  [ RunTime:0.0005s ]
SQL: SELECT `nickname`,`middle_photo` FROM `wg_member` WHERE ( 1=1 AND uid='1' ) LIMIT 1   [ RunTime:0.0004s ]
SQL: SELECT `title` FROM `wg_course_category` WHERE ( 1=1 AND id='2' ) LIMIT 1   [ RunTime:0.0003s ]
SQL: SELECT `id`,`title` FROM `wg_course_lesson` WHERE ( 1=1 AND cid='43' )  [ RunTime:0.0004s ]
SQL: SELECT `nickname`,`middle_photo` FROM `wg_member` WHERE ( 1=1 AND uid='1' ) LIMIT 1   [ RunTime:0.0004s ]
SQL: SELECT `title` FROM `wg_course_category` WHERE ( 1=1 AND id='2' ) LIMIT 1   [ RunTime:0.0003s ]
SQL: SELECT `id`,`title` FROM `wg_course_lesson` WHERE ( 1=1 AND cid='44' )  [ RunTime:0.0003s ]
SQL: SELECT `nickname`,`middle_photo` FROM `wg_member` WHERE ( 1=1 AND uid='1' ) LIMIT 1   [ RunTime:0.0003s ]
SQL: SELECT `title` FROM `wg_course_category` WHERE ( 1=1 AND id='2' ) LIMIT 1   [ RunTime:0.0005s ]
SQL: SELECT `id`,`title` FROM `wg_course_lesson` WHERE ( 1=1 AND cid='45' )  [ RunTime:0.0003s ]
SQL: SELECT `nickname`,`middle_photo` FROM `wg_member` WHERE ( 1=1 AND uid='1' ) LIMIT 1   [ RunTime:0.0003s ]
SQL: SELECT `title` FROM `wg_course_category` WHERE ( 1=1 AND id='2' ) LIMIT 1   [ RunTime:0.0002s ]
SQL: SELECT `id`,`title` FROM `wg_course_lesson` WHERE ( 1=1 AND cid='46' )  [ RunTime:0.0002s ]
INFO: [ view_parse ] --START--
INFO: [ template_filter ] --START--
INFO: Run Behavior\ContentReplaceBehavior [ RunTime:0.000111s ]
INFO: [ template_filter ] --END-- [ RunTime:0.000204s ]
INFO: Run Behavior\ParseTemplateBehavior [ RunTime:0.041662s ]
INFO: [ view_parse ] --END-- [ RunTime:0.041774s ]
INFO: [ view_filter ] --START--
INFO: Run Behavior\WriteHtmlCacheBehavior [ RunTime:0.000656s ]
INFO: [ view_filter ] --END-- [ RunTime:0.000735s ]
INFO: [ app_end ] --START--
INFO: Run Behavior\ShowPageTraceBehavior [ RunTime:0.001237s ]
INFO: [ app_end ] --END-- [ RunTime:0.001357s ]

[ 2015-01-21T15:40:45+08:00 ] ::1 /index.php?s=/Home/User/login.html
INFO: [ view_parse ] --START--
INFO: [ template_filter ] --START--
INFO: Run Behavior\ContentReplaceBehavior [ RunTime:0.000099s ]
INFO: [ template_filter ] --END-- [ RunTime:0.000195s ]
INFO: Run Behavior\ParseTemplateBehavior [ RunTime:0.021151s ]
INFO: [ view_parse ] --END-- [ RunTime:0.021678s ]
INFO: [ view_filter ] --START--
INFO: Run Behavior\WriteHtmlCacheBehavior [ RunTime:0.000201s ]
INFO: [ view_filter ] --END-- [ RunTime:0.000263s ]
INFO: [ app_end ] --START--
INFO: Run Behavior\ShowPageTraceBehavior [ RunTime:0.001050s ]
INFO: [ app_end ] --END-- [ RunTime:0.001198s ]

[ 2015-01-21T15:40:50+08:00 ] ::1 /index.php?s=/Home/User/login.html
INFO: [ app_begin ] --START--
INFO: Run Behavior\ReadHtmlCacheBehavior [ RunTime:0.000519s ]
INFO: [ app_begin ] --END-- [ RunTime:0.000886s ]
SQL: SHOW COLUMNS FROM `wg_config` [ RunTime:0.0017s ]
SQL: SELECT `type`,`name`,`value` FROM `wg_config` WHERE `status` = 1  [ RunTime:0.0003s ]
SQL: SHOW COLUMNS FROM `wg_ucenter_member` [ RunTime:0.0016s ]
SQL: SELECT * FROM `wg_ucenter_member` WHERE `username` = 'admin' LIMIT 1   [ RunTime:0.0007s ]
NOTIC: [8] Undefined index: lite /Applications/MAMP/htdocs/trainingsys/ThinkPHP/Library/Think/Db.class.php 第 37 行.

[ 2015-01-21T15:40:56+08:00 ] ::1 /index.php?s=/Home/User/login.html
INFO: [ app_begin ] --START--
INFO: Run Behavior\ReadHtmlCacheBehavior [ RunTime:0.000534s ]
INFO: [ app_begin ] --END-- [ RunTime:0.000906s ]
SQL: SHOW COLUMNS FROM `wg_config` [ RunTime:0.0100s ]
SQL: SELECT `type`,`name`,`value` FROM `wg_config` WHERE `status` = 1  [ RunTime:0.0006s ]
SQL: SHOW COLUMNS FROM `wg_ucenter_member` [ RunTime:0.0017s ]
SQL: SELECT * FROM `wg_ucenter_member` WHERE `username` = 'admin' LIMIT 1   [ RunTime:0.0004s ]
NOTIC: [8] Undefined index: lite /Applications/MAMP/htdocs/trainingsys/ThinkPHP/Library/Think/Db.class.php 第 37 行.
SQL: SHOW COLUMNS FROM `wg_member` [ RunTime:0.0024s ]
SQL: SELECT `uid`,`nickname`,`sex`,`birthday`,`qq`,`score`,`login`,`reg_ip`,`reg_time`,`last_login_ip`,`last_login_time`,`status`,`photo`,`small_photo`,`middle_photo`,`large_photo`,`birth_province`,`birth_city`,`mobile`,`telephone`,`about`,`real_name`,`card`,`univs`,`department`,`profession`,`isTeacher` FROM `wg_member` WHERE `uid` = 1 LIMIT 1   [ RunTime:0.0004s ]
SQL: UPDATE `wg_member` SET `login`=`login`+1,`last_login_time`='1421826056',`last_login_ip`='0' WHERE `uid` = 1 [ RunTime:0.0005s ]
SQL: SHOW COLUMNS FROM `wg_member` [ RunTime:0.0025s ]
SQL: SELECT `nickname` FROM `wg_member` WHERE `uid` = 1 LIMIT 1   [ RunTime:0.0004s ]
SQL: SHOW COLUMNS FROM `wg_action` [ RunTime:0.0020s ]
SQL: SELECT * FROM `wg_action` WHERE `name` = 'user_login' LIMIT 1   [ RunTime:0.0006s ]
SQL: SHOW COLUMNS FROM `wg_action_log` [ RunTime:0.0016s ]
SQL: INSERT INTO `wg_action_log` (`action_id`,`user_id`,`action_ip`,`model`,`record_id`,`create_time`,`remark`) VALUES ('1','1','0','member','1','1421826056','admin在2015-01-21 15:40登录了后台') [ RunTime:0.0018s ]
SQL: SELECT * FROM `wg_action` WHERE `name` = 'user_login' LIMIT 1   [ RunTime:0.0003s ]
NOTIC: [8] Undefined offset: 1 /Applications/MAMP/htdocs/trainingsys/Application/Common/Common/function.php 第 725 行.
NOTIC: [2] array_key_exists() expects parameter 2 to be array, null given /Applications/MAMP/htdocs/trainingsys/Application/Common/Common/function.php 第 725 行.
SQL: SELECT COUNT(*) AS tp_count FROM `wg_action_log` WHERE `action_id` = 1 AND `user_id` = 1 AND `create_time` > 1421739656 LIMIT 1   [ RunTime:0.0036s ]

[ 2015-01-21T15:40:58+08:00 ] ::1 /index.php?s=/Home/Index/index.html
SQL: SHOW COLUMNS FROM `wg_course_lunbo` [ RunTime:0.0014s ]
SQL: SELECT `id`,`title`,`subheading`,`url`,`seq`,`create_time`,`uid`,`update_time`,`status` FROM `wg_course_lunbo` WHERE `status` = 1 ORDER BY seq DESC  [ RunTime:0.0003s ]
SQL: SHOW COLUMNS FROM `wg_course` [ RunTime:0.0019s ]
SQL: SELECT `id`,`title`,`status`,`category_id`,`price`,`expiry_day`,`show_student_num_type`,`income`,`lesson_num`,`rating`,`rating_num`,`tags`,`small_picture`,`middle_picture`,`large_picture`,`about`,`student_num`,`uid`,`create_time`,`start_time`,`picture`,`end_time`,`seq`,`publish_status`,`update_time` FROM `wg_course` WHERE `status` IN (1) ORDER BY seq DESC  [ RunTime:0.0005s ]
SQL: SHOW COLUMNS FROM `wg_member` [ RunTime:0.0020s ]
SQL: SELECT `nickname`,`middle_photo` FROM `wg_member` WHERE ( 1=1 AND uid='1' ) LIMIT 1   [ RunTime:0.0003s ]
SQL: SHOW COLUMNS FROM `wg_course_category` [ RunTime:0.0020s ]
SQL: SELECT `title` FROM `wg_course_category` WHERE ( 1=1 AND id='2' ) LIMIT 1   [ RunTime:0.0003s ]
SQL: SHOW COLUMNS FROM `wg_course_lesson` [ RunTime:0.0015s ]
SQL: SELECT `id`,`title` FROM `wg_course_lesson` WHERE ( 1=1 AND cid='41' )  [ RunTime:0.0003s ]
SQL: SELECT `nickname`,`middle_photo` FROM `wg_member` WHERE ( 1=1 AND uid='1' ) LIMIT 1   [ RunTime:0.0003s ]
SQL: SELECT `title` FROM `wg_course_category` WHERE ( 1=1 AND id='2' ) LIMIT 1   [ RunTime:0.0003s ]
SQL: SELECT `id`,`title` FROM `wg_course_lesson` WHERE ( 1=1 AND cid='43' )  [ RunTime:0.0003s ]
SQL: SELECT `nickname`,`middle_photo` FROM `wg_member` WHERE ( 1=1 AND uid='1' ) LIMIT 1   [ RunTime:0.0003s ]
SQL: SELECT `title` FROM `wg_course_category` WHERE ( 1=1 AND id='2' ) LIMIT 1   [ RunTime:0.0003s ]
SQL: SELECT `id`,`title` FROM `wg_course_lesson` WHERE ( 1=1 AND cid='44' )  [ RunTime:0.0003s ]
SQL: SELECT `nickname`,`middle_photo` FROM `wg_member` WHERE ( 1=1 AND uid='1' ) LIMIT 1   [ RunTime:0.0003s ]
SQL: SELECT `title` FROM `wg_course_category` WHERE ( 1=1 AND id='2' ) LIMIT 1   [ RunTime:0.0003s ]
SQL: SELECT `id`,`title` FROM `wg_course_lesson` WHERE ( 1=1 AND cid='45' )  [ RunTime:0.0003s ]
SQL: SELECT `nickname`,`middle_photo` FROM `wg_member` WHERE ( 1=1 AND uid='1' ) LIMIT 1   [ RunTime:0.0003s ]
SQL: SELECT `title` FROM `wg_course_category` WHERE ( 1=1 AND id='2' ) LIMIT 1   [ RunTime:0.0003s ]
SQL: SELECT `id`,`title` FROM `wg_course_lesson` WHERE ( 1=1 AND cid='46' )  [ RunTime:0.0003s ]
INFO: [ view_parse ] --START--
INFO: [ template_filter ] --START--
INFO: Run Behavior\ContentReplaceBehavior [ RunTime:0.000096s ]
INFO: [ template_filter ] --END-- [ RunTime:0.000175s ]
INFO: Run Behavior\ParseTemplateBehavior [ RunTime:0.022703s ]
INFO: [ view_parse ] --END-- [ RunTime:0.022791s ]
INFO: [ view_filter ] --START--
INFO: Run Behavior\WriteHtmlCacheBehavior [ RunTime:0.000144s ]
INFO: [ view_filter ] --END-- [ RunTime:0.000195s ]
INFO: [ app_end ] --START--
INFO: Run Behavior\ShowPageTraceBehavior [ RunTime:0.000924s ]
INFO: [ app_end ] --END-- [ RunTime:0.001013s ]

[ 2015-01-21T15:50:57+08:00 ] ::1 /
SQL: SHOW COLUMNS FROM `wg_course_lunbo` [ RunTime:0.0015s ]
SQL: SELECT `id`,`title`,`subheading`,`url`,`seq`,`create_time`,`uid`,`update_time`,`status` FROM `wg_course_lunbo` WHERE `status` = 1 ORDER BY seq DESC  [ RunTime:0.0004s ]
SQL: SHOW COLUMNS FROM `wg_course` [ RunTime:0.0018s ]
SQL: SELECT `id`,`title`,`status`,`category_id`,`price`,`expiry_day`,`show_student_num_type`,`income`,`lesson_num`,`rating`,`rating_num`,`tags`,`small_picture`,`middle_picture`,`large_picture`,`about`,`student_num`,`uid`,`create_time`,`start_time`,`picture`,`end_time`,`seq`,`publish_status`,`update_time` FROM `wg_course` WHERE `status` IN (1) ORDER BY seq DESC  [ RunTime:0.0004s ]
SQL: SHOW COLUMNS FROM `wg_member` [ RunTime:0.0019s ]
SQL: SELECT `nickname`,`middle_photo` FROM `wg_member` WHERE ( 1=1 AND uid='1' ) LIMIT 1   [ RunTime:0.0003s ]
SQL: SHOW COLUMNS FROM `wg_course_category` [ RunTime:0.0024s ]
SQL: SELECT `title` FROM `wg_course_category` WHERE ( 1=1 AND id='2' ) LIMIT 1   [ RunTime:0.0006s ]
SQL: SHOW COLUMNS FROM `wg_course_lesson` [ RunTime:0.0012s ]
SQL: SELECT `id`,`title` FROM `wg_course_lesson` WHERE ( 1=1 AND cid='41' )  [ RunTime:0.0003s ]
SQL: SELECT `nickname`,`middle_photo` FROM `wg_member` WHERE ( 1=1 AND uid='1' ) LIMIT 1   [ RunTime:0.0002s ]
SQL: SELECT `title` FROM `wg_course_category` WHERE ( 1=1 AND id='2' ) LIMIT 1   [ RunTime:0.0002s ]
SQL: SELECT `id`,`title` FROM `wg_course_lesson` WHERE ( 1=1 AND cid='43' )  [ RunTime:0.0002s ]
SQL: SELECT `nickname`,`middle_photo` FROM `wg_member` WHERE ( 1=1 AND uid='1' ) LIMIT 1   [ RunTime:0.0002s ]
SQL: SELECT `title` FROM `wg_course_category` WHERE ( 1=1 AND id='2' ) LIMIT 1   [ RunTime:0.0002s ]
SQL: SELECT `id`,`title` FROM `wg_course_lesson` WHERE ( 1=1 AND cid='44' )  [ RunTime:0.0002s ]
SQL: SELECT `nickname`,`middle_photo` FROM `wg_member` WHERE ( 1=1 AND uid='1' ) LIMIT 1   [ RunTime:0.0002s ]
SQL: SELECT `title` FROM `wg_course_category` WHERE ( 1=1 AND id='2' ) LIMIT 1   [ RunTime:0.0002s ]
SQL: SELECT `id`,`title` FROM `wg_course_lesson` WHERE ( 1=1 AND cid='45' )  [ RunTime:0.0002s ]
SQL: SELECT `nickname`,`middle_photo` FROM `wg_member` WHERE ( 1=1 AND uid='1' ) LIMIT 1   [ RunTime:0.0004s ]
SQL: SELECT `title` FROM `wg_course_category` WHERE ( 1=1 AND id='2' ) LIMIT 1   [ RunTime:0.0003s ]
SQL: SELECT `id`,`title` FROM `wg_course_lesson` WHERE ( 1=1 AND cid='46' )  [ RunTime:0.0003s ]
INFO: [ view_parse ] --START--
INFO: [ template_filter ] --START--
INFO: Run Behavior\ContentReplaceBehavior [ RunTime:0.000155s ]
INFO: [ template_filter ] --END-- [ RunTime:0.000288s ]
INFO: Run Behavior\ParseTemplateBehavior [ RunTime:0.037782s ]
INFO: [ view_parse ] --END-- [ RunTime:0.037897s ]
INFO: [ view_filter ] --START--
INFO: Run Behavior\WriteHtmlCacheBehavior [ RunTime:0.000629s ]
INFO: [ view_filter ] --END-- [ RunTime:0.000723s ]
INFO: [ app_end ] --START--
INFO: Run Behavior\ShowPageTraceBehavior [ RunTime:0.001088s ]
INFO: [ app_end ] --END-- [ RunTime:0.001226s ]

[ 2015-01-21T15:51:14+08:00 ] ::1 /index.php?s=/Home/Course/detail/id/41.html
SQL: SHOW COLUMNS FROM `wg_course` [ RunTime:0.0021s ]
SQL: SELECT * FROM `wg_course` WHERE `id` = 41 LIMIT 1   [ RunTime:0.0004s ]
SQL: SHOW COLUMNS FROM `wg_member` [ RunTime:0.0024s ]
SQL: SELECT `nickname`,`middle_photo` FROM `wg_member` WHERE ( 1=1 AND uid='1' ) LIMIT 1   [ RunTime:0.0003s ]
SQL: SHOW COLUMNS FROM `wg_course_category` [ RunTime:0.0021s ]
SQL: SELECT `title` FROM `wg_course_category` WHERE ( 1=1 AND id='2' ) LIMIT 1   [ RunTime:0.0003s ]
SQL: SHOW COLUMNS FROM `wg_course_lesson` [ RunTime:0.0014s ]
SQL: SELECT `id`,`title` FROM `wg_course_lesson` WHERE ( 1=1 AND cid='41' )  [ RunTime:0.0003s ]
SQL: SHOW COLUMNS FROM `wg_member_course` [ RunTime:0.0020s ]
SQL: SELECT * FROM `wg_member_course` WHERE `uid` = 1 AND `cid` = 41 LIMIT 1   [ RunTime:0.0004s ]
INFO: [ view_parse ] --START--
INFO: [ template_filter ] --START--
INFO: Run Behavior\ContentReplaceBehavior [ RunTime:0.000150s ]
INFO: [ template_filter ] --END-- [ RunTime:0.000282s ]
NOTIC: [8] Undefined index: subtitle /Applications/MAMP/htdocs/trainingsys/Runtime/Cache/Home/a77ce601443794d56da432a33147a96f.php 第 148 行.
INFO: Run Behavior\ParseTemplateBehavior [ RunTime:0.033271s ]
INFO: [ view_parse ] --END-- [ RunTime:0.033358s ]
INFO: [ view_filter ] --START--
INFO: Run Behavior\WriteHtmlCacheBehavior [ RunTime:0.000187s ]
INFO: [ view_filter ] --END-- [ RunTime:0.000256s ]
INFO: [ app_end ] --START--
INFO: Run Behavior\ShowPageTraceBehavior [ RunTime:0.001301s ]
INFO: [ app_end ] --END-- [ RunTime:0.001466s ]

[ 2015-01-21T15:52:04+08:00 ] ::1 /index.php?s=/Home/Course/detailLesson/id/93.html
SQL: SHOW COLUMNS FROM `wg_course_lesson` [ RunTime:0.0015s ]
SQL: SELECT * FROM `wg_course_lesson` WHERE `id` = 93 LIMIT 1   [ RunTime:0.0004s ]
SQL: SHOW COLUMNS FROM `wg_course` [ RunTime:0.0015s ]
SQL: SELECT `title` FROM `wg_course` WHERE ( 1=1 AND id='41' ) LIMIT 1   [ RunTime:0.0003s ]
SQL: SHOW COLUMNS FROM `wg_course_videos` [ RunTime:0.0043s ]
SQL: SELECT * FROM `wg_course_videos` WHERE ( 1=1 AND id='50' ) LIMIT 1   [ RunTime:0.0003s ]
SQL: SHOW COLUMNS FROM `wg_member_course` [ RunTime:0.0014s ]
SQL: SELECT * FROM `wg_member_course` WHERE `uid` = 1 AND `cid` = 41 LIMIT 1   [ RunTime:0.0003s ]
SQL: SHOW COLUMNS FROM `wg_course` [ RunTime:0.0022s ]
SQL: SELECT * FROM `wg_course` WHERE `id` = 41 LIMIT 1   [ RunTime:0.0004s ]
SQL: SHOW COLUMNS FROM `wg_member` [ RunTime:0.0017s ]
SQL: SELECT `nickname`,`middle_photo` FROM `wg_member` WHERE ( 1=1 AND uid='1' ) LIMIT 1   [ RunTime:0.0003s ]
SQL: SHOW COLUMNS FROM `wg_course_category` [ RunTime:0.0018s ]
SQL: SELECT `title` FROM `wg_course_category` WHERE ( 1=1 AND id='2' ) LIMIT 1   [ RunTime:0.0003s ]
SQL: SHOW COLUMNS FROM `wg_course_lesson` [ RunTime:0.0014s ]
SQL: SELECT `id`,`title` FROM `wg_course_lesson` WHERE ( 1=1 AND cid='41' )  [ RunTime:0.0003s ]
SQL: SHOW COLUMNS FROM `wg_course_note` [ RunTime:0.0032s ]
SQL: SELECT `id`,`uid`,`cid`,`lesson_id`,`content`,`status`,`create_time`,`update_time`,`seq` FROM `wg_course_note` WHERE `status` = 1 AND `cid` = 41 AND `lesson_id` = 93 AND `uid` = 1 ORDER BY create_time DESC LIMIT 3   [ RunTime:0.0005s ]
INFO: [ view_parse ] --START--
NOTIC: [8] Undefined offset: 1 /Applications/MAMP/htdocs/trainingsys/ThinkPHP/Library/Think/Template.class.php 第 531 行.
INFO: [ template_filter ] --START--
INFO: Run Behavior\ContentReplaceBehavior [ RunTime:0.000183s ]
INFO: [ template_filter ] --END-- [ RunTime:0.000307s ]
NOTIC: [8] Undefined variable: spark_config /Applications/MAMP/htdocs/trainingsys/Runtime/Cache/Home/8a8e57904ccdd66ea797cf9a2e1c9027.php 第 211 行.
INFO: Run Behavior\ParseTemplateBehavior [ RunTime:0.028250s ]
INFO: [ view_parse ] --END-- [ RunTime:0.028364s ]
INFO: [ view_filter ] --START--
INFO: Run Behavior\WriteHtmlCacheBehavior [ RunTime:0.000266s ]
INFO: [ view_filter ] --END-- [ RunTime:0.000364s ]
INFO: [ app_end ] --START--
INFO: Run Behavior\ShowPageTraceBehavior [ RunTime:0.001457s ]
INFO: [ app_end ] --END-- [ RunTime:0.001608s ]

[ 2015-01-21T15:52:16+08:00 ] ::1 /index.php?s=/Home/Course/addNote.html
INFO: [ app_begin ] --START--
INFO: Run Behavior\ReadHtmlCacheBehavior [ RunTime:0.000523s ]
INFO: [ app_begin ] --END-- [ RunTime:0.000896s ]
SQL: SHOW COLUMNS FROM `wg_config` [ RunTime:0.0118s ]
SQL: SELECT `type`,`name`,`value` FROM `wg_config` WHERE `status` = 1  [ RunTime:0.0004s ]
SQL: SHOW COLUMNS FROM `wg_course_note` [ RunTime:0.0044s ]
SQL: INSERT INTO `wg_course_note` (`cid`,`lesson_id`,`content`,`create_time`,`update_time`,`status`,`uid`) VALUES ('41','93','2121','1421826736','1421826736','1','1') [ RunTime:0.0009s ]
SQL: SELECT `id`,`uid`,`cid`,`lesson_id`,`content`,`status`,`create_time`,`update_time`,`seq` FROM `wg_course_note` WHERE `status` = 1 AND `cid` = 41 AND `lesson_id` = 93 AND `uid` = 1 ORDER BY create_time DESC LIMIT 1   [ RunTime:0.0008s ]

