[ 2015-01-08T16:24:38+08:00 ] 127.0.0.1 /index.php?s=/Student/MyClass/index.html
SQL: SHOW COLUMNS FROM `wg_member` [ RunTime:0.0046s ]
SQL: SELECT * FROM `wg_member` WHERE `uid` = 1 LIMIT 1   [ RunTime:0.0006s ]
SQL: SHOW COLUMNS FROM `wg_course` [ RunTime:0.0043s ]
NOTIC: [8] Undefined index: mapping_order D:\Development\Server\apache2.2.22\htdocs\newtrainingsys\ThinkPHP\Library\Think\Model\RelationModel.class.php 第 186 行.
NOTIC: [8] Undefined index: mapping_limit D:\Development\Server\apache2.2.22\htdocs\newtrainingsys\ThinkPHP\Library\Think\Model\RelationModel.class.php 第 187 行.
SQL: SELECT b.* FROM wg_member_course AS a, wg_course AS b WHERE a.cid = b.id AND a. uid='1' [ RunTime:0.0007s ]
INFO: [ view_parse ] --START--
INFO: [ template_filter ] --START--
INFO: Run Behavior\ContentReplaceBehavior [ RunTime:0.000244s ]
INFO: [ template_filter ] --END-- [ RunTime:0.000351s ]
INFO: Run Behavior\ParseTemplateBehavior [ RunTime:0.024321s ]
INFO: [ view_parse ] --END-- [ RunTime:0.024399s ]
INFO: [ view_filter ] --START--
INFO: Run Behavior\WriteHtmlCacheBehavior [ RunTime:0.000650s ]
INFO: [ view_filter ] --END-- [ RunTime:0.000715s ]
INFO: [ app_end ] --START--
INFO: Run Behavior\ShowPageTraceBehavior [ RunTime:0.001997s ]
INFO: [ app_end ] --END-- [ RunTime:0.004150s ]

[ 2015-01-08T16:24:40+08:00 ] 127.0.0.1 /index.php?s=/Student/Note/index.html
SQL: SHOW COLUMNS FROM `wg_member` [ RunTime:0.0046s ]
SQL: SELECT * FROM `wg_member` WHERE `uid` = 1 LIMIT 1   [ RunTime:0.0007s ]
SQL: SHOW COLUMNS FROM `wg_course` [ RunTime:0.0052s ]
NOTIC: [8] Undefined index: mapping_order D:\Development\Server\apache2.2.22\htdocs\newtrainingsys\ThinkPHP\Library\Think\Model\RelationModel.class.php 第 186 行.
NOTIC: [8] Undefined index: mapping_limit D:\Development\Server\apache2.2.22\htdocs\newtrainingsys\ThinkPHP\Library\Think\Model\RelationModel.class.php 第 187 行.
SQL: SELECT b.* FROM wg_member_course AS a, wg_course AS b WHERE a.cid = b.id AND a. uid='1' [ RunTime:0.0007s ]
INFO: [ view_parse ] --START--
INFO: [ template_filter ] --START--
INFO: Run Behavior\ContentReplaceBehavior [ RunTime:0.000230s ]
INFO: [ template_filter ] --END-- [ RunTime:0.000314s ]
INFO: Run Behavior\ParseTemplateBehavior [ RunTime:0.024608s ]
INFO: [ view_parse ] --END-- [ RunTime:0.024689s ]
INFO: [ view_filter ] --START--
INFO: Run Behavior\WriteHtmlCacheBehavior [ RunTime:0.000681s ]
INFO: [ view_filter ] --END-- [ RunTime:0.000744s ]
INFO: [ app_end ] --START--
INFO: Run Behavior\ShowPageTraceBehavior [ RunTime:0.004255s ]
INFO: [ app_end ] --END-- [ RunTime:0.004346s ]

[ 2015-01-08T16:24:42+08:00 ] 127.0.0.1 /index.php?s=/Student/Note/listNote/cid/41.html
SQL: SHOW COLUMNS FROM `wg_course_note` [ RunTime:0.0566s ]
SQL: SELECT `id`,`uid`,`cid`,`lesson_id`,`content`,`status`,`create_time`,`update_time`,`seq` FROM `wg_course_note` WHERE `status` = 1 AND `uid` = 1 AND `cid` = 41 ORDER BY seq DESC  [ RunTime:0.0007s ]
SQL: SHOW COLUMNS FROM `wg_course` [ RunTime:0.0047s ]
SQL: SELECT * FROM `wg_course` WHERE `id` = 41 LIMIT 1   [ RunTime:0.0006s ]
SQL: SHOW COLUMNS FROM `wg_member` [ RunTime:0.0044s ]
SQL: SELECT `nickname`,`middle_photo` FROM `wg_member` WHERE ( 1=1 AND uid='2' ) LIMIT 1   [ RunTime:0.0003s ]
SQL: SHOW COLUMNS FROM `wg_course_category` [ RunTime:0.0043s ]
SQL: SELECT `title` FROM `wg_course_category` WHERE ( 1=1 AND id='2' ) LIMIT 1   [ RunTime:0.0004s ]
SQL: SHOW COLUMNS FROM `wg_course_note` [ RunTime:0.0037s ]
SQL: SELECT count(id) FROM `wg_course_note` WHERE ( 1=1 AND cid='41' )  [ RunTime:0.0004s ]
INFO: [ view_parse ] --START--
NOTIC: [8] Undefined offset: 1 D:\Development\Server\apache2.2.22\htdocs\newtrainingsys\ThinkPHP\Library\Think\Template.class.php 第 531 行.
INFO: [ template_filter ] --START--
INFO: Run Behavior\ContentReplaceBehavior [ RunTime:0.000221s ]
INFO: [ template_filter ] --END-- [ RunTime:0.000299s ]
INFO: Run Behavior\ParseTemplateBehavior [ RunTime:0.040264s ]
INFO: [ view_parse ] --END-- [ RunTime:0.040361s ]
INFO: [ view_filter ] --START--
INFO: Run Behavior\WriteHtmlCacheBehavior [ RunTime:0.001047s ]
INFO: [ view_filter ] --END-- [ RunTime:0.001115s ]
INFO: [ app_end ] --START--
INFO: Run Behavior\ShowPageTraceBehavior [ RunTime:0.023560s ]
INFO: [ app_end ] --END-- [ RunTime:0.023652s ]

[ 2015-01-08T16:24:44+08:00 ] 127.0.0.1 /index.php?s=/Student/Note/editorNote/id/213.html
SQL: SHOW COLUMNS FROM `wg_course_note` [ RunTime:0.0049s ]
SQL: SELECT * FROM `wg_course_note` WHERE `id` = 213 LIMIT 1   [ RunTime:0.0006s ]
INFO: [ view_parse ] --START--
INFO: [ template_filter ] --START--
INFO: Run Behavior\ContentReplaceBehavior [ RunTime:0.000218s ]
INFO: [ template_filter ] --END-- [ RunTime:0.000301s ]
INFO: Run Behavior\ParseTemplateBehavior [ RunTime:0.065511s ]
INFO: [ view_parse ] --END-- [ RunTime:0.065602s ]
INFO: [ view_filter ] --START--
INFO: Run Behavior\WriteHtmlCacheBehavior [ RunTime:0.000842s ]
INFO: [ view_filter ] --END-- [ RunTime:0.000921s ]
INFO: [ app_end ] --START--
INFO: Run Behavior\ShowPageTraceBehavior [ RunTime:0.002610s ]
INFO: [ app_end ] --END-- [ RunTime:0.002703s ]

[ 2015-01-08T16:25:14+08:00 ] 127.0.0.1 /index.php?s=/Student/Note/deleteNote.html
INFO: [ app_begin ] --START--
INFO: Run Behavior\ReadHtmlCacheBehavior [ RunTime:0.001163s ]
INFO: [ app_begin ] --END-- [ RunTime:0.001731s ]
SQL: SHOW COLUMNS FROM `wg_course_note` [ RunTime:0.0039s ]
SQL: DELETE FROM `wg_course_note` WHERE `id` = 214 [ RunTime:0.0775s ]

[ 2015-01-08T16:26:27+08:00 ] 127.0.0.1 /index.php?s=/Student/Note/deleteNote.html
INFO: [ app_begin ] --START--
INFO: Run Behavior\ReadHtmlCacheBehavior [ RunTime:0.000947s ]
INFO: [ app_begin ] --END-- [ RunTime:0.001571s ]
SQL: SHOW COLUMNS FROM `wg_course_note` [ RunTime:0.0039s ]
SQL: DELETE FROM `wg_course_note` WHERE `id` = 227 [ RunTime:0.0622s ]

[ 2015-01-08T16:33:31+08:00 ] 127.0.0.1 /index.php?s=/Student/Note/deleteNote.html
INFO: [ app_begin ] --START--
INFO: Run Behavior\ReadHtmlCacheBehavior [ RunTime:0.001066s ]
INFO: [ app_begin ] --END-- [ RunTime:0.001683s ]
SQL: SHOW COLUMNS FROM `wg_course_note` [ RunTime:0.0043s ]
SQL: DELETE FROM `wg_course_note` WHERE `id` = 226 [ RunTime:0.0784s ]

[ 2015-01-08T16:33:34+08:00 ] 127.0.0.1 /index.php?s=/Student/Note/deleteNote.html
INFO: [ app_begin ] --START--
INFO: Run Behavior\ReadHtmlCacheBehavior [ RunTime:0.001168s ]
INFO: [ app_begin ] --END-- [ RunTime:0.001874s ]
SQL: SHOW COLUMNS FROM `wg_course_note` [ RunTime:0.0051s ]
SQL: DELETE FROM `wg_course_note` WHERE `id` = 225 [ RunTime:0.1063s ]

[ 2015-01-08T16:33:36+08:00 ] 127.0.0.1 /index.php?s=/Student/Note/deleteNote.html
INFO: [ app_begin ] --START--
INFO: Run Behavior\ReadHtmlCacheBehavior [ RunTime:0.000927s ]
INFO: [ app_begin ] --END-- [ RunTime:0.001543s ]
SQL: SHOW COLUMNS FROM `wg_course_note` [ RunTime:0.0039s ]
SQL: DELETE FROM `wg_course_note` WHERE `id` = 224 [ RunTime:0.0524s ]

[ 2015-01-08T16:35:08+08:00 ] 127.0.0.1 /index.php?s=/Student/Note/deleteNote.html
INFO: [ app_begin ] --START--
INFO: Run Behavior\ReadHtmlCacheBehavior [ RunTime:0.001066s ]
INFO: [ app_begin ] --END-- [ RunTime:0.001678s ]
SQL: SHOW COLUMNS FROM `wg_course_note` [ RunTime:0.0037s ]
SQL: DELETE FROM `wg_course_note` WHERE `id` = 223 [ RunTime:0.0477s ]

[ 2015-01-08T16:35:11+08:00 ] 127.0.0.1 /index.php?s=/Student/Note/deleteNote.html
INFO: [ app_begin ] --START--
INFO: Run Behavior\ReadHtmlCacheBehavior [ RunTime:0.000927s ]
INFO: [ app_begin ] --END-- [ RunTime:0.001534s ]
SQL: SHOW COLUMNS FROM `wg_course_note` [ RunTime:0.0043s ]
SQL: DELETE FROM `wg_course_note` WHERE `id` = 222 [ RunTime:0.1782s ]

[ 2015-01-08T16:35:39+08:00 ] 127.0.0.1 /index.php?s=/Student/Note/deleteNote.html
INFO: [ app_begin ] --START--
INFO: Run Behavior\ReadHtmlCacheBehavior [ RunTime:0.001069s ]
INFO: [ app_begin ] --END-- [ RunTime:0.001685s ]
SQL: SHOW COLUMNS FROM `wg_course_note` [ RunTime:0.0045s ]
SQL: DELETE FROM `wg_course_note` WHERE `id` = 221 [ RunTime:0.0651s ]

[ 2015-01-08T16:36:27+08:00 ] 127.0.0.1 /index.php?s=/Student/Note/deleteNote.html
INFO: [ app_begin ] --START--
INFO: Run Behavior\ReadHtmlCacheBehavior [ RunTime:0.000923s ]
INFO: [ app_begin ] --END-- [ RunTime:0.001548s ]
SQL: SHOW COLUMNS FROM `wg_course_note` [ RunTime:0.0039s ]
SQL: DELETE FROM `wg_course_note` WHERE `id` = 220 [ RunTime:0.0625s ]

[ 2015-01-08T16:39:23+08:00 ] 127.0.0.1 /index.php?s=/Student/Note/deleteNote.html
INFO: [ app_begin ] --START--
INFO: Run Behavior\ReadHtmlCacheBehavior [ RunTime:0.001115s ]
INFO: [ app_begin ] --END-- [ RunTime:0.001680s ]
SQL: SHOW COLUMNS FROM `wg_course_note` [ RunTime:0.0053s ]
SQL: DELETE FROM `wg_course_note` WHERE `id` = 219 [ RunTime:0.0687s ]

[ 2015-01-08T16:39:25+08:00 ] 127.0.0.1 /index.php?s=/Student/Note/deleteNote.html
INFO: [ app_begin ] --START--
INFO: Run Behavior\ReadHtmlCacheBehavior [ RunTime:0.001111s ]
INFO: [ app_begin ] --END-- [ RunTime:0.001680s ]
SQL: SHOW COLUMNS FROM `wg_course_note` [ RunTime:0.0055s ]
SQL: DELETE FROM `wg_course_note` WHERE `id` = 218 [ RunTime:0.0743s ]

[ 2015-01-08T16:40:46+08:00 ] 127.0.0.1 /index.php?s=/Student/Note/listNote/cid/41/lesson_id/94.html
SQL: SHOW COLUMNS FROM `wg_course_note` [ RunTime:0.0040s ]
SQL: SELECT `id`,`uid`,`cid`,`lesson_id`,`content`,`status`,`create_time`,`update_time`,`seq` FROM `wg_course_note` WHERE `status` = 1 AND `uid` = 1 AND `cid` = 41 AND `lesson_id` = 94 ORDER BY seq DESC  [ RunTime:0.0007s ]
SQL: SHOW COLUMNS FROM `wg_course` [ RunTime:0.0046s ]
SQL: SELECT * FROM `wg_course` WHERE `id` = 41 LIMIT 1   [ RunTime:0.0007s ]
SQL: SHOW COLUMNS FROM `wg_member` [ RunTime:0.0045s ]
SQL: SELECT `nickname`,`middle_photo` FROM `wg_member` WHERE ( 1=1 AND uid='2' ) LIMIT 1   [ RunTime:0.0005s ]
SQL: SHOW COLUMNS FROM `wg_course_category` [ RunTime:0.0059s ]
SQL: SELECT `title` FROM `wg_course_category` WHERE ( 1=1 AND id='2' ) LIMIT 1   [ RunTime:0.0004s ]
SQL: SHOW COLUMNS FROM `wg_course_note` [ RunTime:0.0046s ]
SQL: SELECT count(id) FROM `wg_course_note` WHERE ( 1=1 AND cid='41' )  [ RunTime:0.0005s ]
INFO: [ view_parse ] --START--
NOTIC: [8] Undefined offset: 1 D:\Development\Server\apache2.2.22\htdocs\newtrainingsys\ThinkPHP\Library\Think\Template.class.php 第 531 行.
INFO: [ template_filter ] --START--
INFO: Run Behavior\ContentReplaceBehavior [ RunTime:0.000225s ]
INFO: [ template_filter ] --END-- [ RunTime:0.000305s ]
INFO: Run Behavior\ParseTemplateBehavior [ RunTime:0.023837s ]
INFO: [ view_parse ] --END-- [ RunTime:0.023916s ]
INFO: [ view_filter ] --START--
INFO: Run Behavior\WriteHtmlCacheBehavior [ RunTime:0.000645s ]
INFO: [ view_filter ] --END-- [ RunTime:0.000706s ]
INFO: [ app_end ] --START--
INFO: Run Behavior\ShowPageTraceBehavior [ RunTime:0.001793s ]
INFO: [ app_end ] --END-- [ RunTime:0.001876s ]

[ 2015-01-08T16:41:07+08:00 ] 127.0.0.1 /index.php?s=/Student/Note/listNote/cid/41/lesson_id/94.html
SQL: SHOW COLUMNS FROM `wg_course_note` [ RunTime:0.0040s ]
SQL: SELECT `id`,`uid`,`cid`,`lesson_id`,`content`,`status`,`create_time`,`update_time`,`seq` FROM `wg_course_note` WHERE `status` = 1 AND `uid` = 1 AND `cid` = 41 AND `lesson_id` = 94 ORDER BY seq DESC  [ RunTime:0.0007s ]
SQL: SHOW COLUMNS FROM `wg_course` [ RunTime:0.0063s ]
SQL: SELECT * FROM `wg_course` WHERE `id` = 41 LIMIT 1   [ RunTime:0.0006s ]
SQL: SHOW COLUMNS FROM `wg_member` [ RunTime:0.0065s ]
SQL: SELECT `nickname`,`middle_photo` FROM `wg_member` WHERE ( 1=1 AND uid='2' ) LIMIT 1   [ RunTime:0.0004s ]
SQL: SHOW COLUMNS FROM `wg_course_category` [ RunTime:0.0068s ]
SQL: SELECT `title` FROM `wg_course_category` WHERE ( 1=1 AND id='2' ) LIMIT 1   [ RunTime:0.0004s ]
SQL: SHOW COLUMNS FROM `wg_course_note` [ RunTime:0.0049s ]
SQL: SELECT count(id) FROM `wg_course_note` WHERE ( 1=1 AND cid='41' )  [ RunTime:0.0004s ]
INFO: [ view_parse ] --START--
NOTIC: [8] Undefined offset: 1 D:\Development\Server\apache2.2.22\htdocs\newtrainingsys\ThinkPHP\Library\Think\Template.class.php 第 531 行.
INFO: [ template_filter ] --START--
INFO: Run Behavior\ContentReplaceBehavior [ RunTime:0.000221s ]
INFO: [ template_filter ] --END-- [ RunTime:0.000300s ]
INFO: Run Behavior\ParseTemplateBehavior [ RunTime:0.027059s ]
INFO: [ view_parse ] --END-- [ RunTime:0.027145s ]
INFO: [ view_filter ] --START--
INFO: Run Behavior\WriteHtmlCacheBehavior [ RunTime:0.000694s ]
INFO: [ view_filter ] --END-- [ RunTime:0.000758s ]
INFO: [ app_end ] --START--
INFO: Run Behavior\ShowPageTraceBehavior [ RunTime:0.001170s ]
INFO: [ app_end ] --END-- [ RunTime:0.001243s ]

[ 2015-01-08T16:41:09+08:00 ] 127.0.0.1 /index.php?s=/Student/Note/listNote/cid/41/lesson_id/94.html
SQL: SHOW COLUMNS FROM `wg_course_note` [ RunTime:0.0053s ]
SQL: SELECT `id`,`uid`,`cid`,`lesson_id`,`content`,`status`,`create_time`,`update_time`,`seq` FROM `wg_course_note` WHERE `status` = 1 AND `uid` = 1 AND `cid` = 41 AND `lesson_id` = 94 ORDER BY seq DESC  [ RunTime:0.0007s ]
SQL: SHOW COLUMNS FROM `wg_course` [ RunTime:0.0072s ]
SQL: SELECT * FROM `wg_course` WHERE `id` = 41 LIMIT 1   [ RunTime:0.0006s ]
SQL: SHOW COLUMNS FROM `wg_member` [ RunTime:0.0066s ]
SQL: SELECT `nickname`,`middle_photo` FROM `wg_member` WHERE ( 1=1 AND uid='2' ) LIMIT 1   [ RunTime:0.0004s ]
SQL: SHOW COLUMNS FROM `wg_course_category` [ RunTime:0.0059s ]
SQL: SELECT `title` FROM `wg_course_category` WHERE ( 1=1 AND id='2' ) LIMIT 1   [ RunTime:0.0004s ]
SQL: SHOW COLUMNS FROM `wg_course_note` [ RunTime:0.0038s ]
SQL: SELECT count(id) FROM `wg_course_note` WHERE ( 1=1 AND cid='41' )  [ RunTime:0.0019s ]
INFO: [ view_parse ] --START--
NOTIC: [8] Undefined offset: 1 D:\Development\Server\apache2.2.22\htdocs\newtrainingsys\ThinkPHP\Library\Think\Template.class.php 第 531 行.
INFO: [ template_filter ] --START--
INFO: Run Behavior\ContentReplaceBehavior [ RunTime:0.000220s ]
INFO: [ template_filter ] --END-- [ RunTime:0.000298s ]
INFO: Run Behavior\ParseTemplateBehavior [ RunTime:0.023168s ]
INFO: [ view_parse ] --END-- [ RunTime:0.023249s ]
INFO: [ view_filter ] --START--
INFO: Run Behavior\WriteHtmlCacheBehavior [ RunTime:0.000642s ]
INFO: [ view_filter ] --END-- [ RunTime:0.000705s ]
INFO: [ app_end ] --START--
INFO: Run Behavior\ShowPageTraceBehavior [ RunTime:0.001674s ]
INFO: [ app_end ] --END-- [ RunTime:0.001757s ]

