[ 2015-01-22T09:04:00+08:00 ] ::1 /index.php?s=/Student/MyClass/index.html
NOTIC: [8] Undefined index: lite /Applications/MAMP/htdocs/trainingsys/ThinkPHP/Library/Think/Db.class.php 第 37 行.
SQL: SHOW COLUMNS FROM `wg_member` [ RunTime:0.0016s ]
SQL: SELECT * FROM `wg_member` WHERE `uid` = 1 LIMIT 1   [ RunTime:0.0003s ]
SQL: SHOW COLUMNS FROM `wg_course` [ RunTime:0.0019s ]
NOTIC: [8] Undefined index: mapping_order /Applications/MAMP/htdocs/trainingsys/ThinkPHP/Library/Think/Model/RelationModel.class.php 第 186 行.
NOTIC: [8] Undefined index: mapping_limit /Applications/MAMP/htdocs/trainingsys/ThinkPHP/Library/Think/Model/RelationModel.class.php 第 187 行.
SQL: SELECT b.* FROM wg_member_course AS a, wg_course AS b WHERE a.cid = b.id AND a. uid='1' [ RunTime:0.0027s ]
INFO: [ view_parse ] --START--
INFO: [ template_filter ] --START--
INFO: Run Behavior\ContentReplaceBehavior [ RunTime:0.000110s ]
INFO: [ template_filter ] --END-- [ RunTime:0.000206s ]
INFO: Run Behavior\ParseTemplateBehavior [ RunTime:0.025314s ]
INFO: [ view_parse ] --END-- [ RunTime:0.025385s ]
INFO: [ view_filter ] --START--
INFO: Run Behavior\WriteHtmlCacheBehavior [ RunTime:0.000154s ]
INFO: [ view_filter ] --END-- [ RunTime:0.000208s ]
INFO: [ app_end ] --START--
INFO: Run Behavior\ShowPageTraceBehavior [ RunTime:0.000797s ]
INFO: [ app_end ] --END-- [ RunTime:0.001034s ]

[ 2015-01-22T09:04:18+08:00 ] ::1 /index.php?s=/Student/MyClass/index.html
NOTIC: [8] Undefined index: lite /Applications/MAMP/htdocs/trainingsys/ThinkPHP/Library/Think/Db.class.php 第 37 行.
SQL: SHOW COLUMNS FROM `wg_member` [ RunTime:0.0018s ]
SQL: SELECT * FROM `wg_member` WHERE `uid` = 1 LIMIT 1   [ RunTime:0.0003s ]
SQL: SHOW COLUMNS FROM `wg_course` [ RunTime:0.0018s ]
NOTIC: [8] Undefined index: mapping_order /Applications/MAMP/htdocs/trainingsys/ThinkPHP/Library/Think/Model/RelationModel.class.php 第 186 行.
NOTIC: [8] Undefined index: mapping_limit /Applications/MAMP/htdocs/trainingsys/ThinkPHP/Library/Think/Model/RelationModel.class.php 第 187 行.
SQL: SELECT b.* FROM wg_member_course AS a, wg_course AS b WHERE a.cid = b.id AND a. uid='1' [ RunTime:0.0004s ]
INFO: [ view_parse ] --START--
INFO: [ template_filter ] --START--
INFO: Run Behavior\ContentReplaceBehavior [ RunTime:0.000129s ]
INFO: [ template_filter ] --END-- [ RunTime:0.000235s ]
INFO: Run Behavior\ParseTemplateBehavior [ RunTime:0.020820s ]
INFO: [ view_parse ] --END-- [ RunTime:0.020930s ]
INFO: [ view_filter ] --START--
INFO: Run Behavior\WriteHtmlCacheBehavior [ RunTime:0.000209s ]
INFO: [ view_filter ] --END-- [ RunTime:0.000268s ]
INFO: [ app_end ] --START--
INFO: Run Behavior\ShowPageTraceBehavior [ RunTime:0.001318s ]
INFO: [ app_end ] --END-- [ RunTime:0.001433s ]

