[ 2015-01-13T13:19:32+08:00 ] ::1 /index.php?s=/Student/MyClass/index.html
SQL: SHOW COLUMNS FROM `wg_member` [ RunTime:0.0019s ]
SQL: SELECT * FROM `wg_member` WHERE `uid` = 1 LIMIT 1   [ RunTime:0.0003s ]
SQL: SHOW COLUMNS FROM `wg_course` [ RunTime:0.0019s ]
NOTIC: [8] Undefined index: mapping_order /Applications/MAMP/htdocs/trainingsys/ThinkPHP/Library/Think/Model/RelationModel.class.php 第 186 行.
NOTIC: [8] Undefined index: mapping_limit /Applications/MAMP/htdocs/trainingsys/ThinkPHP/Library/Think/Model/RelationModel.class.php 第 187 行.
SQL: SELECT b.* FROM wg_member_course AS a, wg_course AS b WHERE a.cid = b.id AND a. uid='1' [ RunTime:0.0004s ]
INFO: [ view_parse ] --START--
INFO: [ template_filter ] --START--
INFO: Run Behavior\ContentReplaceBehavior [ RunTime:0.000084s ]
INFO: [ template_filter ] --END-- [ RunTime:0.000160s ]
INFO: Run Behavior\ParseTemplateBehavior [ RunTime:0.018831s ]
INFO: [ view_parse ] --END-- [ RunTime:0.018957s ]
INFO: [ view_filter ] --START--
INFO: Run Behavior\WriteHtmlCacheBehavior [ RunTime:0.000266s ]
INFO: [ view_filter ] --END-- [ RunTime:0.000347s ]
INFO: [ app_end ] --START--
INFO: Run Behavior\ShowPageTraceBehavior [ RunTime:0.000900s ]
INFO: [ app_end ] --END-- [ RunTime:0.001009s ]

[ 2015-01-13T13:32:19+08:00 ] ::1 /index.php?s=/Student/MyClass/index.html
SQL: SHOW COLUMNS FROM `wg_member` [ RunTime:0.0024s ]
SQL: SELECT * FROM `wg_member` WHERE `uid` = 24 LIMIT 1   [ RunTime:0.0010s ]
SQL: SHOW COLUMNS FROM `wg_course` [ RunTime:0.0023s ]
NOTIC: [8] Undefined index: mapping_order /Applications/MAMP/htdocs/trainingsys/ThinkPHP/Library/Think/Model/RelationModel.class.php 第 186 行.
NOTIC: [8] Undefined index: mapping_limit /Applications/MAMP/htdocs/trainingsys/ThinkPHP/Library/Think/Model/RelationModel.class.php 第 187 行.
SQL: SELECT b.* FROM wg_member_course AS a, wg_course AS b WHERE a.cid = b.id AND a. uid='24' [ RunTime:0.0005s ]
INFO: [ view_parse ] --START--
INFO: [ template_filter ] --START--
INFO: Run Behavior\ContentReplaceBehavior [ RunTime:0.000122s ]
INFO: [ template_filter ] --END-- [ RunTime:0.000220s ]
INFO: Run Behavior\ParseTemplateBehavior [ RunTime:0.030481s ]
INFO: [ view_parse ] --END-- [ RunTime:0.030611s ]
INFO: [ view_filter ] --START--
INFO: Run Behavior\WriteHtmlCacheBehavior [ RunTime:0.000713s ]
INFO: [ view_filter ] --END-- [ RunTime:0.000843s ]
INFO: [ app_end ] --START--
INFO: Run Behavior\ShowPageTraceBehavior [ RunTime:0.001775s ]
INFO: [ app_end ] --END-- [ RunTime:0.001945s ]

[ 2015-01-13T13:33:07+08:00 ] ::1 /index.php?s=/Student/MyClass/index.html
SQL: SHOW COLUMNS FROM `wg_member` [ RunTime:0.0018s ]
SQL: SELECT * FROM `wg_member` WHERE `uid` = 24 LIMIT 1   [ RunTime:0.0004s ]
SQL: SHOW COLUMNS FROM `wg_course` [ RunTime:0.0019s ]
NOTIC: [8] Undefined index: mapping_order /Applications/MAMP/htdocs/trainingsys/ThinkPHP/Library/Think/Model/RelationModel.class.php 第 186 行.
NOTIC: [8] Undefined index: mapping_limit /Applications/MAMP/htdocs/trainingsys/ThinkPHP/Library/Think/Model/RelationModel.class.php 第 187 行.
SQL: SELECT b.* FROM wg_member_course AS a, wg_course AS b WHERE a.cid = b.id AND a. uid='24' [ RunTime:0.0004s ]
INFO: [ view_parse ] --START--
INFO: [ template_filter ] --START--
INFO: Run Behavior\ContentReplaceBehavior [ RunTime:0.000086s ]
INFO: [ template_filter ] --END-- [ RunTime:0.000164s ]
INFO: Run Behavior\ParseTemplateBehavior [ RunTime:0.018388s ]
INFO: [ view_parse ] --END-- [ RunTime:0.018466s ]
INFO: [ view_filter ] --START--
INFO: Run Behavior\WriteHtmlCacheBehavior [ RunTime:0.000167s ]
INFO: [ view_filter ] --END-- [ RunTime:0.000222s ]
INFO: [ app_end ] --START--
INFO: Run Behavior\ShowPageTraceBehavior [ RunTime:0.000769s ]
INFO: [ app_end ] --END-- [ RunTime:0.000871s ]

[ 2015-01-13T13:34:49+08:00 ] ::1 /index.php?s=/Student/MyClass/index.html
SQL: SHOW COLUMNS FROM `wg_member` [ RunTime:0.0103s ]
SQL: SELECT * FROM `wg_member` WHERE `uid` = 24 LIMIT 1   [ RunTime:0.0004s ]
SQL: SHOW COLUMNS FROM `wg_course` [ RunTime:0.0022s ]
NOTIC: [8] Undefined index: mapping_order /Applications/MAMP/htdocs/trainingsys/ThinkPHP/Library/Think/Model/RelationModel.class.php 第 186 行.
NOTIC: [8] Undefined index: mapping_limit /Applications/MAMP/htdocs/trainingsys/ThinkPHP/Library/Think/Model/RelationModel.class.php 第 187 行.
SQL: SELECT b.* FROM wg_member_course AS a, wg_course AS b WHERE a.cid = b.id AND a. uid='24' [ RunTime:0.0006s ]
INFO: [ view_parse ] --START--
INFO: [ template_filter ] --START--
INFO: Run Behavior\ContentReplaceBehavior [ RunTime:0.000086s ]
INFO: [ template_filter ] --END-- [ RunTime:0.000171s ]
INFO: Run Behavior\ParseTemplateBehavior [ RunTime:0.023372s ]
INFO: [ view_parse ] --END-- [ RunTime:0.023470s ]
INFO: [ view_filter ] --START--
INFO: Run Behavior\WriteHtmlCacheBehavior [ RunTime:0.000287s ]
INFO: [ view_filter ] --END-- [ RunTime:0.000345s ]
INFO: [ app_end ] --START--
INFO: Run Behavior\ShowPageTraceBehavior [ RunTime:0.000845s ]
INFO: [ app_end ] --END-- [ RunTime:0.000966s ]

[ 2015-01-13T13:39:22+08:00 ] ::1 /index.php?s=/Student/MyClass/index.html
SQL: SHOW COLUMNS FROM `wg_member` [ RunTime:0.0017s ]
SQL: SELECT * FROM `wg_member` WHERE `uid` = 24 LIMIT 1   [ RunTime:0.0003s ]
SQL: SHOW COLUMNS FROM `wg_course` [ RunTime:0.0020s ]
NOTIC: [8] Undefined index: mapping_order /Applications/MAMP/htdocs/trainingsys/ThinkPHP/Library/Think/Model/RelationModel.class.php 第 186 行.
NOTIC: [8] Undefined index: mapping_limit /Applications/MAMP/htdocs/trainingsys/ThinkPHP/Library/Think/Model/RelationModel.class.php 第 187 行.
SQL: SELECT b.* FROM wg_member_course AS a, wg_course AS b WHERE a.cid = b.id AND a. uid='24' [ RunTime:0.0004s ]
INFO: [ view_parse ] --START--
INFO: [ template_filter ] --START--
INFO: Run Behavior\ContentReplaceBehavior [ RunTime:0.000087s ]
INFO: [ template_filter ] --END-- [ RunTime:0.000164s ]
INFO: Run Behavior\ParseTemplateBehavior [ RunTime:0.022093s ]
INFO: [ view_parse ] --END-- [ RunTime:0.022168s ]
INFO: [ view_filter ] --START--
INFO: Run Behavior\WriteHtmlCacheBehavior [ RunTime:0.000144s ]
INFO: [ view_filter ] --END-- [ RunTime:0.000195s ]
INFO: [ app_end ] --START--
INFO: Run Behavior\ShowPageTraceBehavior [ RunTime:0.000837s ]
INFO: [ app_end ] --END-- [ RunTime:0.000955s ]

[ 2015-01-13T13:40:11+08:00 ] ::1 /index.php?s=/Student/MyClass/index.html
SQL: SHOW COLUMNS FROM `wg_member` [ RunTime:0.0101s ]
SQL: SELECT * FROM `wg_member` WHERE `uid` = 24 LIMIT 1   [ RunTime:0.0005s ]
SQL: SHOW COLUMNS FROM `wg_course` [ RunTime:0.0022s ]
NOTIC: [8] Undefined index: mapping_order /Applications/MAMP/htdocs/trainingsys/ThinkPHP/Library/Think/Model/RelationModel.class.php 第 186 行.
NOTIC: [8] Undefined index: mapping_limit /Applications/MAMP/htdocs/trainingsys/ThinkPHP/Library/Think/Model/RelationModel.class.php 第 187 行.
SQL: SELECT b.* FROM wg_member_course AS a, wg_course AS b WHERE a.cid = b.id AND a. uid='24' [ RunTime:0.0005s ]
INFO: [ view_parse ] --START--
INFO: [ template_filter ] --START--
INFO: Run Behavior\ContentReplaceBehavior [ RunTime:0.000082s ]
INFO: [ template_filter ] --END-- [ RunTime:0.000154s ]
INFO: Run Behavior\ParseTemplateBehavior [ RunTime:0.019457s ]
INFO: [ view_parse ] --END-- [ RunTime:0.019544s ]
INFO: [ view_filter ] --START--
INFO: Run Behavior\WriteHtmlCacheBehavior [ RunTime:0.000152s ]
INFO: [ view_filter ] --END-- [ RunTime:0.000204s ]
INFO: [ app_end ] --START--
INFO: Run Behavior\ShowPageTraceBehavior [ RunTime:0.000764s ]
INFO: [ app_end ] --END-- [ RunTime:0.000866s ]

[ 2015-01-13T13:42:50+08:00 ] ::1 /index.php?s=/Student/MyClass/index.html
SQL: SHOW COLUMNS FROM `wg_member` [ RunTime:0.0018s ]
SQL: SELECT * FROM `wg_member` WHERE `uid` = 24 LIMIT 1   [ RunTime:0.0004s ]
SQL: SHOW COLUMNS FROM `wg_course` [ RunTime:0.0020s ]
NOTIC: [8] Undefined index: mapping_order /Applications/MAMP/htdocs/trainingsys/ThinkPHP/Library/Think/Model/RelationModel.class.php 第 186 行.
NOTIC: [8] Undefined index: mapping_limit /Applications/MAMP/htdocs/trainingsys/ThinkPHP/Library/Think/Model/RelationModel.class.php 第 187 行.
SQL: SELECT b.* FROM wg_member_course AS a, wg_course AS b WHERE a.cid = b.id AND a. uid='24' [ RunTime:0.0004s ]
INFO: [ view_parse ] --START--
INFO: [ template_filter ] --START--
INFO: Run Behavior\ContentReplaceBehavior [ RunTime:0.000118s ]
INFO: [ template_filter ] --END-- [ RunTime:0.000223s ]
INFO: Run Behavior\ParseTemplateBehavior [ RunTime:0.022511s ]
INFO: [ view_parse ] --END-- [ RunTime:0.022587s ]
INFO: [ view_filter ] --START--
INFO: Run Behavior\WriteHtmlCacheBehavior [ RunTime:0.000147s ]
INFO: [ view_filter ] --END-- [ RunTime:0.000199s ]
INFO: [ app_end ] --START--
INFO: Run Behavior\ShowPageTraceBehavior [ RunTime:0.000785s ]
INFO: [ app_end ] --END-- [ RunTime:0.000887s ]

[ 2015-01-13T13:42:55+08:00 ] ::1 /index.php?s=/Student/Note/index.html
SQL: SHOW COLUMNS FROM `wg_member` [ RunTime:0.0019s ]
SQL: SELECT * FROM `wg_member` WHERE `uid` = 24 LIMIT 1   [ RunTime:0.0003s ]
SQL: SHOW COLUMNS FROM `wg_course` [ RunTime:0.0019s ]
NOTIC: [8] Undefined index: mapping_order /Applications/MAMP/htdocs/trainingsys/ThinkPHP/Library/Think/Model/RelationModel.class.php 第 186 行.
NOTIC: [8] Undefined index: mapping_limit /Applications/MAMP/htdocs/trainingsys/ThinkPHP/Library/Think/Model/RelationModel.class.php 第 187 行.
SQL: SELECT b.* FROM wg_member_course AS a, wg_course AS b WHERE a.cid = b.id AND a. uid='24' [ RunTime:0.0005s ]
INFO: [ view_parse ] --START--
INFO: [ template_filter ] --START--
INFO: Run Behavior\ContentReplaceBehavior [ RunTime:0.000099s ]
INFO: [ template_filter ] --END-- [ RunTime:0.000178s ]
INFO: Run Behavior\ParseTemplateBehavior [ RunTime:0.022133s ]
INFO: [ view_parse ] --END-- [ RunTime:0.022205s ]
INFO: [ view_filter ] --START--
INFO: Run Behavior\WriteHtmlCacheBehavior [ RunTime:0.000144s ]
INFO: [ view_filter ] --END-- [ RunTime:0.000196s ]
INFO: [ app_end ] --START--
INFO: Run Behavior\ShowPageTraceBehavior [ RunTime:0.000777s ]
INFO: [ app_end ] --END-- [ RunTime:0.000884s ]

[ 2015-01-13T13:42:56+08:00 ] ::1 /index.php?s=/Student/MyClass/index.html
SQL: SHOW COLUMNS FROM `wg_member` [ RunTime:0.0018s ]
SQL: SELECT * FROM `wg_member` WHERE `uid` = 24 LIMIT 1   [ RunTime:0.0003s ]
SQL: SHOW COLUMNS FROM `wg_course` [ RunTime:0.0020s ]
NOTIC: [8] Undefined index: mapping_order /Applications/MAMP/htdocs/trainingsys/ThinkPHP/Library/Think/Model/RelationModel.class.php 第 186 行.
NOTIC: [8] Undefined index: mapping_limit /Applications/MAMP/htdocs/trainingsys/ThinkPHP/Library/Think/Model/RelationModel.class.php 第 187 行.
SQL: SELECT b.* FROM wg_member_course AS a, wg_course AS b WHERE a.cid = b.id AND a. uid='24' [ RunTime:0.0004s ]
INFO: [ view_parse ] --START--
INFO: [ template_filter ] --START--
INFO: Run Behavior\ContentReplaceBehavior [ RunTime:0.000086s ]
INFO: [ template_filter ] --END-- [ RunTime:0.000165s ]
INFO: Run Behavior\ParseTemplateBehavior [ RunTime:0.017975s ]
INFO: [ view_parse ] --END-- [ RunTime:0.018044s ]
INFO: [ view_filter ] --START--
INFO: Run Behavior\WriteHtmlCacheBehavior [ RunTime:0.000179s ]
INFO: [ view_filter ] --END-- [ RunTime:0.000231s ]
INFO: [ app_end ] --START--
INFO: Run Behavior\ShowPageTraceBehavior [ RunTime:0.000782s ]
INFO: [ app_end ] --END-- [ RunTime:0.000885s ]

[ 2015-01-13T13:42:58+08:00 ] ::1 /index.php?s=/student/Daily/index.html
SQL: SHOW COLUMNS FROM `wg_daily` [ RunTime:0.0015s ]
SQL: SELECT COUNT(id) AS tp_Count FROM `wg_daily` WHERE `status` = 1 AND `uid` = 24 LIMIT 1   [ RunTime:0.0004s ]
SQL: SELECT `id`,`title`,`content`,`create_time`,`update_time`,`status`,`uid` FROM `wg_daily` WHERE `status` = 1 AND `uid` = 24 ORDER BY create_time DESC LIMIT 0,10   [ RunTime:0.0004s ]
INFO: [ view_parse ] --START--
NOTIC: [8] Undefined offset: 1 /Applications/MAMP/htdocs/trainingsys/ThinkPHP/Library/Think/Template.class.php 第 531 行.
INFO: [ template_filter ] --START--
INFO: Run Behavior\ContentReplaceBehavior [ RunTime:0.000085s ]
INFO: [ template_filter ] --END-- [ RunTime:0.000162s ]
INFO: Run Behavior\ParseTemplateBehavior [ RunTime:0.020133s ]
INFO: [ view_parse ] --END-- [ RunTime:0.020255s ]
INFO: [ view_filter ] --START--
INFO: Run Behavior\WriteHtmlCacheBehavior [ RunTime:0.000169s ]
INFO: [ view_filter ] --END-- [ RunTime:0.000226s ]
INFO: [ app_end ] --START--
INFO: Run Behavior\ShowPageTraceBehavior [ RunTime:0.000812s ]
INFO: [ app_end ] --END-- [ RunTime:0.000918s ]

[ 2015-01-13T13:43:01+08:00 ] ::1 /index.php?s=/Student/Daily/add.html
INFO: [ view_parse ] --START--
INFO: [ template_filter ] --START--
INFO: Run Behavior\ContentReplaceBehavior [ RunTime:0.000156s ]
INFO: [ template_filter ] --END-- [ RunTime:0.000293s ]
INFO: Run Behavior\ParseTemplateBehavior [ RunTime:0.030620s ]
INFO: [ view_parse ] --END-- [ RunTime:0.031064s ]
INFO: [ view_filter ] --START--
INFO: Run Behavior\WriteHtmlCacheBehavior [ RunTime:0.000215s ]
INFO: [ view_filter ] --END-- [ RunTime:0.000301s ]
INFO: [ app_end ] --START--
INFO: Run Behavior\ShowPageTraceBehavior [ RunTime:0.000992s ]
INFO: [ app_end ] --END-- [ RunTime:0.001091s ]

[ 2015-01-13T13:43:11+08:00 ] ::1 /index.php?s=/Student/MyClass/index.html
SQL: SHOW COLUMNS FROM `wg_member` [ RunTime:0.0106s ]
SQL: SELECT * FROM `wg_member` WHERE `uid` = 24 LIMIT 1   [ RunTime:0.0005s ]
SQL: SHOW COLUMNS FROM `wg_course` [ RunTime:0.0021s ]
NOTIC: [8] Undefined index: mapping_order /Applications/MAMP/htdocs/trainingsys/ThinkPHP/Library/Think/Model/RelationModel.class.php 第 186 行.
NOTIC: [8] Undefined index: mapping_limit /Applications/MAMP/htdocs/trainingsys/ThinkPHP/Library/Think/Model/RelationModel.class.php 第 187 行.
SQL: SELECT b.* FROM wg_member_course AS a, wg_course AS b WHERE a.cid = b.id AND a. uid='24' [ RunTime:0.0006s ]
INFO: [ view_parse ] --START--
INFO: [ template_filter ] --START--
INFO: Run Behavior\ContentReplaceBehavior [ RunTime:0.000083s ]
INFO: [ template_filter ] --END-- [ RunTime:0.000157s ]
INFO: Run Behavior\ParseTemplateBehavior [ RunTime:0.019980s ]
INFO: [ view_parse ] --END-- [ RunTime:0.020095s ]
INFO: [ view_filter ] --START--
INFO: Run Behavior\WriteHtmlCacheBehavior [ RunTime:0.000164s ]
INFO: [ view_filter ] --END-- [ RunTime:0.000216s ]
INFO: [ app_end ] --START--
INFO: Run Behavior\ShowPageTraceBehavior [ RunTime:0.001061s ]
INFO: [ app_end ] --END-- [ RunTime:0.001216s ]

[ 2015-01-13T13:46:16+08:00 ] ::1 /index.php?s=/Student/MyClass/index.html
SQL: SHOW COLUMNS FROM `wg_member` [ RunTime:0.0020s ]
SQL: SELECT * FROM `wg_member` WHERE `uid` = 24 LIMIT 1   [ RunTime:0.0004s ]
SQL: SHOW COLUMNS FROM `wg_course` [ RunTime:0.0021s ]
NOTIC: [8] Undefined index: mapping_order /Applications/MAMP/htdocs/trainingsys/ThinkPHP/Library/Think/Model/RelationModel.class.php 第 186 行.
NOTIC: [8] Undefined index: mapping_limit /Applications/MAMP/htdocs/trainingsys/ThinkPHP/Library/Think/Model/RelationModel.class.php 第 187 行.
SQL: SELECT b.* FROM wg_member_course AS a, wg_course AS b WHERE a.cid = b.id AND a. uid='24' [ RunTime:0.0005s ]
INFO: [ view_parse ] --START--
INFO: [ template_filter ] --START--
INFO: Run Behavior\ContentReplaceBehavior [ RunTime:0.000112s ]
INFO: [ template_filter ] --END-- [ RunTime:0.000212s ]
INFO: Run Behavior\ParseTemplateBehavior [ RunTime:0.027313s ]
INFO: [ view_parse ] --END-- [ RunTime:0.027392s ]
INFO: [ view_filter ] --START--
INFO: Run Behavior\WriteHtmlCacheBehavior [ RunTime:0.000649s ]
INFO: [ view_filter ] --END-- [ RunTime:0.000751s ]
INFO: [ app_end ] --START--
INFO: Run Behavior\ShowPageTraceBehavior [ RunTime:0.001503s ]
INFO: [ app_end ] --END-- [ RunTime:0.001625s ]

[ 2015-01-13T13:46:25+08:00 ] ::1 /index.php?s=/Student/MyClass/index.html
SQL: SHOW COLUMNS FROM `wg_member` [ RunTime:0.0104s ]
SQL: SELECT * FROM `wg_member` WHERE `uid` = 24 LIMIT 1   [ RunTime:0.0005s ]
SQL: SHOW COLUMNS FROM `wg_course` [ RunTime:0.0022s ]
NOTIC: [8] Undefined index: mapping_order /Applications/MAMP/htdocs/trainingsys/ThinkPHP/Library/Think/Model/RelationModel.class.php 第 186 行.
NOTIC: [8] Undefined index: mapping_limit /Applications/MAMP/htdocs/trainingsys/ThinkPHP/Library/Think/Model/RelationModel.class.php 第 187 行.
SQL: SELECT b.* FROM wg_member_course AS a, wg_course AS b WHERE a.cid = b.id AND a. uid='24' [ RunTime:0.0006s ]
INFO: [ view_parse ] --START--
INFO: [ template_filter ] --START--
INFO: Run Behavior\ContentReplaceBehavior [ RunTime:0.000158s ]
INFO: [ template_filter ] --END-- [ RunTime:0.000297s ]
INFO: Run Behavior\ParseTemplateBehavior [ RunTime:0.023344s ]
INFO: [ view_parse ] --END-- [ RunTime:0.023452s ]
INFO: [ view_filter ] --START--
INFO: Run Behavior\WriteHtmlCacheBehavior [ RunTime:0.000211s ]
INFO: [ view_filter ] --END-- [ RunTime:0.000284s ]
INFO: [ app_end ] --START--
INFO: Run Behavior\ShowPageTraceBehavior [ RunTime:0.000962s ]
INFO: [ app_end ] --END-- [ RunTime:0.001099s ]

[ 2015-01-13T13:52:53+08:00 ] ::1 /index.php?s=/Student/MyClass/index.html
SQL: SHOW COLUMNS FROM `wg_member` [ RunTime:0.0094s ]
SQL: SELECT * FROM `wg_member` WHERE `uid` = 24 LIMIT 1   [ RunTime:0.0005s ]
SQL: SHOW COLUMNS FROM `wg_course` [ RunTime:0.0021s ]
NOTIC: [8] Undefined index: mapping_order /Applications/MAMP/htdocs/trainingsys/ThinkPHP/Library/Think/Model/RelationModel.class.php 第 186 行.
NOTIC: [8] Undefined index: mapping_limit /Applications/MAMP/htdocs/trainingsys/ThinkPHP/Library/Think/Model/RelationModel.class.php 第 187 行.
SQL: SELECT b.* FROM wg_member_course AS a, wg_course AS b WHERE a.cid = b.id AND a. uid='24' [ RunTime:0.0005s ]
INFO: [ view_parse ] --START--
INFO: [ template_filter ] --START--
INFO: Run Behavior\ContentReplaceBehavior [ RunTime:0.000088s ]
INFO: [ template_filter ] --END-- [ RunTime:0.000166s ]
INFO: Run Behavior\ParseTemplateBehavior [ RunTime:0.019730s ]
INFO: [ view_parse ] --END-- [ RunTime:0.019815s ]
INFO: [ view_filter ] --START--
INFO: Run Behavior\WriteHtmlCacheBehavior [ RunTime:0.000195s ]
INFO: [ view_filter ] --END-- [ RunTime:0.000247s ]
INFO: [ app_end ] --START--
INFO: Run Behavior\ShowPageTraceBehavior [ RunTime:0.000762s ]
INFO: [ app_end ] --END-- [ RunTime:0.000864s ]

[ 2015-01-13T13:53:01+08:00 ] ::1 /index.php?s=/Student/MyClass/index.html
SQL: SHOW COLUMNS FROM `wg_member` [ RunTime:0.0103s ]
SQL: SELECT * FROM `wg_member` WHERE `uid` = 24 LIMIT 1   [ RunTime:0.0004s ]
SQL: SHOW COLUMNS FROM `wg_course` [ RunTime:0.0026s ]
NOTIC: [8] Undefined index: mapping_order /Applications/MAMP/htdocs/trainingsys/ThinkPHP/Library/Think/Model/RelationModel.class.php 第 186 行.
NOTIC: [8] Undefined index: mapping_limit /Applications/MAMP/htdocs/trainingsys/ThinkPHP/Library/Think/Model/RelationModel.class.php 第 187 行.
SQL: SELECT b.* FROM wg_member_course AS a, wg_course AS b WHERE a.cid = b.id AND a. uid='24' [ RunTime:0.0006s ]
INFO: [ view_parse ] --START--
INFO: [ template_filter ] --START--
INFO: Run Behavior\ContentReplaceBehavior [ RunTime:0.000110s ]
INFO: [ template_filter ] --END-- [ RunTime:0.000210s ]
INFO: Run Behavior\ParseTemplateBehavior [ RunTime:0.022908s ]
INFO: [ view_parse ] --END-- [ RunTime:0.022991s ]
INFO: [ view_filter ] --START--
INFO: Run Behavior\WriteHtmlCacheBehavior [ RunTime:0.000193s ]
INFO: [ view_filter ] --END-- [ RunTime:0.000261s ]
INFO: [ app_end ] --START--
INFO: Run Behavior\ShowPageTraceBehavior [ RunTime:0.000866s ]
INFO: [ app_end ] --END-- [ RunTime:0.000986s ]

[ 2015-01-13T13:53:04+08:00 ] ::1 /index.php?s=/Student/MyClass/index.html
SQL: SHOW COLUMNS FROM `wg_member` [ RunTime:0.0104s ]
SQL: SELECT * FROM `wg_member` WHERE `uid` = 24 LIMIT 1   [ RunTime:0.0005s ]
SQL: SHOW COLUMNS FROM `wg_course` [ RunTime:0.0022s ]
NOTIC: [8] Undefined index: mapping_order /Applications/MAMP/htdocs/trainingsys/ThinkPHP/Library/Think/Model/RelationModel.class.php 第 186 行.
NOTIC: [8] Undefined index: mapping_limit /Applications/MAMP/htdocs/trainingsys/ThinkPHP/Library/Think/Model/RelationModel.class.php 第 187 行.
SQL: SELECT b.* FROM wg_member_course AS a, wg_course AS b WHERE a.cid = b.id AND a. uid='24' [ RunTime:0.0005s ]
INFO: [ view_parse ] --START--
INFO: [ template_filter ] --START--
INFO: Run Behavior\ContentReplaceBehavior [ RunTime:0.000085s ]
INFO: [ template_filter ] --END-- [ RunTime:0.000161s ]
INFO: Run Behavior\ParseTemplateBehavior [ RunTime:0.019798s ]
INFO: [ view_parse ] --END-- [ RunTime:0.019868s ]
INFO: [ view_filter ] --START--
INFO: Run Behavior\WriteHtmlCacheBehavior [ RunTime:0.000150s ]
INFO: [ view_filter ] --END-- [ RunTime:0.000201s ]
INFO: [ app_end ] --START--
INFO: Run Behavior\ShowPageTraceBehavior [ RunTime:0.000769s ]
INFO: [ app_end ] --END-- [ RunTime:0.000870s ]

