[ 2015-01-15T16:19:01+08:00 ] ::1 /index.php?s=/Student/MyClass/index.html
SQL: SHOW COLUMNS FROM `wg_member` [ RunTime:0.0017s ]
SQL: SELECT * FROM `wg_member` WHERE `uid` = 24 LIMIT 1   [ RunTime:0.0003s ]
SQL: SHOW COLUMNS FROM `wg_course` [ RunTime:0.0017s ]
NOTIC: [8] Undefined index: mapping_order /Applications/MAMP/htdocs/trainingsys/ThinkPHP/Library/Think/Model/RelationModel.class.php 第 186 行.
NOTIC: [8] Undefined index: mapping_limit /Applications/MAMP/htdocs/trainingsys/ThinkPHP/Library/Think/Model/RelationModel.class.php 第 187 行.
SQL: SELECT b.* FROM wg_member_course AS a, wg_course AS b WHERE a.cid = b.id AND a. uid='24' [ RunTime:0.0004s ]
INFO: [ view_parse ] --START--
INFO: [ template_filter ] --START--
INFO: Run Behavior\ContentReplaceBehavior [ RunTime:0.000132s ]
INFO: [ template_filter ] --END-- [ RunTime:0.000250s ]
INFO: Run Behavior\ParseTemplateBehavior [ RunTime:0.021867s ]
INFO: [ view_parse ] --END-- [ RunTime:0.021944s ]
INFO: [ view_filter ] --START--
INFO: Run Behavior\WriteHtmlCacheBehavior [ RunTime:0.000171s ]
INFO: [ view_filter ] --END-- [ RunTime:0.000229s ]
INFO: [ app_end ] --START--
INFO: Run Behavior\ShowPageTraceBehavior [ RunTime:0.000905s ]
INFO: [ app_end ] --END-- [ RunTime:0.001008s ]

[ 2015-01-15T16:20:43+08:00 ] ::1 /index.php?s=/Student/MyClass/index.html
SQL: SHOW COLUMNS FROM `wg_member` [ RunTime:0.0018s ]
SQL: SELECT * FROM `wg_member` WHERE `uid` = 24 LIMIT 1   [ RunTime:0.0004s ]
SQL: SHOW COLUMNS FROM `wg_course` [ RunTime:0.0022s ]
NOTIC: [8] Undefined index: mapping_order /Applications/MAMP/htdocs/trainingsys/ThinkPHP/Library/Think/Model/RelationModel.class.php 第 186 行.
NOTIC: [8] Undefined index: mapping_limit /Applications/MAMP/htdocs/trainingsys/ThinkPHP/Library/Think/Model/RelationModel.class.php 第 187 行.
SQL: SELECT b.* FROM wg_member_course AS a, wg_course AS b WHERE a.cid = b.id AND a. uid='24' [ RunTime:0.0004s ]
INFO: [ view_parse ] --START--
INFO: [ template_filter ] --START--
INFO: Run Behavior\ContentReplaceBehavior [ RunTime:0.000082s ]
INFO: [ template_filter ] --END-- [ RunTime:0.000158s ]
INFO: Run Behavior\ParseTemplateBehavior [ RunTime:0.022703s ]
INFO: [ view_parse ] --END-- [ RunTime:0.022779s ]
INFO: [ view_filter ] --START--
INFO: Run Behavior\WriteHtmlCacheBehavior [ RunTime:0.000141s ]
INFO: [ view_filter ] --END-- [ RunTime:0.000193s ]
INFO: [ app_end ] --START--
INFO: Run Behavior\ShowPageTraceBehavior [ RunTime:0.000809s ]
INFO: [ app_end ] --END-- [ RunTime:0.000941s ]

[ 2015-01-15T16:43:07+08:00 ] ::1 /index.php?s=/Student/MyClass/index.html
SQL: SHOW COLUMNS FROM `wg_member` [ RunTime:0.0020s ]
SQL: SELECT * FROM `wg_member` WHERE `uid` = 24 LIMIT 1   [ RunTime:0.0014s ]
SQL: SHOW COLUMNS FROM `wg_course` [ RunTime:0.0023s ]
NOTIC: [8] Undefined index: mapping_order /Applications/MAMP/htdocs/trainingsys/ThinkPHP/Library/Think/Model/RelationModel.class.php 第 186 行.
NOTIC: [8] Undefined index: mapping_limit /Applications/MAMP/htdocs/trainingsys/ThinkPHP/Library/Think/Model/RelationModel.class.php 第 187 行.
SQL: SELECT b.* FROM wg_member_course AS a, wg_course AS b WHERE a.cid = b.id AND a. uid='24' [ RunTime:0.0005s ]
INFO: [ view_parse ] --START--
INFO: [ template_filter ] --START--
INFO: Run Behavior\ContentReplaceBehavior [ RunTime:0.000087s ]
INFO: [ template_filter ] --END-- [ RunTime:0.000166s ]
INFO: Run Behavior\ParseTemplateBehavior [ RunTime:0.032984s ]
INFO: [ view_parse ] --END-- [ RunTime:0.033159s ]
INFO: [ view_filter ] --START--
INFO: Run Behavior\WriteHtmlCacheBehavior [ RunTime:0.000308s ]
INFO: [ view_filter ] --END-- [ RunTime:0.000408s ]
INFO: [ app_end ] --START--
INFO: Run Behavior\ShowPageTraceBehavior [ RunTime:0.001893s ]
INFO: [ app_end ] --END-- [ RunTime:0.002385s ]

