[ 2015-01-07T16:21:19+08:00 ] 127.0.0.1 /index.php?s=/Student/MyClass/index.html
SQL: SHOW COLUMNS FROM `wg_member` [ RunTime:0.0042s ]
SQL: SELECT * FROM `wg_member` WHERE `uid` = 24 LIMIT 1   [ RunTime:0.0006s ]
SQL: SHOW COLUMNS FROM `wg_course` [ RunTime:0.0048s ]
NOTIC: [8] Undefined index: mapping_order D:\Development\Server\apache2.2.22\htdocs\newtrainingsys\ThinkPHP\Library\Think\Model\RelationModel.class.php 第 186 行.
NOTIC: [8] Undefined index: mapping_limit D:\Development\Server\apache2.2.22\htdocs\newtrainingsys\ThinkPHP\Library\Think\Model\RelationModel.class.php 第 187 行.
SQL: SELECT b.* FROM wg_member_course AS a, wg_course AS b WHERE a.cid = b.id AND a. uid='24' [ RunTime:0.1497s ]
INFO: [ view_parse ] --START--
INFO: [ template_filter ] --START--
INFO: Run Behavior\ContentReplaceBehavior [ RunTime:0.000251s ]
INFO: [ template_filter ] --END-- [ RunTime:0.000340s ]
INFO: Run Behavior\ParseTemplateBehavior [ RunTime:0.106389s ]
INFO: [ view_parse ] --END-- [ RunTime:0.106493s ]
INFO: [ view_filter ] --START--
INFO: Run Behavior\WriteHtmlCacheBehavior [ RunTime:0.000776s ]
INFO: [ view_filter ] --END-- [ RunTime:0.000849s ]
INFO: [ app_end ] --START--
INFO: Run Behavior\ShowPageTraceBehavior [ RunTime:0.001717s ]
INFO: [ app_end ] --END-- [ RunTime:0.001828s ]

[ 2015-01-07T16:21:21+08:00 ] 127.0.0.1 /index.php?s=/Student/Note/index.html
SQL: SHOW COLUMNS FROM `wg_member` [ RunTime:0.0045s ]
SQL: SELECT * FROM `wg_member` WHERE `uid` = 24 LIMIT 1   [ RunTime:0.0006s ]
SQL: SHOW COLUMNS FROM `wg_course` [ RunTime:0.0046s ]
NOTIC: [8] Undefined index: mapping_order D:\Development\Server\apache2.2.22\htdocs\newtrainingsys\ThinkPHP\Library\Think\Model\RelationModel.class.php 第 186 行.
NOTIC: [8] Undefined index: mapping_limit D:\Development\Server\apache2.2.22\htdocs\newtrainingsys\ThinkPHP\Library\Think\Model\RelationModel.class.php 第 187 行.
SQL: SELECT b.* FROM wg_member_course AS a, wg_course AS b WHERE a.cid = b.id AND a. uid='24' [ RunTime:0.0007s ]
INFO: [ view_parse ] --START--
INFO: [ template_filter ] --START--
INFO: Run Behavior\ContentReplaceBehavior [ RunTime:0.000227s ]
INFO: [ template_filter ] --END-- [ RunTime:0.000310s ]
INFO: Run Behavior\ParseTemplateBehavior [ RunTime:0.061354s ]
INFO: [ view_parse ] --END-- [ RunTime:0.061451s ]
INFO: [ view_filter ] --START--
INFO: Run Behavior\WriteHtmlCacheBehavior [ RunTime:0.000834s ]
INFO: [ view_filter ] --END-- [ RunTime:0.000907s ]
INFO: [ app_end ] --START--
INFO: Run Behavior\ShowPageTraceBehavior [ RunTime:0.001469s ]
INFO: [ app_end ] --END-- [ RunTime:0.001559s ]

[ 2015-01-07T16:21:22+08:00 ] 127.0.0.1 /index.php?s=/Student/MyClass/index.html
SQL: SHOW COLUMNS FROM `wg_member` [ RunTime:0.0042s ]
SQL: SELECT * FROM `wg_member` WHERE `uid` = 24 LIMIT 1   [ RunTime:0.0005s ]
SQL: SHOW COLUMNS FROM `wg_course` [ RunTime:0.0047s ]
NOTIC: [8] Undefined index: mapping_order D:\Development\Server\apache2.2.22\htdocs\newtrainingsys\ThinkPHP\Library\Think\Model\RelationModel.class.php 第 186 行.
NOTIC: [8] Undefined index: mapping_limit D:\Development\Server\apache2.2.22\htdocs\newtrainingsys\ThinkPHP\Library\Think\Model\RelationModel.class.php 第 187 行.
SQL: SELECT b.* FROM wg_member_course AS a, wg_course AS b WHERE a.cid = b.id AND a. uid='24' [ RunTime:0.0007s ]
INFO: [ view_parse ] --START--
INFO: [ template_filter ] --START--
INFO: Run Behavior\ContentReplaceBehavior [ RunTime:0.000235s ]
INFO: [ template_filter ] --END-- [ RunTime:0.000330s ]
INFO: Run Behavior\ParseTemplateBehavior [ RunTime:0.025246s ]
INFO: [ view_parse ] --END-- [ RunTime:0.025326s ]
INFO: [ view_filter ] --START--
INFO: Run Behavior\WriteHtmlCacheBehavior [ RunTime:0.000777s ]
INFO: [ view_filter ] --END-- [ RunTime:0.000843s ]
INFO: [ app_end ] --START--
INFO: Run Behavior\ShowPageTraceBehavior [ RunTime:0.002024s ]
INFO: [ app_end ] --END-- [ RunTime:0.002561s ]

[ 2015-01-07T16:21:27+08:00 ] 127.0.0.1 /index.php?s=/Student/setting/setInfo.html
INFO: [ view_parse ] --START--
INFO: [ template_filter ] --START--
INFO: Run Behavior\ContentReplaceBehavior [ RunTime:0.000386s ]
INFO: [ template_filter ] --END-- [ RunTime:0.000470s ]
NOTIC: [8] Undefined variable: studentInfo D:\Development\Server\apache2.2.22\htdocs\newtrainingsys\Runtime\Cache\Student\555e4d67099ef5f26cf62a7a7d77642c.php 第 197 行.
NOTIC: [8] Undefined variable: studentInfo D:\Development\Server\apache2.2.22\htdocs\newtrainingsys\Runtime\Cache\Student\555e4d67099ef5f26cf62a7a7d77642c.php 第 208 行.
NOTIC: [8] Undefined variable: studentInfo D:\Development\Server\apache2.2.22\htdocs\newtrainingsys\Runtime\Cache\Student\555e4d67099ef5f26cf62a7a7d77642c.php 第 211 行.
NOTIC: [8] Undefined variable: studentInfo D:\Development\Server\apache2.2.22\htdocs\newtrainingsys\Runtime\Cache\Student\555e4d67099ef5f26cf62a7a7d77642c.php 第 223 行.
NOTIC: [8] Undefined variable: studentInfo D:\Development\Server\apache2.2.22\htdocs\newtrainingsys\Runtime\Cache\Student\555e4d67099ef5f26cf62a7a7d77642c.php 第 232 行.
NOTIC: [8] Undefined variable: studentInfo D:\Development\Server\apache2.2.22\htdocs\newtrainingsys\Runtime\Cache\Student\555e4d67099ef5f26cf62a7a7d77642c.php 第 243 行.
NOTIC: [8] Undefined variable: studentInfo D:\Development\Server\apache2.2.22\htdocs\newtrainingsys\Runtime\Cache\Student\555e4d67099ef5f26cf62a7a7d77642c.php 第 254 行.
NOTIC: [8] Undefined variable: studentInfo D:\Development\Server\apache2.2.22\htdocs\newtrainingsys\Runtime\Cache\Student\555e4d67099ef5f26cf62a7a7d77642c.php 第 266 行.
NOTIC: [8] Undefined variable: studentInfo D:\Development\Server\apache2.2.22\htdocs\newtrainingsys\Runtime\Cache\Student\555e4d67099ef5f26cf62a7a7d77642c.php 第 279 行.
NOTIC: [8] Undefined variable: studentInfo D:\Development\Server\apache2.2.22\htdocs\newtrainingsys\Runtime\Cache\Student\555e4d67099ef5f26cf62a7a7d77642c.php 第 291 行.
NOTIC: [8] Undefined variable: studentInfo D:\Development\Server\apache2.2.22\htdocs\newtrainingsys\Runtime\Cache\Student\555e4d67099ef5f26cf62a7a7d77642c.php 第 302 行.
NOTIC: [8] Undefined variable: studentInfo D:\Development\Server\apache2.2.22\htdocs\newtrainingsys\Runtime\Cache\Student\555e4d67099ef5f26cf62a7a7d77642c.php 第 314 行.
NOTIC: [8] Undefined variable: provinceInfo D:\Development\Server\apache2.2.22\htdocs\newtrainingsys\Runtime\Cache\Student\555e4d67099ef5f26cf62a7a7d77642c.php 第 331 行.
NOTIC: [8] Undefined variable: currentCity D:\Development\Server\apache2.2.22\htdocs\newtrainingsys\Runtime\Cache\Student\555e4d67099ef5f26cf62a7a7d77642c.php 第 350 行.
NOTIC: [8] Undefined variable: currentCity D:\Development\Server\apache2.2.22\htdocs\newtrainingsys\Runtime\Cache\Student\555e4d67099ef5f26cf62a7a7d77642c.php 第 350 行.
NOTIC: [8] Undefined variable: cityInfo D:\Development\Server\apache2.2.22\htdocs\newtrainingsys\Runtime\Cache\Student\555e4d67099ef5f26cf62a7a7d77642c.php 第 352 行.
NOTIC: [8] Undefined variable: studentInfo D:\Development\Server\apache2.2.22\htdocs\newtrainingsys\Runtime\Cache\Student\555e4d67099ef5f26cf62a7a7d77642c.php 第 368 行.
NOTIC: [8] Undefined variable: schoolInfo D:\Development\Server\apache2.2.22\htdocs\newtrainingsys\Runtime\Cache\Student\555e4d67099ef5f26cf62a7a7d77642c.php 第 374 行.
NOTIC: [8] Undefined variable: studentInfo D:\Development\Server\apache2.2.22\htdocs\newtrainingsys\Runtime\Cache\Student\555e4d67099ef5f26cf62a7a7d77642c.php 第 390 行.
NOTIC: [8] Undefined variable: currentdepartment D:\Development\Server\apache2.2.22\htdocs\newtrainingsys\Runtime\Cache\Student\555e4d67099ef5f26cf62a7a7d77642c.php 第 395 行.
NOTIC: [8] Undefined variable: departmentInfo D:\Development\Server\apache2.2.22\htdocs\newtrainingsys\Runtime\Cache\Student\555e4d67099ef5f26cf62a7a7d77642c.php 第 397 行.
NOTIC: [8] Undefined variable: studentInfo D:\Development\Server\apache2.2.22\htdocs\newtrainingsys\Runtime\Cache\Student\555e4d67099ef5f26cf62a7a7d77642c.php 第 413 行.
NOTIC: [8] Undefined variable: professionInfo D:\Development\Server\apache2.2.22\htdocs\newtrainingsys\Runtime\Cache\Student\555e4d67099ef5f26cf62a7a7d77642c.php 第 417 行.
INFO: Run Behavior\ParseTemplateBehavior [ RunTime:0.068480s ]
INFO: [ view_parse ] --END-- [ RunTime:0.069343s ]
INFO: [ view_filter ] --START--
INFO: Run Behavior\WriteHtmlCacheBehavior [ RunTime:0.000837s ]
INFO: [ view_filter ] --END-- [ RunTime:0.000903s ]
INFO: [ app_end ] --START--
INFO: Run Behavior\ShowPageTraceBehavior [ RunTime:0.001382s ]
INFO: [ app_end ] --END-- [ RunTime:0.001598s ]

[ 2015-01-07T16:21:34+08:00 ] 127.0.0.1 /index.php?s=/Student/MyClass/index.html
SQL: SHOW COLUMNS FROM `wg_member` [ RunTime:0.0043s ]
SQL: SELECT * FROM `wg_member` WHERE `uid` = 24 LIMIT 1   [ RunTime:0.0006s ]
SQL: SHOW COLUMNS FROM `wg_course` [ RunTime:0.0046s ]
NOTIC: [8] Undefined index: mapping_order D:\Development\Server\apache2.2.22\htdocs\newtrainingsys\ThinkPHP\Library\Think\Model\RelationModel.class.php 第 186 行.
NOTIC: [8] Undefined index: mapping_limit D:\Development\Server\apache2.2.22\htdocs\newtrainingsys\ThinkPHP\Library\Think\Model\RelationModel.class.php 第 187 行.
SQL: SELECT b.* FROM wg_member_course AS a, wg_course AS b WHERE a.cid = b.id AND a. uid='24' [ RunTime:0.0007s ]
INFO: [ view_parse ] --START--
INFO: [ template_filter ] --START--
INFO: Run Behavior\ContentReplaceBehavior [ RunTime:0.000241s ]
INFO: [ template_filter ] --END-- [ RunTime:0.000330s ]
INFO: Run Behavior\ParseTemplateBehavior [ RunTime:0.025014s ]
INFO: [ view_parse ] --END-- [ RunTime:0.025096s ]
INFO: [ view_filter ] --START--
INFO: Run Behavior\WriteHtmlCacheBehavior [ RunTime:0.000777s ]
INFO: [ view_filter ] --END-- [ RunTime:0.000843s ]
INFO: [ app_end ] --START--
INFO: Run Behavior\ShowPageTraceBehavior [ RunTime:0.001581s ]
INFO: [ app_end ] --END-- [ RunTime:0.001665s ]

[ 2015-01-07T16:22:32+08:00 ] 127.0.0.1 /index.php?s=/Student/MyClass/index.html
SQL: SHOW COLUMNS FROM `wg_member` [ RunTime:0.0067s ]
SQL: SELECT * FROM `wg_member` WHERE `uid` = 24 LIMIT 1   [ RunTime:0.0006s ]
SQL: SHOW COLUMNS FROM `wg_course` [ RunTime:0.0058s ]
NOTIC: [8] Undefined index: mapping_order D:\Development\Server\apache2.2.22\htdocs\newtrainingsys\ThinkPHP\Library\Think\Model\RelationModel.class.php 第 186 行.
NOTIC: [8] Undefined index: mapping_limit D:\Development\Server\apache2.2.22\htdocs\newtrainingsys\ThinkPHP\Library\Think\Model\RelationModel.class.php 第 187 行.
SQL: SELECT b.* FROM wg_member_course AS a, wg_course AS b WHERE a.cid = b.id AND a. uid='24' [ RunTime:0.0007s ]
INFO: [ view_parse ] --START--
INFO: [ template_filter ] --START--
INFO: Run Behavior\ContentReplaceBehavior [ RunTime:0.000237s ]
INFO: [ template_filter ] --END-- [ RunTime:0.000326s ]
INFO: Run Behavior\ParseTemplateBehavior [ RunTime:0.029275s ]
INFO: [ view_parse ] --END-- [ RunTime:0.029358s ]
INFO: [ view_filter ] --START--
INFO: Run Behavior\WriteHtmlCacheBehavior [ RunTime:0.000825s ]
INFO: [ view_filter ] --END-- [ RunTime:0.000899s ]
INFO: [ app_end ] --START--
INFO: Run Behavior\ShowPageTraceBehavior [ RunTime:0.001726s ]
INFO: [ app_end ] --END-- [ RunTime:0.001846s ]

[ 2015-01-07T16:22:34+08:00 ] 127.0.0.1 /index.php?s=/Student/Note/index.html
SQL: SHOW COLUMNS FROM `wg_member` [ RunTime:0.0043s ]
SQL: SELECT * FROM `wg_member` WHERE `uid` = 24 LIMIT 1   [ RunTime:0.0006s ]
SQL: SHOW COLUMNS FROM `wg_course` [ RunTime:0.0043s ]
NOTIC: [8] Undefined index: mapping_order D:\Development\Server\apache2.2.22\htdocs\newtrainingsys\ThinkPHP\Library\Think\Model\RelationModel.class.php 第 186 行.
NOTIC: [8] Undefined index: mapping_limit D:\Development\Server\apache2.2.22\htdocs\newtrainingsys\ThinkPHP\Library\Think\Model\RelationModel.class.php 第 187 行.
SQL: SELECT b.* FROM wg_member_course AS a, wg_course AS b WHERE a.cid = b.id AND a. uid='24' [ RunTime:0.0007s ]
INFO: [ view_parse ] --START--
INFO: [ template_filter ] --START--
INFO: Run Behavior\ContentReplaceBehavior [ RunTime:0.000228s ]
INFO: [ template_filter ] --END-- [ RunTime:0.000313s ]
INFO: Run Behavior\ParseTemplateBehavior [ RunTime:0.026236s ]
INFO: [ view_parse ] --END-- [ RunTime:0.026318s ]
INFO: [ view_filter ] --START--
INFO: Run Behavior\WriteHtmlCacheBehavior [ RunTime:0.000719s ]
INFO: [ view_filter ] --END-- [ RunTime:0.000793s ]
INFO: [ app_end ] --START--
INFO: Run Behavior\ShowPageTraceBehavior [ RunTime:0.001462s ]
INFO: [ app_end ] --END-- [ RunTime:0.001609s ]

[ 2015-01-07T16:22:35+08:00 ] 127.0.0.1 /index.php?s=/Student/MyClass/index.html
SQL: SHOW COLUMNS FROM `wg_member` [ RunTime:0.0063s ]
SQL: SELECT * FROM `wg_member` WHERE `uid` = 24 LIMIT 1   [ RunTime:0.0007s ]
SQL: SHOW COLUMNS FROM `wg_course` [ RunTime:0.0065s ]
NOTIC: [8] Undefined index: mapping_order D:\Development\Server\apache2.2.22\htdocs\newtrainingsys\ThinkPHP\Library\Think\Model\RelationModel.class.php 第 186 行.
NOTIC: [8] Undefined index: mapping_limit D:\Development\Server\apache2.2.22\htdocs\newtrainingsys\ThinkPHP\Library\Think\Model\RelationModel.class.php 第 187 行.
SQL: SELECT b.* FROM wg_member_course AS a, wg_course AS b WHERE a.cid = b.id AND a. uid='24' [ RunTime:0.0007s ]
INFO: [ view_parse ] --START--
INFO: [ template_filter ] --START--
INFO: Run Behavior\ContentReplaceBehavior [ RunTime:0.000248s ]
INFO: [ template_filter ] --END-- [ RunTime:0.000339s ]
INFO: Run Behavior\ParseTemplateBehavior [ RunTime:0.026238s ]
INFO: [ view_parse ] --END-- [ RunTime:0.026322s ]
INFO: [ view_filter ] --START--
INFO: Run Behavior\WriteHtmlCacheBehavior [ RunTime:0.000731s ]
INFO: [ view_filter ] --END-- [ RunTime:0.000800s ]
INFO: [ app_end ] --START--
INFO: Run Behavior\ShowPageTraceBehavior [ RunTime:0.001826s ]
INFO: [ app_end ] --END-- [ RunTime:0.003660s ]

[ 2015-01-07T16:22:49+08:00 ] 127.0.0.1 /index.php?s=/Student/MyClass/index.html
SQL: SHOW COLUMNS FROM `wg_member` [ RunTime:0.0045s ]
SQL: SELECT * FROM `wg_member` WHERE `uid` = 24 LIMIT 1   [ RunTime:0.0006s ]
SQL: SHOW COLUMNS FROM `wg_course` [ RunTime:0.0043s ]
NOTIC: [8] Undefined index: mapping_order D:\Development\Server\apache2.2.22\htdocs\newtrainingsys\ThinkPHP\Library\Think\Model\RelationModel.class.php 第 186 行.
NOTIC: [8] Undefined index: mapping_limit D:\Development\Server\apache2.2.22\htdocs\newtrainingsys\ThinkPHP\Library\Think\Model\RelationModel.class.php 第 187 行.
SQL: SELECT b.* FROM wg_member_course AS a, wg_course AS b WHERE a.cid = b.id AND a. uid='24' [ RunTime:0.0007s ]
INFO: [ view_parse ] --START--
INFO: [ template_filter ] --START--
INFO: Run Behavior\ContentReplaceBehavior [ RunTime:0.000288s ]
INFO: [ template_filter ] --END-- [ RunTime:0.000381s ]
INFO: Run Behavior\ParseTemplateBehavior [ RunTime:0.025428s ]
INFO: [ view_parse ] --END-- [ RunTime:0.025511s ]
INFO: [ view_filter ] --START--
INFO: Run Behavior\WriteHtmlCacheBehavior [ RunTime:0.000758s ]
INFO: [ view_filter ] --END-- [ RunTime:0.000822s ]
INFO: [ app_end ] --START--
INFO: Run Behavior\ShowPageTraceBehavior [ RunTime:0.004433s ]
INFO: [ app_end ] --END-- [ RunTime:0.004585s ]

[ 2015-01-07T16:28:18+08:00 ] 127.0.0.1 /index.php?s=/Student/MyClass/index.html
SQL: SHOW COLUMNS FROM `wg_member` [ RunTime:0.0044s ]
SQL: SELECT * FROM `wg_member` WHERE `uid` = 24 LIMIT 1   [ RunTime:0.0006s ]
SQL: SHOW COLUMNS FROM `wg_course` [ RunTime:0.0046s ]
NOTIC: [8] Undefined index: mapping_order D:\Development\Server\apache2.2.22\htdocs\newtrainingsys\ThinkPHP\Library\Think\Model\RelationModel.class.php 第 186 行.
NOTIC: [8] Undefined index: mapping_limit D:\Development\Server\apache2.2.22\htdocs\newtrainingsys\ThinkPHP\Library\Think\Model\RelationModel.class.php 第 187 行.
SQL: SELECT b.* FROM wg_member_course AS a, wg_course AS b WHERE a.cid = b.id AND a. uid='24' [ RunTime:0.0007s ]
INFO: [ view_parse ] --START--
INFO: [ template_filter ] --START--
INFO: Run Behavior\ContentReplaceBehavior [ RunTime:0.000234s ]
INFO: [ template_filter ] --END-- [ RunTime:0.000320s ]
INFO: Run Behavior\ParseTemplateBehavior [ RunTime:0.024986s ]
INFO: [ view_parse ] --END-- [ RunTime:0.025069s ]
INFO: [ view_filter ] --START--
INFO: Run Behavior\WriteHtmlCacheBehavior [ RunTime:0.000796s ]
INFO: [ view_filter ] --END-- [ RunTime:0.000867s ]
INFO: [ app_end ] --START--
INFO: Run Behavior\ShowPageTraceBehavior [ RunTime:0.001605s ]
INFO: [ app_end ] --END-- [ RunTime:0.001735s ]

[ 2015-01-07T16:28:20+08:00 ] 127.0.0.1 /index.php?s=/Student/setting/setInfo.html
INFO: [ view_parse ] --START--
INFO: [ template_filter ] --START--
INFO: Run Behavior\ContentReplaceBehavior [ RunTime:0.000385s ]
INFO: [ template_filter ] --END-- [ RunTime:0.000468s ]
NOTIC: [8] Undefined variable: studentInfo D:\Development\Server\apache2.2.22\htdocs\newtrainingsys\Runtime\Cache\Student\555e4d67099ef5f26cf62a7a7d77642c.php 第 197 行.
NOTIC: [8] Undefined variable: studentInfo D:\Development\Server\apache2.2.22\htdocs\newtrainingsys\Runtime\Cache\Student\555e4d67099ef5f26cf62a7a7d77642c.php 第 208 行.
NOTIC: [8] Undefined variable: studentInfo D:\Development\Server\apache2.2.22\htdocs\newtrainingsys\Runtime\Cache\Student\555e4d67099ef5f26cf62a7a7d77642c.php 第 211 行.
NOTIC: [8] Undefined variable: studentInfo D:\Development\Server\apache2.2.22\htdocs\newtrainingsys\Runtime\Cache\Student\555e4d67099ef5f26cf62a7a7d77642c.php 第 223 行.
NOTIC: [8] Undefined variable: studentInfo D:\Development\Server\apache2.2.22\htdocs\newtrainingsys\Runtime\Cache\Student\555e4d67099ef5f26cf62a7a7d77642c.php 第 232 行.
NOTIC: [8] Undefined variable: studentInfo D:\Development\Server\apache2.2.22\htdocs\newtrainingsys\Runtime\Cache\Student\555e4d67099ef5f26cf62a7a7d77642c.php 第 243 行.
NOTIC: [8] Undefined variable: studentInfo D:\Development\Server\apache2.2.22\htdocs\newtrainingsys\Runtime\Cache\Student\555e4d67099ef5f26cf62a7a7d77642c.php 第 254 行.
NOTIC: [8] Undefined variable: studentInfo D:\Development\Server\apache2.2.22\htdocs\newtrainingsys\Runtime\Cache\Student\555e4d67099ef5f26cf62a7a7d77642c.php 第 266 行.
NOTIC: [8] Undefined variable: studentInfo D:\Development\Server\apache2.2.22\htdocs\newtrainingsys\Runtime\Cache\Student\555e4d67099ef5f26cf62a7a7d77642c.php 第 279 行.
NOTIC: [8] Undefined variable: studentInfo D:\Development\Server\apache2.2.22\htdocs\newtrainingsys\Runtime\Cache\Student\555e4d67099ef5f26cf62a7a7d77642c.php 第 291 行.
NOTIC: [8] Undefined variable: studentInfo D:\Development\Server\apache2.2.22\htdocs\newtrainingsys\Runtime\Cache\Student\555e4d67099ef5f26cf62a7a7d77642c.php 第 302 行.
NOTIC: [8] Undefined variable: studentInfo D:\Development\Server\apache2.2.22\htdocs\newtrainingsys\Runtime\Cache\Student\555e4d67099ef5f26cf62a7a7d77642c.php 第 314 行.
NOTIC: [8] Undefined variable: provinceInfo D:\Development\Server\apache2.2.22\htdocs\newtrainingsys\Runtime\Cache\Student\555e4d67099ef5f26cf62a7a7d77642c.php 第 331 行.
NOTIC: [8] Undefined variable: currentCity D:\Development\Server\apache2.2.22\htdocs\newtrainingsys\Runtime\Cache\Student\555e4d67099ef5f26cf62a7a7d77642c.php 第 350 行.
NOTIC: [8] Undefined variable: currentCity D:\Development\Server\apache2.2.22\htdocs\newtrainingsys\Runtime\Cache\Student\555e4d67099ef5f26cf62a7a7d77642c.php 第 350 行.
NOTIC: [8] Undefined variable: cityInfo D:\Development\Server\apache2.2.22\htdocs\newtrainingsys\Runtime\Cache\Student\555e4d67099ef5f26cf62a7a7d77642c.php 第 352 行.
NOTIC: [8] Undefined variable: studentInfo D:\Development\Server\apache2.2.22\htdocs\newtrainingsys\Runtime\Cache\Student\555e4d67099ef5f26cf62a7a7d77642c.php 第 368 行.
NOTIC: [8] Undefined variable: schoolInfo D:\Development\Server\apache2.2.22\htdocs\newtrainingsys\Runtime\Cache\Student\555e4d67099ef5f26cf62a7a7d77642c.php 第 374 行.
NOTIC: [8] Undefined variable: studentInfo D:\Development\Server\apache2.2.22\htdocs\newtrainingsys\Runtime\Cache\Student\555e4d67099ef5f26cf62a7a7d77642c.php 第 390 行.
NOTIC: [8] Undefined variable: currentdepartment D:\Development\Server\apache2.2.22\htdocs\newtrainingsys\Runtime\Cache\Student\555e4d67099ef5f26cf62a7a7d77642c.php 第 395 行.
NOTIC: [8] Undefined variable: departmentInfo D:\Development\Server\apache2.2.22\htdocs\newtrainingsys\Runtime\Cache\Student\555e4d67099ef5f26cf62a7a7d77642c.php 第 397 行.
NOTIC: [8] Undefined variable: studentInfo D:\Development\Server\apache2.2.22\htdocs\newtrainingsys\Runtime\Cache\Student\555e4d67099ef5f26cf62a7a7d77642c.php 第 413 行.
NOTIC: [8] Undefined variable: professionInfo D:\Development\Server\apache2.2.22\htdocs\newtrainingsys\Runtime\Cache\Student\555e4d67099ef5f26cf62a7a7d77642c.php 第 417 行.
INFO: Run Behavior\ParseTemplateBehavior [ RunTime:0.035388s ]
INFO: [ view_parse ] --END-- [ RunTime:0.036182s ]
INFO: [ view_filter ] --START--
INFO: Run Behavior\WriteHtmlCacheBehavior [ RunTime:0.000805s ]
INFO: [ view_filter ] --END-- [ RunTime:0.000872s ]
INFO: [ app_end ] --START--
INFO: Run Behavior\ShowPageTraceBehavior [ RunTime:0.001564s ]
INFO: [ app_end ] --END-- [ RunTime:0.001777s ]

[ 2015-01-07T16:33:49+08:00 ] 127.0.0.1 /index.php?s=/Student/MyClass/index.html
SQL: SHOW COLUMNS FROM `wg_member` [ RunTime:0.0043s ]
SQL: SELECT * FROM `wg_member` WHERE `uid` = 24 LIMIT 1   [ RunTime:0.0005s ]
SQL: SHOW COLUMNS FROM `wg_course` [ RunTime:0.0043s ]
NOTIC: [8] Undefined index: mapping_order D:\Development\Server\apache2.2.22\htdocs\newtrainingsys\ThinkPHP\Library\Think\Model\RelationModel.class.php 第 186 行.
NOTIC: [8] Undefined index: mapping_limit D:\Development\Server\apache2.2.22\htdocs\newtrainingsys\ThinkPHP\Library\Think\Model\RelationModel.class.php 第 187 行.
SQL: SELECT b.* FROM wg_member_course AS a, wg_course AS b WHERE a.cid = b.id AND a. uid='24' [ RunTime:0.0006s ]
INFO: [ view_parse ] --START--
INFO: [ template_filter ] --START--
INFO: Run Behavior\ContentReplaceBehavior [ RunTime:0.000241s ]
INFO: [ template_filter ] --END-- [ RunTime:0.000334s ]
INFO: Run Behavior\ParseTemplateBehavior [ RunTime:0.025252s ]
INFO: [ view_parse ] --END-- [ RunTime:0.025337s ]
INFO: [ view_filter ] --START--
INFO: Run Behavior\WriteHtmlCacheBehavior [ RunTime:0.000751s ]
INFO: [ view_filter ] --END-- [ RunTime:0.000822s ]
INFO: [ app_end ] --START--
INFO: Run Behavior\ShowPageTraceBehavior [ RunTime:0.005796s ]
INFO: [ app_end ] --END-- [ RunTime:0.005890s ]

[ 2015-01-07T16:33:53+08:00 ] 127.0.0.1 /index.php?s=/Student/MyClass/index.html
SQL: SHOW COLUMNS FROM `wg_member` [ RunTime:0.0064s ]
SQL: SELECT * FROM `wg_member` WHERE `uid` = 24 LIMIT 1   [ RunTime:0.0006s ]
SQL: SHOW COLUMNS FROM `wg_course` [ RunTime:0.0052s ]
NOTIC: [8] Undefined index: mapping_order D:\Development\Server\apache2.2.22\htdocs\newtrainingsys\ThinkPHP\Library\Think\Model\RelationModel.class.php 第 186 行.
NOTIC: [8] Undefined index: mapping_limit D:\Development\Server\apache2.2.22\htdocs\newtrainingsys\ThinkPHP\Library\Think\Model\RelationModel.class.php 第 187 行.
SQL: SELECT b.* FROM wg_member_course AS a, wg_course AS b WHERE a.cid = b.id AND a. uid='24' [ RunTime:0.0008s ]
INFO: [ view_parse ] --START--
INFO: [ template_filter ] --START--
INFO: Run Behavior\ContentReplaceBehavior [ RunTime:0.000252s ]
INFO: [ template_filter ] --END-- [ RunTime:0.000346s ]
INFO: Run Behavior\ParseTemplateBehavior [ RunTime:0.028454s ]
INFO: [ view_parse ] --END-- [ RunTime:0.028541s ]
INFO: [ view_filter ] --START--
INFO: Run Behavior\WriteHtmlCacheBehavior [ RunTime:0.000886s ]
INFO: [ view_filter ] --END-- [ RunTime:0.000968s ]
INFO: [ app_end ] --START--
INFO: Run Behavior\ShowPageTraceBehavior [ RunTime:0.005495s ]
INFO: [ app_end ] --END-- [ RunTime:0.005628s ]

[ 2015-01-07T16:34:11+08:00 ] 127.0.0.1 /index.php?s=/Student/MyClass/index.html
SQL: SHOW COLUMNS FROM `wg_member` [ RunTime:0.0052s ]
SQL: SELECT * FROM `wg_member` WHERE `uid` = 24 LIMIT 1   [ RunTime:0.0006s ]
SQL: SHOW COLUMNS FROM `wg_course` [ RunTime:0.0051s ]
NOTIC: [8] Undefined index: mapping_order D:\Development\Server\apache2.2.22\htdocs\newtrainingsys\ThinkPHP\Library\Think\Model\RelationModel.class.php 第 186 行.
NOTIC: [8] Undefined index: mapping_limit D:\Development\Server\apache2.2.22\htdocs\newtrainingsys\ThinkPHP\Library\Think\Model\RelationModel.class.php 第 187 行.
SQL: SELECT b.* FROM wg_member_course AS a, wg_course AS b WHERE a.cid = b.id AND a. uid='24' [ RunTime:0.0007s ]
INFO: [ view_parse ] --START--
INFO: [ template_filter ] --START--
INFO: Run Behavior\ContentReplaceBehavior [ RunTime:0.000247s ]
INFO: [ template_filter ] --END-- [ RunTime:0.000340s ]
INFO: Run Behavior\ParseTemplateBehavior [ RunTime:0.031214s ]
INFO: [ view_parse ] --END-- [ RunTime:0.031305s ]
INFO: [ view_filter ] --START--
INFO: Run Behavior\WriteHtmlCacheBehavior [ RunTime:0.000847s ]
INFO: [ view_filter ] --END-- [ RunTime:0.000919s ]
INFO: [ app_end ] --START--
INFO: Run Behavior\ShowPageTraceBehavior [ RunTime:0.001986s ]
INFO: [ app_end ] --END-- [ RunTime:0.002078s ]

[ 2015-01-07T16:34:15+08:00 ] 127.0.0.1 /index.php?s=/Student/MyClass/index.html
SQL: SHOW COLUMNS FROM `wg_member` [ RunTime:0.0045s ]
SQL: SELECT * FROM `wg_member` WHERE `uid` = 24 LIMIT 1   [ RunTime:0.0006s ]
SQL: SHOW COLUMNS FROM `wg_course` [ RunTime:0.0061s ]
NOTIC: [8] Undefined index: mapping_order D:\Development\Server\apache2.2.22\htdocs\newtrainingsys\ThinkPHP\Library\Think\Model\RelationModel.class.php 第 186 行.
NOTIC: [8] Undefined index: mapping_limit D:\Development\Server\apache2.2.22\htdocs\newtrainingsys\ThinkPHP\Library\Think\Model\RelationModel.class.php 第 187 行.
SQL: SELECT b.* FROM wg_member_course AS a, wg_course AS b WHERE a.cid = b.id AND a. uid='24' [ RunTime:0.0006s ]
INFO: [ view_parse ] --START--
INFO: [ template_filter ] --START--
INFO: Run Behavior\ContentReplaceBehavior [ RunTime:0.000255s ]
INFO: [ template_filter ] --END-- [ RunTime:0.000350s ]
INFO: Run Behavior\ParseTemplateBehavior [ RunTime:0.026400s ]
INFO: [ view_parse ] --END-- [ RunTime:0.026486s ]
INFO: [ view_filter ] --START--
INFO: Run Behavior\WriteHtmlCacheBehavior [ RunTime:0.000797s ]
INFO: [ view_filter ] --END-- [ RunTime:0.000870s ]
INFO: [ app_end ] --START--
INFO: Run Behavior\ShowPageTraceBehavior [ RunTime:0.001670s ]
INFO: [ app_end ] --END-- [ RunTime:0.001757s ]

[ 2015-01-07T16:34:40+08:00 ] 127.0.0.1 /index.php?s=/Student/setting/setInfo.html
INFO: [ view_parse ] --START--
INFO: [ template_filter ] --START--
INFO: Run Behavior\ContentReplaceBehavior [ RunTime:0.000389s ]
INFO: [ template_filter ] --END-- [ RunTime:0.000475s ]
NOTIC: [8] Undefined variable: studentInfo D:\Development\Server\apache2.2.22\htdocs\newtrainingsys\Runtime\Cache\Student\555e4d67099ef5f26cf62a7a7d77642c.php 第 197 行.
NOTIC: [8] Undefined variable: studentInfo D:\Development\Server\apache2.2.22\htdocs\newtrainingsys\Runtime\Cache\Student\555e4d67099ef5f26cf62a7a7d77642c.php 第 208 行.
NOTIC: [8] Undefined variable: studentInfo D:\Development\Server\apache2.2.22\htdocs\newtrainingsys\Runtime\Cache\Student\555e4d67099ef5f26cf62a7a7d77642c.php 第 211 行.
NOTIC: [8] Undefined variable: studentInfo D:\Development\Server\apache2.2.22\htdocs\newtrainingsys\Runtime\Cache\Student\555e4d67099ef5f26cf62a7a7d77642c.php 第 223 行.
NOTIC: [8] Undefined variable: studentInfo D:\Development\Server\apache2.2.22\htdocs\newtrainingsys\Runtime\Cache\Student\555e4d67099ef5f26cf62a7a7d77642c.php 第 232 行.
NOTIC: [8] Undefined variable: studentInfo D:\Development\Server\apache2.2.22\htdocs\newtrainingsys\Runtime\Cache\Student\555e4d67099ef5f26cf62a7a7d77642c.php 第 243 行.
NOTIC: [8] Undefined variable: studentInfo D:\Development\Server\apache2.2.22\htdocs\newtrainingsys\Runtime\Cache\Student\555e4d67099ef5f26cf62a7a7d77642c.php 第 254 行.
NOTIC: [8] Undefined variable: studentInfo D:\Development\Server\apache2.2.22\htdocs\newtrainingsys\Runtime\Cache\Student\555e4d67099ef5f26cf62a7a7d77642c.php 第 266 行.
NOTIC: [8] Undefined variable: studentInfo D:\Development\Server\apache2.2.22\htdocs\newtrainingsys\Runtime\Cache\Student\555e4d67099ef5f26cf62a7a7d77642c.php 第 279 行.
NOTIC: [8] Undefined variable: studentInfo D:\Development\Server\apache2.2.22\htdocs\newtrainingsys\Runtime\Cache\Student\555e4d67099ef5f26cf62a7a7d77642c.php 第 291 行.
NOTIC: [8] Undefined variable: studentInfo D:\Development\Server\apache2.2.22\htdocs\newtrainingsys\Runtime\Cache\Student\555e4d67099ef5f26cf62a7a7d77642c.php 第 302 行.
NOTIC: [8] Undefined variable: studentInfo D:\Development\Server\apache2.2.22\htdocs\newtrainingsys\Runtime\Cache\Student\555e4d67099ef5f26cf62a7a7d77642c.php 第 314 行.
NOTIC: [8] Undefined variable: provinceInfo D:\Development\Server\apache2.2.22\htdocs\newtrainingsys\Runtime\Cache\Student\555e4d67099ef5f26cf62a7a7d77642c.php 第 331 行.
NOTIC: [8] Undefined variable: currentCity D:\Development\Server\apache2.2.22\htdocs\newtrainingsys\Runtime\Cache\Student\555e4d67099ef5f26cf62a7a7d77642c.php 第 350 行.
NOTIC: [8] Undefined variable: currentCity D:\Development\Server\apache2.2.22\htdocs\newtrainingsys\Runtime\Cache\Student\555e4d67099ef5f26cf62a7a7d77642c.php 第 350 行.
NOTIC: [8] Undefined variable: cityInfo D:\Development\Server\apache2.2.22\htdocs\newtrainingsys\Runtime\Cache\Student\555e4d67099ef5f26cf62a7a7d77642c.php 第 352 行.
NOTIC: [8] Undefined variable: studentInfo D:\Development\Server\apache2.2.22\htdocs\newtrainingsys\Runtime\Cache\Student\555e4d67099ef5f26cf62a7a7d77642c.php 第 368 行.
NOTIC: [8] Undefined variable: schoolInfo D:\Development\Server\apache2.2.22\htdocs\newtrainingsys\Runtime\Cache\Student\555e4d67099ef5f26cf62a7a7d77642c.php 第 374 行.
NOTIC: [8] Undefined variable: studentInfo D:\Development\Server\apache2.2.22\htdocs\newtrainingsys\Runtime\Cache\Student\555e4d67099ef5f26cf62a7a7d77642c.php 第 390 行.
NOTIC: [8] Undefined variable: currentdepartment D:\Development\Server\apache2.2.22\htdocs\newtrainingsys\Runtime\Cache\Student\555e4d67099ef5f26cf62a7a7d77642c.php 第 395 行.
NOTIC: [8] Undefined variable: departmentInfo D:\Development\Server\apache2.2.22\htdocs\newtrainingsys\Runtime\Cache\Student\555e4d67099ef5f26cf62a7a7d77642c.php 第 397 行.
NOTIC: [8] Undefined variable: studentInfo D:\Development\Server\apache2.2.22\htdocs\newtrainingsys\Runtime\Cache\Student\555e4d67099ef5f26cf62a7a7d77642c.php 第 413 行.
NOTIC: [8] Undefined variable: professionInfo D:\Development\Server\apache2.2.22\htdocs\newtrainingsys\Runtime\Cache\Student\555e4d67099ef5f26cf62a7a7d77642c.php 第 417 行.
INFO: Run Behavior\ParseTemplateBehavior [ RunTime:0.041744s ]
INFO: [ view_parse ] --END-- [ RunTime:0.042550s ]
INFO: [ view_filter ] --START--
INFO: Run Behavior\WriteHtmlCacheBehavior [ RunTime:0.000800s ]
INFO: [ view_filter ] --END-- [ RunTime:0.000865s ]
INFO: [ app_end ] --START--
INFO: Run Behavior\ShowPageTraceBehavior [ RunTime:0.003705s ]
INFO: [ app_end ] --END-- [ RunTime:0.003907s ]

[ 2015-01-07T16:44:24+08:00 ] 127.0.0.1 /index.php?s=/Student/setting/setInfo.html
INFO: [ view_parse ] --START--
INFO: [ template_filter ] --START--
INFO: Run Behavior\ContentReplaceBehavior [ RunTime:0.000400s ]
INFO: [ template_filter ] --END-- [ RunTime:0.000491s ]
NOTIC: [8] Undefined variable: studentInfo D:\Development\Server\apache2.2.22\htdocs\newtrainingsys\Runtime\Cache\Student\555e4d67099ef5f26cf62a7a7d77642c.php 第 197 行.
NOTIC: [8] Undefined variable: studentInfo D:\Development\Server\apache2.2.22\htdocs\newtrainingsys\Runtime\Cache\Student\555e4d67099ef5f26cf62a7a7d77642c.php 第 208 行.
NOTIC: [8] Undefined variable: studentInfo D:\Development\Server\apache2.2.22\htdocs\newtrainingsys\Runtime\Cache\Student\555e4d67099ef5f26cf62a7a7d77642c.php 第 211 行.
NOTIC: [8] Undefined variable: studentInfo D:\Development\Server\apache2.2.22\htdocs\newtrainingsys\Runtime\Cache\Student\555e4d67099ef5f26cf62a7a7d77642c.php 第 223 行.
NOTIC: [8] Undefined variable: studentInfo D:\Development\Server\apache2.2.22\htdocs\newtrainingsys\Runtime\Cache\Student\555e4d67099ef5f26cf62a7a7d77642c.php 第 232 行.
NOTIC: [8] Undefined variable: studentInfo D:\Development\Server\apache2.2.22\htdocs\newtrainingsys\Runtime\Cache\Student\555e4d67099ef5f26cf62a7a7d77642c.php 第 243 行.
NOTIC: [8] Undefined variable: studentInfo D:\Development\Server\apache2.2.22\htdocs\newtrainingsys\Runtime\Cache\Student\555e4d67099ef5f26cf62a7a7d77642c.php 第 254 行.
NOTIC: [8] Undefined variable: studentInfo D:\Development\Server\apache2.2.22\htdocs\newtrainingsys\Runtime\Cache\Student\555e4d67099ef5f26cf62a7a7d77642c.php 第 266 行.
NOTIC: [8] Undefined variable: studentInfo D:\Development\Server\apache2.2.22\htdocs\newtrainingsys\Runtime\Cache\Student\555e4d67099ef5f26cf62a7a7d77642c.php 第 279 行.
NOTIC: [8] Undefined variable: studentInfo D:\Development\Server\apache2.2.22\htdocs\newtrainingsys\Runtime\Cache\Student\555e4d67099ef5f26cf62a7a7d77642c.php 第 291 行.
NOTIC: [8] Undefined variable: studentInfo D:\Development\Server\apache2.2.22\htdocs\newtrainingsys\Runtime\Cache\Student\555e4d67099ef5f26cf62a7a7d77642c.php 第 302 行.
NOTIC: [8] Undefined variable: studentInfo D:\Development\Server\apache2.2.22\htdocs\newtrainingsys\Runtime\Cache\Student\555e4d67099ef5f26cf62a7a7d77642c.php 第 314 行.
NOTIC: [8] Undefined variable: provinceInfo D:\Development\Server\apache2.2.22\htdocs\newtrainingsys\Runtime\Cache\Student\555e4d67099ef5f26cf62a7a7d77642c.php 第 331 行.
NOTIC: [8] Undefined variable: currentCity D:\Development\Server\apache2.2.22\htdocs\newtrainingsys\Runtime\Cache\Student\555e4d67099ef5f26cf62a7a7d77642c.php 第 350 行.
NOTIC: [8] Undefined variable: currentCity D:\Development\Server\apache2.2.22\htdocs\newtrainingsys\Runtime\Cache\Student\555e4d67099ef5f26cf62a7a7d77642c.php 第 350 行.
NOTIC: [8] Undefined variable: cityInfo D:\Development\Server\apache2.2.22\htdocs\newtrainingsys\Runtime\Cache\Student\555e4d67099ef5f26cf62a7a7d77642c.php 第 352 行.
NOTIC: [8] Undefined variable: studentInfo D:\Development\Server\apache2.2.22\htdocs\newtrainingsys\Runtime\Cache\Student\555e4d67099ef5f26cf62a7a7d77642c.php 第 368 行.
NOTIC: [8] Undefined variable: schoolInfo D:\Development\Server\apache2.2.22\htdocs\newtrainingsys\Runtime\Cache\Student\555e4d67099ef5f26cf62a7a7d77642c.php 第 374 行.
NOTIC: [8] Undefined variable: studentInfo D:\Development\Server\apache2.2.22\htdocs\newtrainingsys\Runtime\Cache\Student\555e4d67099ef5f26cf62a7a7d77642c.php 第 390 行.
NOTIC: [8] Undefined variable: currentdepartment D:\Development\Server\apache2.2.22\htdocs\newtrainingsys\Runtime\Cache\Student\555e4d67099ef5f26cf62a7a7d77642c.php 第 395 行.
NOTIC: [8] Undefined variable: departmentInfo D:\Development\Server\apache2.2.22\htdocs\newtrainingsys\Runtime\Cache\Student\555e4d67099ef5f26cf62a7a7d77642c.php 第 397 行.
NOTIC: [8] Undefined variable: studentInfo D:\Development\Server\apache2.2.22\htdocs\newtrainingsys\Runtime\Cache\Student\555e4d67099ef5f26cf62a7a7d77642c.php 第 413 行.
NOTIC: [8] Undefined variable: professionInfo D:\Development\Server\apache2.2.22\htdocs\newtrainingsys\Runtime\Cache\Student\555e4d67099ef5f26cf62a7a7d77642c.php 第 417 行.
INFO: Run Behavior\ParseTemplateBehavior [ RunTime:0.038617s ]
INFO: [ view_parse ] --END-- [ RunTime:0.042639s ]
INFO: [ view_filter ] --START--
INFO: Run Behavior\WriteHtmlCacheBehavior [ RunTime:0.000965s ]
INFO: [ view_filter ] --END-- [ RunTime:0.001059s ]
INFO: [ app_end ] --START--
INFO: Run Behavior\ShowPageTraceBehavior [ RunTime:0.001726s ]
INFO: [ app_end ] --END-- [ RunTime:0.001815s ]

[ 2015-01-07T16:44:33+08:00 ] 127.0.0.1 /index.php?s=/Student/Setting/setInfo.html
INFO: [ view_parse ] --START--
INFO: [ template_filter ] --START--
INFO: Run Behavior\ContentReplaceBehavior [ RunTime:0.000443s ]
INFO: [ template_filter ] --END-- [ RunTime:0.000530s ]
NOTIC: [8] Undefined variable: studentInfo D:\Development\Server\apache2.2.22\htdocs\newtrainingsys\Runtime\Cache\Student\555e4d67099ef5f26cf62a7a7d77642c.php 第 197 行.
NOTIC: [8] Undefined variable: studentInfo D:\Development\Server\apache2.2.22\htdocs\newtrainingsys\Runtime\Cache\Student\555e4d67099ef5f26cf62a7a7d77642c.php 第 208 行.
NOTIC: [8] Undefined variable: studentInfo D:\Development\Server\apache2.2.22\htdocs\newtrainingsys\Runtime\Cache\Student\555e4d67099ef5f26cf62a7a7d77642c.php 第 211 行.
NOTIC: [8] Undefined variable: studentInfo D:\Development\Server\apache2.2.22\htdocs\newtrainingsys\Runtime\Cache\Student\555e4d67099ef5f26cf62a7a7d77642c.php 第 223 行.
NOTIC: [8] Undefined variable: studentInfo D:\Development\Server\apache2.2.22\htdocs\newtrainingsys\Runtime\Cache\Student\555e4d67099ef5f26cf62a7a7d77642c.php 第 232 行.
NOTIC: [8] Undefined variable: studentInfo D:\Development\Server\apache2.2.22\htdocs\newtrainingsys\Runtime\Cache\Student\555e4d67099ef5f26cf62a7a7d77642c.php 第 243 行.
NOTIC: [8] Undefined variable: studentInfo D:\Development\Server\apache2.2.22\htdocs\newtrainingsys\Runtime\Cache\Student\555e4d67099ef5f26cf62a7a7d77642c.php 第 254 行.
NOTIC: [8] Undefined variable: studentInfo D:\Development\Server\apache2.2.22\htdocs\newtrainingsys\Runtime\Cache\Student\555e4d67099ef5f26cf62a7a7d77642c.php 第 266 行.
NOTIC: [8] Undefined variable: studentInfo D:\Development\Server\apache2.2.22\htdocs\newtrainingsys\Runtime\Cache\Student\555e4d67099ef5f26cf62a7a7d77642c.php 第 279 行.
NOTIC: [8] Undefined variable: studentInfo D:\Development\Server\apache2.2.22\htdocs\newtrainingsys\Runtime\Cache\Student\555e4d67099ef5f26cf62a7a7d77642c.php 第 291 行.
NOTIC: [8] Undefined variable: studentInfo D:\Development\Server\apache2.2.22\htdocs\newtrainingsys\Runtime\Cache\Student\555e4d67099ef5f26cf62a7a7d77642c.php 第 302 行.
NOTIC: [8] Undefined variable: studentInfo D:\Development\Server\apache2.2.22\htdocs\newtrainingsys\Runtime\Cache\Student\555e4d67099ef5f26cf62a7a7d77642c.php 第 314 行.
NOTIC: [8] Undefined variable: provinceInfo D:\Development\Server\apache2.2.22\htdocs\newtrainingsys\Runtime\Cache\Student\555e4d67099ef5f26cf62a7a7d77642c.php 第 331 行.
NOTIC: [8] Undefined variable: currentCity D:\Development\Server\apache2.2.22\htdocs\newtrainingsys\Runtime\Cache\Student\555e4d67099ef5f26cf62a7a7d77642c.php 第 350 行.
NOTIC: [8] Undefined variable: currentCity D:\Development\Server\apache2.2.22\htdocs\newtrainingsys\Runtime\Cache\Student\555e4d67099ef5f26cf62a7a7d77642c.php 第 350 行.
NOTIC: [8] Undefined variable: cityInfo D:\Development\Server\apache2.2.22\htdocs\newtrainingsys\Runtime\Cache\Student\555e4d67099ef5f26cf62a7a7d77642c.php 第 352 行.
NOTIC: [8] Undefined variable: studentInfo D:\Development\Server\apache2.2.22\htdocs\newtrainingsys\Runtime\Cache\Student\555e4d67099ef5f26cf62a7a7d77642c.php 第 368 行.
NOTIC: [8] Undefined variable: schoolInfo D:\Development\Server\apache2.2.22\htdocs\newtrainingsys\Runtime\Cache\Student\555e4d67099ef5f26cf62a7a7d77642c.php 第 374 行.
NOTIC: [8] Undefined variable: studentInfo D:\Development\Server\apache2.2.22\htdocs\newtrainingsys\Runtime\Cache\Student\555e4d67099ef5f26cf62a7a7d77642c.php 第 390 行.
NOTIC: [8] Undefined variable: currentdepartment D:\Development\Server\apache2.2.22\htdocs\newtrainingsys\Runtime\Cache\Student\555e4d67099ef5f26cf62a7a7d77642c.php 第 395 行.
NOTIC: [8] Undefined variable: departmentInfo D:\Development\Server\apache2.2.22\htdocs\newtrainingsys\Runtime\Cache\Student\555e4d67099ef5f26cf62a7a7d77642c.php 第 397 行.
NOTIC: [8] Undefined variable: studentInfo D:\Development\Server\apache2.2.22\htdocs\newtrainingsys\Runtime\Cache\Student\555e4d67099ef5f26cf62a7a7d77642c.php 第 413 行.
NOTIC: [8] Undefined variable: professionInfo D:\Development\Server\apache2.2.22\htdocs\newtrainingsys\Runtime\Cache\Student\555e4d67099ef5f26cf62a7a7d77642c.php 第 417 行.
INFO: Run Behavior\ParseTemplateBehavior [ RunTime:0.036932s ]
INFO: [ view_parse ] --END-- [ RunTime:0.037653s ]
INFO: [ view_filter ] --START--
INFO: Run Behavior\WriteHtmlCacheBehavior [ RunTime:0.000772s ]
INFO: [ view_filter ] --END-- [ RunTime:0.000837s ]
INFO: [ app_end ] --START--
INFO: Run Behavior\ShowPageTraceBehavior [ RunTime:0.001775s ]
INFO: [ app_end ] --END-- [ RunTime:0.001976s ]

