[ 2015-01-05T16:19:41+08:00 ] 127.0.0.1 /index.php?s=/Teacher/Course/getVideos.html&cid=43
INFO: [ app_begin ] --START--
INFO: Run Behavior\ReadHtmlCacheBehavior [ RunTime:0.001285s ]
INFO: [ app_begin ] --END-- [ RunTime:0.001905s ]
NOTIC: [2048] Declaration of Teacher\Controller\CourseController::delete() should be compatible with Teacher\Controller\TeacherController::delete($model, $where = Array, $msg = Array) D:\Development\Server\apache2.2.22\htdocs\newtrainingsys\Application\Teacher\Controller\CourseController.class.php 第 15 行.
SQL: SHOW COLUMNS FROM `wg_course_videos` [ RunTime:0.0076s ]
SQL: SELECT COUNT(id) AS tp_Count FROM `wg_course_videos` WHERE `cid` = 43 AND `status` IN (0,1) LIMIT 1   [ RunTime:0.0004s ]
SQL: SELECT `id`,`title`,`status`,`length`,`create_time` FROM `wg_course_videos` WHERE `cid` = 43 AND `status` IN (0,1) ORDER BY seq DESC LIMIT 0,1   [ RunTime:0.0006s ]

[ 2015-01-05T16:19:41+08:00 ] 127.0.0.1 /index.php?s=/Teacher/Course/getPage.html&cid=43
INFO: [ app_begin ] --START--
INFO: Run Behavior\ReadHtmlCacheBehavior [ RunTime:0.001092s ]
INFO: [ app_begin ] --END-- [ RunTime:0.003021s ]
NOTIC: [2048] Declaration of Teacher\Controller\CourseController::delete() should be compatible with Teacher\Controller\TeacherController::delete($model, $where = Array, $msg = Array) D:\Development\Server\apache2.2.22\htdocs\newtrainingsys\Application\Teacher\Controller\CourseController.class.php 第 15 行.
SQL: SHOW COLUMNS FROM `wg_course_videos` [ RunTime:0.0073s ]
SQL: SELECT COUNT(id) AS tp_Count FROM `wg_course_videos` WHERE `cid` = 43 AND `status` IN (0,1) LIMIT 1   [ RunTime:0.0005s ]

[ 2015-01-05T16:19:59+08:00 ] 127.0.0.1 /index.php?s=/Teacher/Course/getVideos.html&cid=43
INFO: [ app_begin ] --START--
INFO: Run Behavior\ReadHtmlCacheBehavior [ RunTime:0.001970s ]
INFO: [ app_begin ] --END-- [ RunTime:0.003035s ]
NOTIC: [2048] Declaration of Teacher\Controller\CourseController::delete() should be compatible with Teacher\Controller\TeacherController::delete($model, $where = Array, $msg = Array) D:\Development\Server\apache2.2.22\htdocs\newtrainingsys\Application\Teacher\Controller\CourseController.class.php 第 15 行.
SQL: SHOW COLUMNS FROM `wg_course_videos` [ RunTime:0.0044s ]
SQL: SELECT COUNT(id) AS tp_Count FROM `wg_course_videos` WHERE `cid` = 43 AND `status` IN (0,1) LIMIT 1   [ RunTime:0.0019s ]
SQL: SELECT `id`,`title`,`status`,`length`,`create_time` FROM `wg_course_videos` WHERE `cid` = 43 AND `status` IN (0,1) ORDER BY seq DESC LIMIT 0,1   [ RunTime:0.0005s ]

[ 2015-01-05T16:20:00+08:00 ] 127.0.0.1 /index.php?s=/Teacher/Course/getPage.html&cid=43
INFO: [ app_begin ] --START--
INFO: Run Behavior\ReadHtmlCacheBehavior [ RunTime:0.001372s ]
INFO: [ app_begin ] --END-- [ RunTime:0.001992s ]
NOTIC: [2048] Declaration of Teacher\Controller\CourseController::delete() should be compatible with Teacher\Controller\TeacherController::delete($model, $where = Array, $msg = Array) D:\Development\Server\apache2.2.22\htdocs\newtrainingsys\Application\Teacher\Controller\CourseController.class.php 第 15 行.
SQL: SHOW COLUMNS FROM `wg_course_videos` [ RunTime:0.0056s ]
SQL: SELECT COUNT(id) AS tp_Count FROM `wg_course_videos` WHERE `cid` = 43 AND `status` IN (0,1) LIMIT 1   [ RunTime:0.0004s ]

